Log file open, 04/27/20 11:17:36
LogWindows: Failed to load 'aqProf.dll' (GetLastError=126)
LogWindows: File 'aqProf.dll' does not exist
LogWindows: Failed to load 'VtuneApi.dll' (GetLastError=126)
LogWindows: File 'VtuneApi.dll' does not exist
LogWindows: Failed to load 'VtuneApi32e.dll' (GetLastError=126)
LogWindows: File 'VtuneApi32e.dll' does not exist
LogConsoleResponse: Display: Failed to find resolution value strings in scalability ini. Falling back to default.
LogInit: Display: Running engine for game: SPACENESS
LogPlatformFile: Not using cached read wrapper
LogTaskGraph: Started task graph with 5 named threads and 11 total threads with 3 sets of task threads.
LogStats: Stats thread started at 5.413379
LogD3D11RHI: Loaded GFSDK_Aftermath_Lib.x64.dll
LogICUInternationalization: ICU TimeZone Detection - Raw Offset: +3:00, Platform Override: ''
LogPluginManager: Mounting plugin Paper2D
LogPluginManager: Mounting plugin AISupport
LogPluginManager: Mounting plugin LightPropagationVolume
LogPluginManager: Mounting plugin ActorLayerUtilities
LogPluginManager: Mounting plugin AnimationSharing
LogPluginManager: Mounting plugin CLionSourceCodeAccess
LogPluginManager: Mounting plugin CodeLiteSourceCodeAccess
LogPluginManager: Mounting plugin GitSourceControl
LogPluginManager: Mounting plugin KDevelopSourceCodeAccess
LogPluginManager: Mounting plugin NullSourceCodeAccess
LogPluginManager: Mounting plugin PerforceSourceControl
LogPluginManager: Mounting plugin SubversionSourceControl
LogPluginManager: Mounting plugin UObjectPlugin
LogPluginManager: Mounting plugin VisualStudioCodeSourceCodeAccess
LogPluginManager: Mounting plugin VisualStudioSourceCodeAccess
LogPluginManager: Mounting plugin XCodeSourceCodeAccess
LogPluginManager: Mounting plugin AssetManagerEditor
LogPluginManager: Mounting plugin CryptoKeys
LogPluginManager: Mounting plugin CurveEditorTools
LogPluginManager: Mounting plugin DataValidation
LogPluginManager: Mounting plugin FacialAnimation
LogPluginManager: Mounting plugin GameplayTagsEditor
LogPluginManager: Mounting plugin MacGraphicsSwitching
LogPluginManager: Mounting plugin MaterialAnalyzer
LogPluginManager: Mounting plugin MobileLauncherProfileWizard
LogPluginManager: Mounting plugin PluginBrowser
LogPluginManager: Mounting plugin SpeedTreeImporter
LogPluginManager: Mounting plugin DatasmithContent
LogPluginManager: Mounting plugin VariantManagerContent
LogPluginManager: Mounting plugin AlembicImporter
LogPluginManager: Mounting plugin AutomationUtils
LogPluginManager: Mounting plugin BackChannel
LogPluginManager: Mounting plugin CharacterAI
LogPluginManager: Mounting plugin GeometryCache
LogPluginManager: Mounting plugin HTML5Networking
LogPluginManager: Mounting plugin PlatformCrypto
LogPluginManager: Mounting plugin ProxyLODPlugin
LogPluginManager: Mounting plugin SkeletalReduction
LogPluginManager: Mounting plugin Niagara
LogPluginManager: Mounting plugin MagicLeap
LogPluginManager: Mounting plugin MagicLeapMedia
LogPluginManager: Mounting plugin AndroidMedia
LogPluginManager: Mounting plugin AvfMedia
LogPluginManager: Mounting plugin ImgMedia
LogPluginManager: Mounting plugin MediaCompositing
LogPluginManager: Mounting plugin MediaPlayerEditor
LogPluginManager: Mounting plugin WebMMedia
LogPluginManager: Mounting plugin WmfMedia
LogPluginManager: Mounting plugin TcpMessaging
LogPluginManager: Mounting plugin UdpMessaging
LogPluginManager: Mounting plugin ActorSequence
LogPluginManager: Mounting plugin LevelSequenceEditor
LogPluginManager: Mounting plugin MatineeToLevelSequence
LogPluginManager: Mounting plugin NetcodeUnitTest
LogPluginManager: Mounting plugin NUTUnrealEngine4
LogPluginManager: Mounting plugin OnlineSubsystemGooglePlay
LogPluginManager: Mounting plugin OnlineSubsystemIOS
LogPluginManager: Mounting plugin OnlineSubsystem
LogPluginManager: Mounting plugin OnlineSubsystemNull
LogPluginManager: Mounting plugin OnlineSubsystemUtils
LogPluginManager: Mounting plugin LauncherChunkInstaller
LogPluginManager: Mounting plugin AndroidDeviceProfileSelector
LogPluginManager: Mounting plugin AndroidMoviePlayer
LogPluginManager: Mounting plugin AndroidPermission
LogPluginManager: Mounting plugin AppleImageUtils
LogPluginManager: Mounting plugin AppleMoviePlayer
LogPluginManager: Mounting plugin ArchVisCharacter
LogPluginManager: Mounting plugin AudioCapture
LogPluginManager: Mounting plugin CableComponent
LogPluginManager: Mounting plugin CustomMeshComponent
LogPluginManager: Mounting plugin EditableMesh
LogPluginManager: Mounting plugin ExampleDeviceProfileSelector
LogPluginManager: Mounting plugin GoogleCloudMessaging
LogPluginManager: Mounting plugin IOSDeviceProfileSelector
LogPluginManager: Mounting plugin LinuxDeviceProfileSelector
LogPluginManager: Mounting plugin LocationServicesBPLibrary
LogPluginManager: Mounting plugin MobilePatchingUtils
LogPluginManager: Mounting plugin OculusVR
LogPluginManager: Mounting plugin PhysXVehicles
LogPluginManager: Mounting plugin ProceduralMeshComponent
LogPluginManager: Mounting plugin RuntimePhysXCooking
LogPluginManager: Mounting plugin SignificanceManager
LogPluginManager: Mounting plugin SteamVR
LogPluginManager: Mounting plugin WebMMoviePlayer
LogPluginManager: Mounting plugin WindowsMoviePlayer
LogPluginManager: Mounting plugin ScreenshotTools
LogInit: Using libcurl 7.55.1-DEV
LogInit:  - built for x86_64-pc-win32
LogInit:  - supports SSL with OpenSSL/1.1.1
LogInit:  - supports HTTP deflate (compression) using libz 1.2.8
LogInit:  - other features:
LogInit:      CURL_VERSION_SSL
LogInit:      CURL_VERSION_LIBZ
LogInit:      CURL_VERSION_IPV6
LogInit:      CURL_VERSION_ASYNCHDNS
LogInit:      CURL_VERSION_LARGEFILE
LogInit:      CURL_VERSION_IDN
LogInit:  CurlRequestOptions (configurable via config and command line):
LogInit:  - bVerifyPeer = true  - Libcurl will verify peer certificate
LogInit:  - bUseHttpProxy = false  - Libcurl will NOT use HTTP proxy
LogInit:  - bDontReuseConnections = false  - Libcurl will reuse connections
LogInit:  - MaxHostConnections = 16  - Libcurl will limit the number of connections to a host
LogInit:  - LocalHostAddr = Default
LogInit:  - BufferSize = 65536
LogOnline: OSS: Creating online subsystem instance for: NULL
LogInit: WinSock: version 1.1 (2.2), MaxSocks=32767, MaxUdp=65467
LogInit: Build: ++UE4+Release-4.23-CL-9631420
LogInit: Engine Version: 4.23.1-9631420+++UE4+Release-4.23
LogInit: Compatible Engine Version: 4.23.0-8386587+++UE4+Release-4.23
LogInit: Net CL: 8386587
LogInit: OS: Windows 10 (Release 1903) (), CPU: Intel(R) Core(TM) i5-7200U CPU @ 2.50GHz, GPU: Intel(R) HD Graphics 620
LogInit: Compiled (64-bit): Oct 18 2019 02:07:44
LogInit: Compiled with Visual C++: 19.16.27030.01
LogInit: Build Configuration: Development
LogInit: Branch Name: ++UE4+Release-4.23
LogInit: Command Line: 
LogInit: Base Directory: D:/UE_4.23/Engine/Binaries/Win64/
LogInit: Installed Engine Build: 1
LogDevObjectVersion: Number of dev versions registered: 23
LogDevObjectVersion:   Dev-Blueprints (B0D832E4-1F89-4F0D-ACCF-7EB736FD4AA2): 10
LogDevObjectVersion:   Dev-Build (E1C64328-A22C-4D53-A36C-8E866417BD8C): 0
LogDevObjectVersion:   Dev-Core (375EC13C-06E4-48FB-B500-84F0262A717E): 3
LogDevObjectVersion:   Dev-Editor (E4B068ED-F494-42E9-A231-DA0B2E46BB41): 34
LogDevObjectVersion:   Dev-Framework (CFFC743F-43B0-4480-9391-14DF171D2073): 35
LogDevObjectVersion:   Dev-Mobile (B02B49B5-BB20-44E9-A304-32B752E40360): 2
LogDevObjectVersion:   Dev-Networking (A4E4105C-59A1-49B5-A7C5-40C4547EDFEE): 0
LogDevObjectVersion:   Dev-Online (39C831C9-5AE6-47DC-9A44-9C173E1C8E7C): 0
LogDevObjectVersion:   Dev-Physics (78F01B33-EBEA-4F98-B9B4-84EACCB95AA2): 0
LogDevObjectVersion:   Dev-Platform (6631380F-2D4D-43E0-8009-CF276956A95A): 0
LogDevObjectVersion:   Dev-Rendering (12F88B9F-8875-4AFC-A67C-D90C383ABD29): 31
LogDevObjectVersion:   Dev-Sequencer (7B5AE74C-D270-4C10-A958-57980B212A5A): 11
LogDevObjectVersion:   Dev-VR (D7296918-1DD6-4BDD-9DE2-64A83CC13884): 2
LogDevObjectVersion:   Dev-LoadTimes (C2A15278-BFE7-4AFE-6C17-90FF531DF755): 1
LogDevObjectVersion:   Private-Geometry (6EACA3D4-40EC-4CC1-B786-8BED09428FC5): 3
LogDevObjectVersion:   Dev-AnimPhys (29E575DD-E0A3-4627-9D10-D276232CDCEA): 17
LogDevObjectVersion:   Dev-Anim (AF43A65D-7FD3-4947-9873-3E8ED9C1BB05): 2
LogDevObjectVersion:   Dev-ReflectionCapture (6B266CEC-1EC7-4B8F-A30B-E4D90942FC07): 1
LogDevObjectVersion:   Dev-Automation (0DF73D61-A23F-47EA-B727-89E90C41499A): 1
LogDevObjectVersion:   FortniteMain (601D1886-AC64-4F84-AA16-D3DE0DEAC7D6): 27
LogDevObjectVersion:   Dev-Enterprise (9DFFBCD6-494F-0158-E221-12823C92A888): 6
LogDevObjectVersion:   Dev-Niagara (F2AED0AC-9AFE-416F-8664-AA7FFA26D6FC): 1
LogDevObjectVersion:   Dev-Destruction (174F1F0B-B4C6-45A5-B13F-2EE8D0FB917D): 9
LogInit: Presizing for max 16777216 objects, including 0 objects not considered by GC, pre-allocating 0 bytes for permanent pool.
LogInit: Object subsystem initialized
LogConfig: Setting CVar [[con.DebugEarlyDefault:1]]
LogConfig: Setting CVar [[r.setres:1280x720]]
[2020.04.27-08.17.39:745][  0]LogConfig: Setting CVar [[r.VSync:0]]
[2020.04.27-08.17.39:746][  0]LogConfig: Setting CVar [[r.RHICmdBypass:0]]
[2020.04.27-08.17.39:766][  0]LogConfig: Applying CVar settings from Section [/Script/Engine.RendererSettings] File [D:/GitHub/spaceness/spaceness/SPACENESS/Saved/Config/Windows/Engine.ini]
[2020.04.27-08.17.39:766][  0]LogConfig: Setting CVar [[r.GPUCrashDebugging:0]]
[2020.04.27-08.17.39:767][  0]LogConfig: Applying CVar settings from Section [/Script/Engine.RendererOverrideSettings] File [D:/GitHub/spaceness/spaceness/SPACENESS/Saved/Config/Windows/Engine.ini]
[2020.04.27-08.17.39:767][  0]LogConfig: Applying CVar settings from Section [/Script/Engine.StreamingSettings] File [D:/GitHub/spaceness/spaceness/SPACENESS/Saved/Config/Windows/Engine.ini]
[2020.04.27-08.17.39:767][  0]LogConfig: Setting CVar [[s.MinBulkDataSizeForAsyncLoading:131072]]
[2020.04.27-08.17.39:767][  0]LogConfig: Setting CVar [[s.AsyncLoadingThreadEnabled:0]]
[2020.04.27-08.17.39:767][  0]LogConfig: Setting CVar [[s.EventDrivenLoaderEnabled:1]]
[2020.04.27-08.17.39:767][  0]LogConfig: Setting CVar [[s.WarnIfTimeLimitExceeded:0]]
[2020.04.27-08.17.39:767][  0]LogConfig: Setting CVar [[s.TimeLimitExceededMultiplier:1.5]]
[2020.04.27-08.17.39:767][  0]LogConfig: Setting CVar [[s.TimeLimitExceededMinTime:0.005]]
[2020.04.27-08.17.39:767][  0]LogConfig: Setting CVar [[s.UseBackgroundLevelStreaming:1]]
[2020.04.27-08.17.39:767][  0]LogConfig: Setting CVar [[s.PriorityAsyncLoadingExtraTime:15.0]]
[2020.04.27-08.17.39:767][  0]LogConfig: Setting CVar [[s.LevelStreamingActorsUpdateTimeLimit:5.0]]
[2020.04.27-08.17.39:767][  0]LogConfig: Setting CVar [[s.PriorityLevelStreamingActorsUpdateExtraTime:5.0]]
[2020.04.27-08.17.39:767][  0]LogConfig: Setting CVar [[s.LevelStreamingComponentsRegistrationGranularity:10]]
[2020.04.27-08.17.39:767][  0]LogConfig: Setting CVar [[s.UnregisterComponentsTimeLimit:1.0]]
[2020.04.27-08.17.39:767][  0]LogConfig: Setting CVar [[s.LevelStreamingComponentsUnregistrationGranularity:5]]
[2020.04.27-08.17.39:767][  0]LogConfig: Applying CVar settings from Section [/Script/Engine.GarbageCollectionSettings] File [D:/GitHub/spaceness/spaceness/SPACENESS/Saved/Config/Windows/Engine.ini]
[2020.04.27-08.17.39:767][  0]LogConfig: Setting CVar [[gc.MaxObjectsNotConsideredByGC:1]]
[2020.04.27-08.17.39:767][  0]LogConfig: Setting CVar [[gc.SizeOfPermanentObjectPool:0]]
[2020.04.27-08.17.39:767][  0]LogConfig: Setting CVar [[gc.FlushStreamingOnGC:0]]
[2020.04.27-08.17.39:767][  0]LogConfig: Setting CVar [[gc.NumRetriesBeforeForcingGC:10]]
[2020.04.27-08.17.39:767][  0]LogConfig: Setting CVar [[gc.AllowParallelGC:1]]
[2020.04.27-08.17.39:767][  0]LogConfig: Setting CVar [[gc.TimeBetweenPurgingPendingKillObjects:61.1]]
[2020.04.27-08.17.39:767][  0]LogConfig: Setting CVar [[gc.MaxObjectsInEditor:16777216]]
[2020.04.27-08.17.39:767][  0]LogConfig: Setting CVar [[gc.IncrementalBeginDestroyEnabled:1]]
[2020.04.27-08.17.39:767][  0]LogConfig: Setting CVar [[gc.CreateGCClusters:1]]
[2020.04.27-08.17.39:767][  0]LogConfig: Setting CVar [[gc.MinGCClusterSize:5]]
[2020.04.27-08.17.39:767][  0]LogConfig: Setting CVar [[gc.ActorClusteringEnabled:0]]
[2020.04.27-08.17.39:767][  0]LogConfig: Setting CVar [[gc.BlueprintClusteringEnabled:0]]
[2020.04.27-08.17.39:767][  0]LogConfig: Setting CVar [[gc.UseDisregardForGCOnDedicatedServers:0]]
[2020.04.27-08.17.39:767][  0]LogConfig: Applying CVar settings from Section [/Script/Engine.NetworkSettings] File [D:/GitHub/spaceness/spaceness/SPACENESS/Saved/Config/Windows/Engine.ini]
[2020.04.27-08.17.39:767][  0]LogConfig: Applying CVar settings from Section [/Script/UnrealEd.CookerSettings] File [D:/GitHub/spaceness/spaceness/SPACENESS/Saved/Config/Windows/Engine.ini]
[2020.04.27-08.17.39:854][  0]LogConfig: Applying CVar settings from Section [ViewDistanceQuality@3] File [D:/GitHub/spaceness/spaceness/SPACENESS/Saved/Config/Windows/Scalability.ini]
[2020.04.27-08.17.39:854][  0]LogConfig: Setting CVar [[r.SkeletalMeshLODBias:0]]
[2020.04.27-08.17.39:854][  0]LogConfig: Setting CVar [[r.ViewDistanceScale:1.0]]
[2020.04.27-08.17.39:854][  0]LogConfig: Applying CVar settings from Section [AntiAliasingQuality@3] File [D:/GitHub/spaceness/spaceness/SPACENESS/Saved/Config/Windows/Scalability.ini]
[2020.04.27-08.17.39:854][  0]LogConfig: Setting CVar [[r.PostProcessAAQuality:4]]
[2020.04.27-08.17.39:854][  0]LogConfig: Applying CVar settings from Section [ShadowQuality@3] File [D:/GitHub/spaceness/spaceness/SPACENESS/Saved/Config/Windows/Scalability.ini]
[2020.04.27-08.17.39:854][  0]LogConfig: Setting CVar [[r.LightFunctionQuality:1]]
[2020.04.27-08.17.39:854][  0]LogConfig: Setting CVar [[r.ShadowQuality:5]]
[2020.04.27-08.17.39:854][  0]LogConfig: Setting CVar [[r.Shadow.CSM.MaxCascades:10]]
[2020.04.27-08.17.39:855][  0]LogConfig: Setting CVar [[r.Shadow.MaxResolution:2048]]
[2020.04.27-08.17.39:855][  0]LogConfig: Setting CVar [[r.Shadow.MaxCSMResolution:2048]]
[2020.04.27-08.17.39:855][  0]LogConfig: Setting CVar [[r.Shadow.RadiusThreshold:0.01]]
[2020.04.27-08.17.39:855][  0]LogConfig: Setting CVar [[r.Shadow.DistanceScale:1.0]]
[2020.04.27-08.17.39:855][  0]LogConfig: Setting CVar [[r.Shadow.CSM.TransitionScale:1.0]]
[2020.04.27-08.17.39:855][  0]LogConfig: Setting CVar [[r.Shadow.PreShadowResolutionFactor:1.0]]
[2020.04.27-08.17.39:855][  0]LogConfig: Setting CVar [[r.DistanceFieldShadowing:1]]
[2020.04.27-08.17.39:855][  0]LogConfig: Setting CVar [[r.DistanceFieldAO:1]]
[2020.04.27-08.17.39:855][  0]LogConfig: Setting CVar [[r.AOQuality:2]]
[2020.04.27-08.17.39:855][  0]LogConfig: Setting CVar [[r.VolumetricFog:1]]
[2020.04.27-08.17.39:855][  0]LogConfig: Setting CVar [[r.VolumetricFog.GridPixelSize:8]]
[2020.04.27-08.17.39:855][  0]LogConfig: Setting CVar [[r.VolumetricFog.GridSizeZ:128]]
[2020.04.27-08.17.39:855][  0]LogConfig: Setting CVar [[r.VolumetricFog.HistoryMissSupersampleCount:4]]
[2020.04.27-08.17.39:855][  0]LogConfig: Setting CVar [[r.LightMaxDrawDistanceScale:1]]
[2020.04.27-08.17.39:855][  0]LogConfig: Setting CVar [[r.CapsuleShadows:1]]
[2020.04.27-08.17.39:855][  0]LogConfig: Applying CVar settings from Section [PostProcessQuality@3] File [D:/GitHub/spaceness/spaceness/SPACENESS/Saved/Config/Windows/Scalability.ini]
[2020.04.27-08.17.39:855][  0]LogConfig: Setting CVar [[r.MotionBlurQuality:4]]
[2020.04.27-08.17.39:855][  0]LogConfig: Setting CVar [[r.AmbientOcclusionMipLevelFactor:0.4]]
[2020.04.27-08.17.39:855][  0]LogConfig: Setting CVar [[r.AmbientOcclusionMaxQuality:100]]
[2020.04.27-08.17.39:855][  0]LogConfig: Setting CVar [[r.AmbientOcclusionLevels:-1]]
[2020.04.27-08.17.39:855][  0]LogConfig: Setting CVar [[r.AmbientOcclusionRadiusScale:1.0]]
[2020.04.27-08.17.39:855][  0]LogConfig: Setting CVar [[r.DepthOfFieldQuality:2]]
[2020.04.27-08.17.39:855][  0]LogConfig: Setting CVar [[r.RenderTargetPoolMin:400]]
[2020.04.27-08.17.39:855][  0]LogConfig: Setting CVar [[r.LensFlareQuality:2]]
[2020.04.27-08.17.39:855][  0]LogConfig: Setting CVar [[r.SceneColorFringeQuality:1]]
[2020.04.27-08.17.39:855][  0]LogConfig: Setting CVar [[r.EyeAdaptationQuality:2]]
[2020.04.27-08.17.39:855][  0]LogConfig: Setting CVar [[r.BloomQuality:5]]
[2020.04.27-08.17.39:855][  0]LogConfig: Setting CVar [[r.FastBlurThreshold:100]]
[2020.04.27-08.17.39:855][  0]LogConfig: Setting CVar [[r.Upscale.Quality:3]]
[2020.04.27-08.17.39:855][  0]LogConfig: Setting CVar [[r.Tonemapper.GrainQuantization:1]]
[2020.04.27-08.17.39:855][  0]LogConfig: Setting CVar [[r.LightShaftQuality:1]]
[2020.04.27-08.17.39:855][  0]LogConfig: Setting CVar [[r.Filter.SizeScale:1]]
[2020.04.27-08.17.39:855][  0]LogConfig: Setting CVar [[r.Tonemapper.Quality:5]]
[2020.04.27-08.17.39:855][  0]LogConfig: Setting CVar [[r.DOF.Gather.AccumulatorQuality:1        ; higher gathering accumulator quality]]
[2020.04.27-08.17.39:855][  0]LogConfig: Setting CVar [[r.DOF.Gather.PostfilterMethod:1          ; Median3x3 postfilering method]]
[2020.04.27-08.17.39:855][  0]LogConfig: Setting CVar [[r.DOF.Gather.EnableBokehSettings:0       ; no bokeh simulation when gathering]]
[2020.04.27-08.17.39:855][  0]LogConfig: Setting CVar [[r.DOF.Gather.RingCount:4                 ; medium number of samples when gathering]]
[2020.04.27-08.17.39:856][  0]LogConfig: Setting CVar [[r.DOF.Scatter.ForegroundCompositing:1    ; additive foreground scattering]]
[2020.04.27-08.17.39:856][  0]LogConfig: Setting CVar [[r.DOF.Scatter.BackgroundCompositing:2    ; additive background scattering]]
[2020.04.27-08.17.39:856][  0]LogConfig: Setting CVar [[r.DOF.Scatter.EnableBokehSettings:1      ; bokeh simulation when scattering]]
[2020.04.27-08.17.39:856][  0]LogConfig: Setting CVar [[r.DOF.Scatter.MaxSpriteRatio:0.1         ; only a maximum of 10% of scattered bokeh]]
[2020.04.27-08.17.39:856][  0]LogConfig: Setting CVar [[r.DOF.Recombine.Quality:1                ; cheap slight out of focus]]
[2020.04.27-08.17.39:856][  0]LogConfig: Setting CVar [[r.DOF.Recombine.EnableBokehSettings:0    ; no bokeh simulation on slight out of focus]]
[2020.04.27-08.17.39:856][  0]LogConfig: Setting CVar [[r.DOF.TemporalAAQuality:1                ; more stable temporal accumulation]]
[2020.04.27-08.17.39:856][  0]LogConfig: Setting CVar [[r.DOF.Kernel.MaxForegroundRadius:0.025]]
[2020.04.27-08.17.39:856][  0]LogConfig: Setting CVar [[r.DOF.Kernel.MaxBackgroundRadius:0.025]]
[2020.04.27-08.17.39:856][  0]LogConfig: Applying CVar settings from Section [TextureQuality@3] File [D:/GitHub/spaceness/spaceness/SPACENESS/Saved/Config/Windows/Scalability.ini]
[2020.04.27-08.17.39:856][  0]LogConfig: Setting CVar [[r.Streaming.MipBias:0]]
[2020.04.27-08.17.39:856][  0]LogConfig: Setting CVar [[r.Streaming.AmortizeCPUToGPUCopy:0]]
[2020.04.27-08.17.39:856][  0]LogConfig: Setting CVar [[r.Streaming.MaxNumTexturesToStreamPerFrame:0]]
[2020.04.27-08.17.39:856][  0]LogConfig: Setting CVar [[r.Streaming.Boost:1]]
[2020.04.27-08.17.39:856][  0]LogConfig: Setting CVar [[r.MaxAnisotropy:8]]
[2020.04.27-08.17.39:856][  0]LogConfig: Setting CVar [[r.Streaming.LimitPoolSizeToVRAM:0]]
[2020.04.27-08.17.39:856][  0]LogConfig: Setting CVar [[r.Streaming.PoolSize:1000]]
[2020.04.27-08.17.39:856][  0]LogConfig: Setting CVar [[r.Streaming.MaxEffectiveScreenSize:0]]
[2020.04.27-08.17.39:856][  0]LogConfig: Applying CVar settings from Section [EffectsQuality@3] File [D:/GitHub/spaceness/spaceness/SPACENESS/Saved/Config/Windows/Scalability.ini]
[2020.04.27-08.17.39:856][  0]LogConfig: Setting CVar [[r.TranslucencyLightingVolumeDim:64]]
[2020.04.27-08.17.39:856][  0]LogConfig: Setting CVar [[r.RefractionQuality:2]]
[2020.04.27-08.17.39:856][  0]LogConfig: Setting CVar [[r.SSR.Quality:3]]
[2020.04.27-08.17.39:856][  0]LogConfig: Setting CVar [[r.SceneColorFormat:4]]
[2020.04.27-08.17.39:856][  0]LogConfig: Setting CVar [[r.DetailMode:2]]
[2020.04.27-08.17.39:856][  0]LogConfig: Setting CVar [[r.TranslucencyVolumeBlur:1]]
[2020.04.27-08.17.39:856][  0]LogConfig: Setting CVar [[r.MaterialQualityLevel:1 ; High quality]]
[2020.04.27-08.17.39:856][  0]LogConfig: Setting CVar [[r.SSS.Scale:1]]
[2020.04.27-08.17.39:856][  0]LogConfig: Setting CVar [[r.SSS.SampleSet:2]]
[2020.04.27-08.17.39:856][  0]LogConfig: Setting CVar [[r.SSS.Quality:1]]
[2020.04.27-08.17.39:856][  0]LogConfig: Setting CVar [[r.SSS.HalfRes:1]]
[2020.04.27-08.17.39:856][  0]LogConfig: Setting CVar [[r.EmitterSpawnRateScale:1.0]]
[2020.04.27-08.17.39:856][  0]LogConfig: Setting CVar [[r.ParticleLightQuality:2]]
[2020.04.27-08.17.39:856][  0]LogConfig: Applying CVar settings from Section [FoliageQuality@3] File [D:/GitHub/spaceness/spaceness/SPACENESS/Saved/Config/Windows/Scalability.ini]
[2020.04.27-08.17.39:856][  0]LogConfig: Setting CVar [[foliage.DensityScale:1.0]]
[2020.04.27-08.17.39:856][  0]LogConfig: Setting CVar [[grass.DensityScale:1.0]]
[2020.04.27-08.17.39:871][  0]LogInit: Selected Device Profile: [Windows]
[2020.04.27-08.17.39:880][  0]LogInit: Applying CVar settings loaded from the selected device profile: [Windows]
[2020.04.27-08.17.39:914][  0]LogHAL: Display: Platform has ~ 6 GB [6304272384 / 8589934592 / 6], which maps to Smaller [LargestMinGB=32, LargerMinGB=12, DefaultMinGB=8, SmallerMinGB=6, SmallestMinGB=0)
[2020.04.27-08.17.39:914][  0]LogInit: Going up to parent DeviceProfile []
[2020.04.27-08.17.39:915][  0]LogConfig: Applying CVar settings from Section [ViewDistanceQuality@3] File [D:/GitHub/spaceness/spaceness/SPACENESS/Saved/Config/Windows/Scalability.ini]
[2020.04.27-08.17.39:915][  0]LogConfig: Setting CVar [[r.SkeletalMeshLODBias:0]]
[2020.04.27-08.17.39:915][  0]LogConfig: Setting CVar [[r.ViewDistanceScale:1.0]]
[2020.04.27-08.17.39:915][  0]LogConfig: Applying CVar settings from Section [AntiAliasingQuality@3] File [D:/GitHub/spaceness/spaceness/SPACENESS/Saved/Config/Windows/Scalability.ini]
[2020.04.27-08.17.39:915][  0]LogConfig: Setting CVar [[r.PostProcessAAQuality:4]]
[2020.04.27-08.17.39:915][  0]LogConfig: Applying CVar settings from Section [ShadowQuality@3] File [D:/GitHub/spaceness/spaceness/SPACENESS/Saved/Config/Windows/Scalability.ini]
[2020.04.27-08.17.39:915][  0]LogConfig: Setting CVar [[r.LightFunctionQuality:1]]
[2020.04.27-08.17.39:915][  0]LogConfig: Setting CVar [[r.ShadowQuality:5]]
[2020.04.27-08.17.39:915][  0]LogConfig: Setting CVar [[r.Shadow.CSM.MaxCascades:10]]
[2020.04.27-08.17.39:915][  0]LogConfig: Setting CVar [[r.Shadow.MaxResolution:2048]]
[2020.04.27-08.17.39:915][  0]LogConfig: Setting CVar [[r.Shadow.MaxCSMResolution:2048]]
[2020.04.27-08.17.39:915][  0]LogConfig: Setting CVar [[r.Shadow.RadiusThreshold:0.01]]
[2020.04.27-08.17.39:915][  0]LogConfig: Setting CVar [[r.Shadow.DistanceScale:1.0]]
[2020.04.27-08.17.39:915][  0]LogConfig: Setting CVar [[r.Shadow.CSM.TransitionScale:1.0]]
[2020.04.27-08.17.39:915][  0]LogConfig: Setting CVar [[r.Shadow.PreShadowResolutionFactor:1.0]]
[2020.04.27-08.17.39:915][  0]LogConfig: Setting CVar [[r.DistanceFieldShadowing:1]]
[2020.04.27-08.17.39:915][  0]LogConfig: Setting CVar [[r.DistanceFieldAO:1]]
[2020.04.27-08.17.39:915][  0]LogConfig: Setting CVar [[r.AOQuality:2]]
[2020.04.27-08.17.39:915][  0]LogConfig: Setting CVar [[r.VolumetricFog:1]]
[2020.04.27-08.17.39:915][  0]LogConfig: Setting CVar [[r.VolumetricFog.GridPixelSize:8]]
[2020.04.27-08.17.39:915][  0]LogConfig: Setting CVar [[r.VolumetricFog.GridSizeZ:128]]
[2020.04.27-08.17.39:915][  0]LogConfig: Setting CVar [[r.VolumetricFog.HistoryMissSupersampleCount:4]]
[2020.04.27-08.17.39:915][  0]LogConfig: Setting CVar [[r.LightMaxDrawDistanceScale:1]]
[2020.04.27-08.17.39:915][  0]LogConfig: Setting CVar [[r.CapsuleShadows:1]]
[2020.04.27-08.17.39:915][  0]LogConfig: Applying CVar settings from Section [PostProcessQuality@3] File [D:/GitHub/spaceness/spaceness/SPACENESS/Saved/Config/Windows/Scalability.ini]
[2020.04.27-08.17.39:915][  0]LogConfig: Setting CVar [[r.MotionBlurQuality:4]]
[2020.04.27-08.17.39:915][  0]LogConfig: Setting CVar [[r.AmbientOcclusionMipLevelFactor:0.4]]
[2020.04.27-08.17.39:915][  0]LogConfig: Setting CVar [[r.AmbientOcclusionMaxQuality:100]]
[2020.04.27-08.17.39:915][  0]LogConfig: Setting CVar [[r.AmbientOcclusionLevels:-1]]
[2020.04.27-08.17.39:916][  0]LogConfig: Setting CVar [[r.AmbientOcclusionRadiusScale:1.0]]
[2020.04.27-08.17.39:916][  0]LogConfig: Setting CVar [[r.DepthOfFieldQuality:2]]
[2020.04.27-08.17.39:916][  0]LogConfig: Setting CVar [[r.RenderTargetPoolMin:400]]
[2020.04.27-08.17.39:916][  0]LogConfig: Setting CVar [[r.LensFlareQuality:2]]
[2020.04.27-08.17.39:916][  0]LogConfig: Setting CVar [[r.SceneColorFringeQuality:1]]
[2020.04.27-08.17.39:916][  0]LogConfig: Setting CVar [[r.EyeAdaptationQuality:2]]
[2020.04.27-08.17.39:916][  0]LogConfig: Setting CVar [[r.BloomQuality:5]]
[2020.04.27-08.17.39:916][  0]LogConfig: Setting CVar [[r.FastBlurThreshold:100]]
[2020.04.27-08.17.39:916][  0]LogConfig: Setting CVar [[r.Upscale.Quality:3]]
[2020.04.27-08.17.39:916][  0]LogConfig: Setting CVar [[r.Tonemapper.GrainQuantization:1]]
[2020.04.27-08.17.39:916][  0]LogConfig: Setting CVar [[r.LightShaftQuality:1]]
[2020.04.27-08.17.39:916][  0]LogConfig: Setting CVar [[r.Filter.SizeScale:1]]
[2020.04.27-08.17.39:916][  0]LogConfig: Setting CVar [[r.Tonemapper.Quality:5]]
[2020.04.27-08.17.39:916][  0]LogConfig: Setting CVar [[r.DOF.Gather.AccumulatorQuality:1        ; higher gathering accumulator quality]]
[2020.04.27-08.17.39:916][  0]LogConfig: Setting CVar [[r.DOF.Gather.PostfilterMethod:1          ; Median3x3 postfilering method]]
[2020.04.27-08.17.39:916][  0]LogConfig: Setting CVar [[r.DOF.Gather.EnableBokehSettings:0       ; no bokeh simulation when gathering]]
[2020.04.27-08.17.39:916][  0]LogConfig: Setting CVar [[r.DOF.Gather.RingCount:4                 ; medium number of samples when gathering]]
[2020.04.27-08.17.39:916][  0]LogConfig: Setting CVar [[r.DOF.Scatter.ForegroundCompositing:1    ; additive foreground scattering]]
[2020.04.27-08.17.39:916][  0]LogConfig: Setting CVar [[r.DOF.Scatter.BackgroundCompositing:2    ; additive background scattering]]
[2020.04.27-08.17.39:916][  0]LogConfig: Setting CVar [[r.DOF.Scatter.EnableBokehSettings:1      ; bokeh simulation when scattering]]
[2020.04.27-08.17.39:916][  0]LogConfig: Setting CVar [[r.DOF.Scatter.MaxSpriteRatio:0.1         ; only a maximum of 10% of scattered bokeh]]
[2020.04.27-08.17.39:916][  0]LogConfig: Setting CVar [[r.DOF.Recombine.Quality:1                ; cheap slight out of focus]]
[2020.04.27-08.17.39:916][  0]LogConfig: Setting CVar [[r.DOF.Recombine.EnableBokehSettings:0    ; no bokeh simulation on slight out of focus]]
[2020.04.27-08.17.39:916][  0]LogConfig: Setting CVar [[r.DOF.TemporalAAQuality:1                ; more stable temporal accumulation]]
[2020.04.27-08.17.39:916][  0]LogConfig: Setting CVar [[r.DOF.Kernel.MaxForegroundRadius:0.025]]
[2020.04.27-08.17.39:916][  0]LogConfig: Setting CVar [[r.DOF.Kernel.MaxBackgroundRadius:0.025]]
[2020.04.27-08.17.39:916][  0]LogConfig: Applying CVar settings from Section [TextureQuality@3] File [D:/GitHub/spaceness/spaceness/SPACENESS/Saved/Config/Windows/Scalability.ini]
[2020.04.27-08.17.39:916][  0]LogConfig: Setting CVar [[r.Streaming.MipBias:0]]
[2020.04.27-08.17.39:916][  0]LogConfig: Setting CVar [[r.Streaming.AmortizeCPUToGPUCopy:0]]
[2020.04.27-08.17.39:916][  0]LogConfig: Setting CVar [[r.Streaming.MaxNumTexturesToStreamPerFrame:0]]
[2020.04.27-08.17.39:916][  0]LogConfig: Setting CVar [[r.Streaming.Boost:1]]
[2020.04.27-08.17.39:916][  0]LogConfig: Setting CVar [[r.MaxAnisotropy:8]]
[2020.04.27-08.17.39:916][  0]LogConfig: Setting CVar [[r.Streaming.LimitPoolSizeToVRAM:0]]
[2020.04.27-08.17.39:916][  0]LogConfig: Setting CVar [[r.Streaming.PoolSize:1000]]
[2020.04.27-08.17.39:916][  0]LogConfig: Setting CVar [[r.Streaming.MaxEffectiveScreenSize:0]]
[2020.04.27-08.17.39:916][  0]LogConfig: Applying CVar settings from Section [EffectsQuality@3] File [D:/GitHub/spaceness/spaceness/SPACENESS/Saved/Config/Windows/Scalability.ini]
[2020.04.27-08.17.39:916][  0]LogConfig: Setting CVar [[r.TranslucencyLightingVolumeDim:64]]
[2020.04.27-08.17.39:916][  0]LogConfig: Setting CVar [[r.RefractionQuality:2]]
[2020.04.27-08.17.39:917][  0]LogConfig: Setting CVar [[r.SSR.Quality:3]]
[2020.04.27-08.17.39:917][  0]LogConfig: Setting CVar [[r.SceneColorFormat:4]]
[2020.04.27-08.17.39:917][  0]LogConfig: Setting CVar [[r.DetailMode:2]]
[2020.04.27-08.17.39:917][  0]LogConfig: Setting CVar [[r.TranslucencyVolumeBlur:1]]
[2020.04.27-08.17.39:917][  0]LogConfig: Setting CVar [[r.MaterialQualityLevel:1 ; High quality]]
[2020.04.27-08.17.39:917][  0]LogConfig: Setting CVar [[r.SSS.Scale:1]]
[2020.04.27-08.17.39:917][  0]LogConfig: Setting CVar [[r.SSS.SampleSet:2]]
[2020.04.27-08.17.39:917][  0]LogConfig: Setting CVar [[r.SSS.Quality:1]]
[2020.04.27-08.17.39:917][  0]LogConfig: Setting CVar [[r.SSS.HalfRes:1]]
[2020.04.27-08.17.39:917][  0]LogConfig: Setting CVar [[r.EmitterSpawnRateScale:1.0]]
[2020.04.27-08.17.39:917][  0]LogConfig: Setting CVar [[r.ParticleLightQuality:2]]
[2020.04.27-08.17.39:917][  0]LogConfig: Applying CVar settings from Section [FoliageQuality@3] File [D:/GitHub/spaceness/spaceness/SPACENESS/Saved/Config/Windows/Scalability.ini]
[2020.04.27-08.17.39:917][  0]LogConfig: Setting CVar [[foliage.DensityScale:1.0]]
[2020.04.27-08.17.39:917][  0]LogConfig: Setting CVar [[grass.DensityScale:1.0]]
[2020.04.27-08.17.39:917][  0]LogConfig: Applying CVar settings from Section [Startup] File [../../../Engine/Config/ConsoleVariables.ini]
[2020.04.27-08.17.39:930][  0]LogConfig: Setting CVar [[net.UseAdaptiveNetUpdateFrequency:0]]
[2020.04.27-08.17.39:930][  0]LogConfig: Setting CVar [[p.chaos.AllowCreatePhysxBodies:1]]
[2020.04.27-08.17.39:930][  0]LogConfig: Setting CVar [[fx.SkipVectorVMBackendOptimizations:1]]
[2020.04.27-08.17.39:930][  0]LogConfig: Applying CVar settings from Section [ConsoleVariables] File [D:/GitHub/spaceness/spaceness/SPACENESS/Saved/Config/Windows/Engine.ini]
[2020.04.27-08.17.39:978][  0]LogInit: Computer: LAPTOP-UVM002FD
[2020.04.27-08.17.39:978][  0]LogInit: User: Маша
[2020.04.27-08.17.39:978][  0]LogInit: CPU Page size=4096, Cores=2
[2020.04.27-08.17.39:978][  0]LogInit: High frequency timer resolution =10.000000 MHz
[2020.04.27-08.17.39:997][  0]LogMemory: Memory total: Physical=5.9GB (6GB approx)
[2020.04.27-08.17.39:997][  0]LogMemory: Platform Memory Stats for Windows
[2020.04.27-08.17.39:997][  0]LogMemory: Process Physical Memory: 100.65 MB used, 100.65 MB peak
[2020.04.27-08.17.39:997][  0]LogMemory: Process Virtual Memory: 99.88 MB used, 99.88 MB peak
[2020.04.27-08.17.39:997][  0]LogMemory: Physical Memory: 4500.19 MB used,  1512.04 MB free, 6012.22 MB total
[2020.04.27-08.17.39:997][  0]LogMemory: Virtual Memory: 4638.22 MB used,  134213088.00 MB free, 134217728.00 MB total
[2020.04.27-08.17.40:021][  0]LogWindows: WindowsPlatformFeatures enabled
[2020.04.27-08.17.40:997][  0]LogInit: Using OS detected language (ru-RU).
[2020.04.27-08.17.40:997][  0]LogInit: Using OS detected locale (ru-RU).
[2020.04.27-08.17.41:034][  0]LogTextLocalizationManager: No specific localization for 'ru-RU' exists, so the 'ru' localization will be used.
[2020.04.27-08.17.41:035][  0]LogTextLocalizationResource: LocRes '../../../Engine/Content/Localization/Editor/ru/Editor.locres' could not be opened for reading!
[2020.04.27-08.17.41:035][  0]LogTextLocalizationResource: LocRes '../../../Engine/Content/Localization/EditorTutorials/ru/EditorTutorials.locres' could not be opened for reading!
[2020.04.27-08.17.41:035][  0]LogTextLocalizationResource: LocRes '../../../Engine/Content/Localization/Keywords/ru/Keywords.locres' could not be opened for reading!
[2020.04.27-08.17.41:036][  0]LogTextLocalizationResource: LocRes '../../../Engine/Content/Localization/Category/ru/Category.locres' could not be opened for reading!
[2020.04.27-08.17.41:036][  0]LogTextLocalizationResource: LocRes '../../../Engine/Content/Localization/ToolTips/ru/ToolTips.locres' could not be opened for reading!
[2020.04.27-08.17.41:036][  0]LogTextLocalizationResource: LocRes '../../../Engine/Content/Localization/PropertyNames/ru/PropertyNames.locres' could not be opened for reading!
[2020.04.27-08.17.41:036][  0]LogTextLocalizationResource: LocRes '../../../Engine/Content/Localization/Engine/ru/Engine.locres' could not be opened for reading!
[2020.04.27-08.17.41:245][  0]LogInit: Setting process to per monitor DPI aware
[2020.04.27-08.17.41:984][  0]LogSlate: New Slate User Created.  User Index 0, Is Virtual User: 0
[2020.04.27-08.17.41:984][  0]LogSlate: Slate User Registered.  User Index 0, Is Virtual User: 0
[2020.04.27-08.17.45:151][  0]LogHMD: Failed to initialize OpenVR with code 110
[2020.04.27-08.17.45:151][  0]LogD3D11RHI: D3D11 adapters:
[2020.04.27-08.17.45:629][  0]LogD3D11RHI:    0. 'NVIDIA GeForce GTX 950M' (Feature Level 11_0)
[2020.04.27-08.17.45:629][  0]LogD3D11RHI:       2010/0/3006 MB DedicatedVideo/DedicatedSystem/SharedSystem, Outputs:1, VendorId:0x10de
[2020.04.27-08.17.45:663][  0]LogD3D11RHI:    1. 'Intel(R) HD Graphics 620' (Feature Level 11_0)
[2020.04.27-08.17.45:663][  0]LogD3D11RHI:       128/0/3006 MB DedicatedVideo/DedicatedSystem/SharedSystem, Outputs:0, VendorId:0x8086
[2020.04.27-08.17.45:671][  0]LogD3D11RHI:    2. 'Microsoft Basic Render Driver' (Feature Level 11_0)
[2020.04.27-08.17.45:671][  0]LogD3D11RHI:       0/0/3006 MB DedicatedVideo/DedicatedSystem/SharedSystem, Outputs:0, VendorId:0x1414
[2020.04.27-08.17.45:671][  0]LogD3D11RHI: Chosen D3D11 Adapter: 0
[2020.04.27-08.17.45:860][  0]LogD3D11RHI: Creating new Direct3DDevice
[2020.04.27-08.17.45:860][  0]LogD3D11RHI:     GPU DeviceId: 0x139a (for the marketing name, search the web for "GPU Device Id")
[2020.04.27-08.17.45:860][  0]LogWindows: EnumDisplayDevices:
[2020.04.27-08.17.45:861][  0]LogWindows:    0. 'Intel(R) HD Graphics 620' (P:1 D:1)
[2020.04.27-08.17.45:862][  0]LogWindows:    1. 'Intel(R) HD Graphics 620' (P:0 D:0)
[2020.04.27-08.17.45:863][  0]LogWindows:    2. 'Intel(R) HD Graphics 620' (P:0 D:0)
[2020.04.27-08.17.45:863][  0]LogWindows: DebugString: PrimaryIsNotTheChoosenAdapter PrimaryIsNotTheChoosenAdapter PrimaryIsNotTheChoosenAdapter FoundDriverCount:0 
[2020.04.27-08.17.45:863][  0]LogD3D11RHI:     Adapter Name: NVIDIA GeForce GTX 950M
[2020.04.27-08.17.45:864][  0]LogD3D11RHI:   Driver Version: Unknown (internal:Unknown, unified:Unknown)
[2020.04.27-08.17.45:864][  0]LogD3D11RHI:      Driver Date: Unknown
[2020.04.27-08.17.45:864][  0]LogRHI: Texture pool is 1407 MB (70% of 2010 MB)
[2020.04.27-08.17.45:963][  0]LogD3D11RHI: Async texture creation enabled
[2020.04.27-08.17.46:318][  0]LogD3D11RHI: GPU Timing Frequency: 1000.000000 (Debug: 2 1)
[2020.04.27-08.17.47:868][  0]LogTemp: Display: Module 'AllDesktopTargetPlatform' loaded TargetPlatform 'AllDesktop'
[2020.04.27-08.17.47:916][  0]LogTemp: Display: Module 'MacClientTargetPlatform' loaded TargetPlatform 'MacClient'
[2020.04.27-08.17.47:936][  0]LogTemp: Display: Module 'MacNoEditorTargetPlatform' loaded TargetPlatform 'MacNoEditor'
[2020.04.27-08.17.47:959][  0]LogTemp: Display: Module 'MacServerTargetPlatform' loaded TargetPlatform 'MacServer'
[2020.04.27-08.17.48:046][  0]LogTemp: Display: Module 'MacTargetPlatform' loaded TargetPlatform 'Mac'
[2020.04.27-08.17.48:193][  0]LogTemp: Display: Module 'WindowsClientTargetPlatform' loaded TargetPlatform 'WindowsClient'
[2020.04.27-08.17.48:256][  0]LogTemp: Display: Module 'WindowsNoEditorTargetPlatform' loaded TargetPlatform 'WindowsNoEditor'
[2020.04.27-08.17.48:271][  0]LogTemp: Display: Module 'WindowsServerTargetPlatform' loaded TargetPlatform 'WindowsServer'
[2020.04.27-08.17.48:363][  0]LogTemp: Display: Module 'WindowsTargetPlatform' loaded TargetPlatform 'Windows'
[2020.04.27-08.17.48:514][  0]LogTemp: Display: Module 'AndroidTargetPlatform' loaded TargetPlatform 'Android'
[2020.04.27-08.17.48:514][  0]LogTemp: Display: Module 'AndroidTargetPlatform' loaded TargetPlatform 'Android_ASTC'
[2020.04.27-08.17.48:514][  0]LogTemp: Display: Module 'AndroidTargetPlatform' loaded TargetPlatform 'Android_ATC'
[2020.04.27-08.17.48:514][  0]LogTemp: Display: Module 'AndroidTargetPlatform' loaded TargetPlatform 'Android_DXT'
[2020.04.27-08.17.48:514][  0]LogTemp: Display: Module 'AndroidTargetPlatform' loaded TargetPlatform 'Android_ETC1'
[2020.04.27-08.17.48:514][  0]LogTemp: Display: Module 'AndroidTargetPlatform' loaded TargetPlatform 'Android_ETC1a'
[2020.04.27-08.17.48:514][  0]LogTemp: Display: Module 'AndroidTargetPlatform' loaded TargetPlatform 'Android_ETC2'
[2020.04.27-08.17.48:514][  0]LogTemp: Display: Module 'AndroidTargetPlatform' loaded TargetPlatform 'Android_PVRTC'
[2020.04.27-08.17.48:514][  0]LogTemp: Display: Module 'AndroidTargetPlatform' loaded TargetPlatform 'AndroidClient'
[2020.04.27-08.17.48:514][  0]LogTemp: Display: Module 'AndroidTargetPlatform' loaded TargetPlatform 'Android_ASTCClient'
[2020.04.27-08.17.48:514][  0]LogTemp: Display: Module 'AndroidTargetPlatform' loaded TargetPlatform 'Android_ATCClient'
[2020.04.27-08.17.48:514][  0]LogTemp: Display: Module 'AndroidTargetPlatform' loaded TargetPlatform 'Android_DXTClient'
[2020.04.27-08.17.48:514][  0]LogTemp: Display: Module 'AndroidTargetPlatform' loaded TargetPlatform 'Android_ETC1Client'
[2020.04.27-08.17.48:514][  0]LogTemp: Display: Module 'AndroidTargetPlatform' loaded TargetPlatform 'Android_ETC1aClient'
[2020.04.27-08.17.48:514][  0]LogTemp: Display: Module 'AndroidTargetPlatform' loaded TargetPlatform 'Android_ETC2Client'
[2020.04.27-08.17.48:514][  0]LogTemp: Display: Module 'AndroidTargetPlatform' loaded TargetPlatform 'Android_PVRTCClient'
[2020.04.27-08.17.48:514][  0]LogTemp: Display: Module 'AndroidTargetPlatform' loaded TargetPlatform 'Android_Multi'
[2020.04.27-08.17.48:514][  0]LogTemp: Display: Module 'AndroidTargetPlatform' loaded TargetPlatform 'Android_MultiClient'
[2020.04.27-08.17.48:529][  0]LogTemp: Display: Module 'HTML5TargetPlatform' loaded TargetPlatform 'HTML5'
[2020.04.27-08.17.48:900][  0]LogTemp: Display: Module 'IOSTargetPlatform' loaded TargetPlatform 'IOSClient'
[2020.04.27-08.17.48:900][  0]LogTemp: Display: Module 'IOSTargetPlatform' loaded TargetPlatform 'IOS'
[2020.04.27-08.17.49:046][  0]LogTemp: Display: Module 'TVOSTargetPlatform' loaded TargetPlatform 'TVOSClient'
[2020.04.27-08.17.49:046][  0]LogTemp: Display: Module 'TVOSTargetPlatform' loaded TargetPlatform 'TVOS'
[2020.04.27-08.17.49:077][  0]LogTemp: Display: Module 'LinuxClientTargetPlatform' loaded TargetPlatform 'LinuxClient'
[2020.04.27-08.17.49:126][  0]LogTemp: Display: Module 'LinuxNoEditorTargetPlatform' loaded TargetPlatform 'LinuxNoEditor'
[2020.04.27-08.17.49:171][  0]LogTemp: Display: Module 'LinuxServerTargetPlatform' loaded TargetPlatform 'LinuxServer'
[2020.04.27-08.17.49:224][  0]LogTemp: Display: Module 'LinuxTargetPlatform' loaded TargetPlatform 'Linux'
[2020.04.27-08.17.49:351][  0]LogTemp: Display: Module 'LuminTargetPlatform' loaded TargetPlatform 'Lumin'
[2020.04.27-08.17.49:351][  0]LogTemp: Display: Module 'LuminTargetPlatform' loaded TargetPlatform 'LuminClient'
[2020.04.27-08.17.49:351][  0]LogTargetPlatformManager: Display: Building Assets For Windows
[2020.04.27-08.17.49:498][  0]LogAudioDebug: Display: Lib vorbis DLL was dynamically loaded.
[2020.04.27-08.17.50:327][  0]LogShaderCompilers: Guid format shader working directory is -4 characters bigger than the processId version (../../../../GitHub/spaceness/spaceness/SPACENESS/Intermediate/Shaders/WorkingDirectory/15432/).
[2020.04.27-08.17.50:328][  0]LogShaderCompilers: Cleaned the shader compiler working directory 'C:/Users/Маша/AppData/Local/Temp/UnrealShaderWorkingDir/B219C08B49B393BD38206191F406F7B9/'.
[2020.04.27-08.17.50:343][  0]LogXGEController: Cleaning working directory: C:/Users/Маша/AppData/Local/Temp/UnrealXGEWorkingDir/
[2020.04.27-08.17.50:344][  0]LogXGEController: Cannot use XGE Controller as Incredibuild is not installed on this machine.
[2020.04.27-08.17.50:344][  0]LogShaderCompilers: Cannot use XGE Shader Compiler as Incredibuild is not installed on this machine.
[2020.04.27-08.17.50:344][  0]LogShaderCompilers: Display: Using Local Shader Compiler.
[2020.04.27-08.17.54:596][  0]LogDerivedDataCache: Display: Max Cache Size: 512 MB
[2020.04.27-08.17.54:884][  0]LogDerivedDataCache: Loaded boot cache 0.29s 73MB C:/Users/Маша/AppData/Local/UnrealEngine/4.23/DerivedDataCache/Boot.ddc.
[2020.04.27-08.17.54:884][  0]LogDerivedDataCache: Display: Loaded Boot cache: C:/Users/Маша/AppData/Local/UnrealEngine/4.23/DerivedDataCache/Boot.ddc
[2020.04.27-08.17.54:884][  0]LogDerivedDataCache: FDerivedDataBackendGraph:  Pak pak cache file ../../../../GitHub/spaceness/spaceness/SPACENESS/DerivedDataCache/DDC.ddp not found, will not use a pak cache.
[2020.04.27-08.17.54:884][  0]LogDerivedDataCache: Unable to find inner node Pak for hierarchical cache Hierarchy.
[2020.04.27-08.17.54:884][  0]LogDerivedDataCache: FDerivedDataBackendGraph:  CompressedPak pak cache file ../../../../GitHub/spaceness/spaceness/SPACENESS/DerivedDataCache/Compressed.ddp not found, will not use a pak cache.
[2020.04.27-08.17.54:884][  0]LogDerivedDataCache: Unable to find inner node CompressedPak for hierarchical cache Hierarchy.
[2020.04.27-08.17.54:945][  0]LogDerivedDataCache: Display: Pak cache opened for reading ../../../Engine/DerivedDataCache/Compressed.ddp.
[2020.04.27-08.17.54:945][  0]LogDerivedDataCache: FDerivedDataBackendGraph:  EnterprisePak pak cache file ../../../Enterprise/DerivedDataCache/Compressed.ddp not found, will not use a pak cache.
[2020.04.27-08.17.54:945][  0]LogDerivedDataCache: Unable to find inner node EnterprisePak for hierarchical cache Hierarchy.
[2020.04.27-08.17.54:946][  0]LogDerivedDataCache: Using Local data cache path C:/Users/Маша/AppData/Local/UnrealEngine/Common/DerivedDataCache: Writable
[2020.04.27-08.17.54:946][  0]LogDerivedDataCache: Shared data cache path not found in *engine.ini, will not use an Shared cache.
[2020.04.27-08.17.54:946][  0]LogDerivedDataCache: Unable to find inner node Shared for hierarchical cache Hierarchy.
[2020.04.27-08.17.55:149][  0]LogMaterial: Verifying Global Shaders for PCD3D_SM5
[2020.04.27-08.17.55:240][  0]LogSlate: Using FreeType 2.6.0
[2020.04.27-08.17.55:375][  0]LogSlate: SlateFontServices - WITH_FREETYPE: 1, WITH_HARFBUZZ: 1
[2020.04.27-08.17.57:629][  0]LogAssetRegistry: FAssetRegistry took 0.0068 seconds to start up
[2020.04.27-08.18.05:366][  0]LogInit: Selected Device Profile: [Windows]
[2020.04.27-08.18.07:653][  0]LogMeshReduction: Using QuadricMeshReduction for automatic static mesh reduction
[2020.04.27-08.18.07:653][  0]LogMeshReduction: Using SimplygonMeshReduction for automatic skeletal mesh reduction
[2020.04.27-08.18.07:653][  0]LogMeshReduction: Using ProxyLODMeshReduction for automatic mesh merging
[2020.04.27-08.18.07:653][  0]LogMeshReduction: No distributed automatic mesh merging module available
[2020.04.27-08.18.07:665][  0]LogMeshMerging: No distributed automatic mesh merging module available
[2020.04.27-08.18.08:430][  0]LogNetVersion: SPACENESS 1.0.0, NetCL: 8386587, EngineNetVer: 11, GameNetVer: 0 (Checksum: 1790570028)
[2020.04.27-08.18.16:098][  0]LogPackageLocalizationCache: Processed 13 localized package path(s) for 1 prioritized culture(s) in 0.115516 seconds
[2020.04.27-08.18.16:132][  0]LogUObjectArray: 43469 objects as part of root set at end of initial load.
[2020.04.27-08.18.16:132][  0]LogUObjectAllocator: 7553416 out of 0 bytes used by permanent object pool.
[2020.04.27-08.18.16:132][  0]LogUObjectArray: CloseDisregardForGC: 0/0 objects in disregard for GC pool
[2020.04.27-08.18.37:141][  0]LogTcpMessaging: Initializing TcpMessaging bridge
[2020.04.27-08.18.37:188][  0]LogUdpMessaging: Initializing bridge on interface 0.0.0.0:0 to multicast group 230.0.0.1:6666.
[2020.04.27-08.18.38:155][  0]SourceControl: Source control is disabled
[2020.04.27-08.18.38:170][  0]SourceControl: Source control is disabled
[2020.04.27-08.18.38:288][  0]SourceControl: Source control is disabled
[2020.04.27-08.18.38:356][  0]SourceControl: Source control is disabled
[2020.04.27-08.18.39:917][  0]LogAndroidPermission: UAndroidPermissionCallbackProxy::GetInstance
[2020.04.27-08.18.40:637][  0]LogOcInput: OculusInput pre-init called
[2020.04.27-08.18.40:708][  0]LogWindows: Failed to load 'OVRPlugin.dll' (GetLastError=126)
[2020.04.27-08.18.40:709][  0]LogWindows: File 'OVRPlugin.dll' does not exist
[2020.04.27-08.18.43:416][  0]LogAutomationTest: Warning: Smoke tests took > 2s to run: 2.02s
[2020.04.27-08.18.43:598][  0]LogEngine: Initializing Engine...
[2020.04.27-08.18.43:660][  0]LogHMD: Failed to initialize OpenVR with code 110
[2020.04.27-08.18.43:777][  0]LogStats: UGameplayTagsManager::InitializeManager -  0.078 s
[2020.04.27-08.18.44:998][  0]LogInit: Initializing FReadOnlyCVARCache
[2020.04.27-08.18.45:916][  0]LogAIModule: Creating AISystem for world Untitled
[2020.04.27-08.18.46:585][  0]LogInit: XAudio2 using 'Динамики (Realtek High Definition Audio)' : 2 channels at 48 kHz using 16 bits per sample (channel mask 0x3)
[2020.04.27-08.18.46:768][  0]LogInit: FAudioDevice initialized.
[2020.04.27-08.18.46:784][  0]LogNetVersion: Set ProjectVersion to 1.0.0.0. Version Checksum will be recalculated on next use.
[2020.04.27-08.18.47:045][  0]LogDerivedDataCache: Saved boot cache 0.26s 82MB C:/Users/Маша/AppData/Local/UnrealEngine/4.23/DerivedDataCache/Boot.ddc.
[2020.04.27-08.18.47:059][  0]LogInit: Texture streaming: Enabled
[2020.04.27-08.18.47:342][  0]LogEngineSessionManager: EngineSessionManager initialized
[2020.04.27-08.18.47:342][  0]LogEditorSessionSummary: Verbose: Initializing EditorSessionSummaryWriter for editor session tracking
[2020.04.27-08.18.47:353][  0]LogEditorSessionSummary: EditorSessionSummaryWriter initialized
[2020.04.27-08.18.48:360][  0]LogInit: Transaction tracking system initialized
[2020.04.27-08.18.50:066][  0]BlueprintLog: New page: Editor Load
[2020.04.27-08.18.53:930][  0]LocalizationService: Localization service is disabled
[2020.04.27-08.19.09:602][  0]LogFileCache: Scanning file cache for directory 'D:/GitHub/spaceness/spaceness/SPACENESS/Content/' took 0.07s
[2020.04.27-08.19.09:603][  0]LogCook: Display: Max memory allowance for cook 16384mb min free memory 0mb
[2020.04.27-08.19.09:612][  0]LogCook: Display: Mobile HDR setting 1
[2020.04.27-08.19.15:710][  0]SourceControl: Source control is disabled
[2020.04.27-08.19.15:870][  0]Cmd: MAP LOAD FILE="../../../../GitHub/spaceness/spaceness/SPACENESS/Content/ThirdPersonBP/Maps/ThirdPersonExampleMap.umap" TEMPLATE=0 SHOWPROGRESS=1 FEATURELEVEL=3
[2020.04.27-08.19.15:924][  0]LightingResults: New page: Lighting Build
[2020.04.27-08.19.16:395][  0]LogWorld: UWorld::CleanupWorld for Untitled, bSessionEnded=true, bCleanupResources=true
[2020.04.27-08.19.16:784][  0]MapCheck: New page: Map Check
[2020.04.27-08.19.16:784][  0]LightingResults: New page: Lighting Build
[2020.04.27-08.19.18:502][  0]LogUObjectHash: Compacting FUObjectHashTables data took   4.81ms
[2020.04.27-08.19.39:465][  0]LogAIModule: Creating AISystem for world ThirdPersonExampleMap
[2020.04.27-08.19.43:230][  0]LogStreaming: Display: ULevelStreaming::RequestLevel(/Game/ThirdPersonBP/Maps/Station) is flushing async loading
[2020.04.27-08.19.43:230][  0]LogStreaming: Display: Flushing async loaders.
[2020.04.27-08.19.48:261][  0]LogEditorServer: Finished looking for orphan Actors (0.000 secs)
[2020.04.27-08.19.49:632][  0]LogUObjectHash: Compacting FUObjectHashTables data took   6.74ms
[2020.04.27-08.19.49:689][  0]Cmd: MAP CHECKDEP NOCLEARLOG
[2020.04.27-08.19.49:750][  0]MapCheck: Map check complete: 0 Error(s), 0 Warning(s), took 60,127ms to complete.
[2020.04.27-08.19.49:750][  0]LogFileHelpers: Loading map 'ThirdPersonExampleMap' took 33.934
[2020.04.27-08.19.56:396][  0]LogSlate: Updating window title bar state: overlay mode, drag disabled, window buttons hidden, title bar hidden
[2020.04.27-08.19.56:459][  0]LogSlate: Updating window title bar state: overlay mode, drag disabled, window buttons hidden, title bar hidden
[2020.04.27-08.19.56:473][  0]LogSlate: Updating window title bar state: overlay mode, drag disabled, window buttons hidden, title bar hidden
[2020.04.27-08.19.56:485][  0]LogSlate: Updating window title bar state: overlay mode, drag disabled, window buttons hidden, title bar hidden
[2020.04.27-08.19.56:766][  0]LogCollectionManager: Loaded 0 collections in 0.003220 seconds
[2020.04.27-08.19.57:027][  0]LogFileCache: Scanning file cache for directory 'D:/GitHub/spaceness/spaceness/SPACENESS/Saved/Collections/' took 0.00s
[2020.04.27-08.19.57:027][  0]LogFileCache: Scanning file cache for directory 'D:/GitHub/spaceness/spaceness/SPACENESS/Content/Developers/Маша/Collections/' took 0.00s
[2020.04.27-08.19.57:027][  0]LogFileCache: Scanning file cache for directory 'D:/GitHub/spaceness/spaceness/SPACENESS/Content/Collections/' took 0.00s
[2020.04.27-08.19.57:027][  0]LogCollectionManager: Rebuilt the GUID cache for 0 collections in 0.000014 seconds
[2020.04.27-08.19.57:078][  0]LogContentBrowser: Native class hierarchy populated in 0.0224 seconds. Added 2999 classes and 698 folders.
[2020.04.27-08.19.57:361][  0]LogContentBrowser: Native class hierarchy updated for 'WidgetCarousel' in 0.0005 seconds. Added 0 classes and 0 folders.
[2020.04.27-08.19.58:436][  0]LogContentBrowser: Native class hierarchy updated for 'AddContentDialog' in 0.0004 seconds. Added 0 classes and 0 folders.
[2020.04.27-08.19.58:702][  0]LogContentBrowser: Native class hierarchy updated for 'SceneOutliner' in 0.0003 seconds. Added 1 classes and 2 folders.
[2020.04.27-08.20.01:243][  0]LogSlate: Took 0.061578 seconds to synchronously load lazily loaded font '../../../Engine/Content/Slate/Fonts/Roboto-Regular.ttf' (155K)
[2020.04.27-08.20.01:309][  0]LogSlate: Took 0.036025 seconds to synchronously load lazily loaded font '../../../Engine/Content/Slate/Fonts/Roboto-Bold.ttf' (160K)
[2020.04.27-08.20.01:772][  0]LogSlate: Took 0.033075 seconds to synchronously load lazily loaded font '../../../Engine/Content/Editor/Slate/Fonts/FontAwesome.ttf' (139K)
[2020.04.27-08.20.03:086][  0]LogRenderer: Reallocating scene render targets to support 864x404 Format 10 NumSamples 1 (Frame:1).
[2020.04.27-08.20.06:182][  0]LogContentBrowser: Native class hierarchy updated for 'HierarchicalLODOutliner' in 0.0005 seconds. Added 0 classes and 0 folders.
[2020.04.27-08.20.06:182][  0]LogLoad: (Engine Initialization) Total time: 170.80 seconds
[2020.04.27-08.20.06:182][  0]LogLoad: (Engine Initialization) Total Blueprint compile time: 0.00 seconds
[2020.04.27-08.20.08:028][  0]LogContentStreaming: Texture pool size now 1000 MB
[2020.04.27-08.20.08:649][  0]LogSlate: Took 0.030739 seconds to synchronously load lazily loaded font '../../../Engine/Content/Slate/Fonts/Roboto-Light.ttf' (167K)
[2020.04.27-08.20.13:693][ 52]LogAssetRegistry: Asset discovery search completed in 136.0674 seconds
[2020.04.27-08.20.13:750][ 52]LogCollectionManager: Rebuilt the object cache for 0 collections in 0.016463 seconds (found 0 objects)
[2020.04.27-08.20.13:750][ 52]LogCollectionManager: Fixed up redirectors for 0 collections in 0.016601 seconds (updated 0 objects)
[2020.04.27-08.21.06:454][209]LogEditorSessionSummary: EditorSessionSummary sent report. Type=Shutdown, SessionId={A2006573-4F82-0F62-5A19-37A2886D5F14}
[2020.04.27-08.21.26:507][269]LogSlate: FSceneViewport::OnFocusLost() reason 0
[2020.04.27-08.21.26:622][269]LogTemp: Repeating last play command: New Editor Window (PIE)
[2020.04.27-08.21.26:682][269]LogBlueprintUserMessages: Early PlayInEditor Detection: Level '/Game/ThirdPersonBP/Maps/ThirdPersonExampleMap.ThirdPersonExampleMap:PersistentLevel' has LevelScriptBlueprint '/Game/ThirdPersonBP/Maps/ThirdPersonExampleMap.ThirdPersonExampleMap:PersistentLevel.ThirdPersonExampleMap' with GeneratedClass '/Game/ThirdPersonBP/Maps/ThirdPersonExampleMap.ThirdPersonExampleMap_C' with ClassGeneratedBy '/Game/ThirdPersonBP/Maps/ThirdPersonExampleMap.ThirdPersonExampleMap:PersistentLevel.ThirdPersonExampleMap'
[2020.04.27-08.21.26:682][269]LogBlueprintUserMessages: Early PlayInEditor Detection: Level '/Game/ThirdPersonBP/Maps/Station.Station:PersistentLevel' has LevelScriptBlueprint '/Game/ThirdPersonBP/Maps/Station.Station:PersistentLevel.Station' with GeneratedClass '/Game/ThirdPersonBP/Maps/Station.Station_C' with ClassGeneratedBy '/Game/ThirdPersonBP/Maps/Station.Station:PersistentLevel.Station'
[2020.04.27-08.21.26:736][269]LogPlayLevel: PlayLevel: No blueprints needed recompiling
[2020.04.27-08.21.26:798][269]PIE: New page: PIE session: ThirdPersonExampleMap (27 апр. 2020 г., 14:21:26)
[2020.04.27-08.21.26:916][269]LogOnline: OSS: Creating online subsystem instance for: NULL
[2020.04.27-08.21.26:941][269]LogPlayLevel: Creating play world package: /Game/ThirdPersonBP/Maps/UEDPIE_0_ThirdPersonExampleMap
[2020.04.27-08.21.26:971][269]LogPlayLevel: PIE: StaticDuplicateObject took: (0.030262s)
[2020.04.27-08.21.26:984][269]LogAIModule: Creating AISystem for world ThirdPersonExampleMap
[2020.04.27-08.21.26:989][269]LogPlayLevel: PIE: World Init took: (0.018510s)
[2020.04.27-08.21.26:999][269]LogPlayLevel: PIE: Created PIE world by copying editor world from /Game/ThirdPersonBP/Maps/ThirdPersonExampleMap.ThirdPersonExampleMap to /Game/ThirdPersonBP/Maps/UEDPIE_0_ThirdPersonExampleMap.ThirdPersonExampleMap (0.058510s)
[2020.04.27-08.21.27:035][269]LogUObjectHash: Compacting FUObjectHashTables data took   5.55ms
[2020.04.27-08.21.27:125][269]LogInit: XAudio2 using 'Динамики (Realtek High Definition Audio)' : 2 channels at 48 kHz using 16 bits per sample (channel mask 0x3)
[2020.04.27-08.21.27:164][269]LogInit: FAudioDevice initialized.
[2020.04.27-08.21.27:228][269]LogSlate: Updating window title bar state: overlay mode, drag disabled, window buttons hidden, title bar hidden
[2020.04.27-08.21.27:246][269]LogLoad: Game class is 'ThirdPersonGameMode_C'
[2020.04.27-08.21.27:454][269]LogWorld: Bringing World /Game/ThirdPersonBP/Maps/UEDPIE_0_ThirdPersonExampleMap.ThirdPersonExampleMap up for play (max tick rate 60) at 2020.04.27-11.21.27
[2020.04.27-08.21.27:486][269]LogWorld: Bringing up level for play took: 0.039932
[2020.04.27-08.21.27:530][269]LogOnline: OSS: Creating online subsystem instance for: :Context_3
[2020.04.27-08.21.27:709][269]LogContentBrowser: Native class hierarchy updated for 'MovieSceneCapture' in 0.0005 seconds. Added 20 classes and 0 folders.
[2020.04.27-08.21.27:967][269]PIE: Play in editor start time for /Game/ThirdPersonBP/Maps/UEDPIE_0_ThirdPersonExampleMap 0,721
[2020.04.27-08.21.27:967][269]LogBlueprintUserMessages: Late PlayInEditor Detection: Level '/Game/ThirdPersonBP/Maps/ThirdPersonExampleMap.ThirdPersonExampleMap:PersistentLevel' has LevelScriptBlueprint '/Game/ThirdPersonBP/Maps/ThirdPersonExampleMap.ThirdPersonExampleMap:PersistentLevel.ThirdPersonExampleMap' with GeneratedClass '/Game/ThirdPersonBP/Maps/ThirdPersonExampleMap.ThirdPersonExampleMap_C' with ClassGeneratedBy '/Game/ThirdPersonBP/Maps/ThirdPersonExampleMap.ThirdPersonExampleMap:PersistentLevel.ThirdPersonExampleMap'
[2020.04.27-08.21.27:967][269]LogBlueprintUserMessages: Late PlayInEditor Detection: Level '/Game/ThirdPersonBP/Maps/Station.Station:PersistentLevel' has LevelScriptBlueprint '/Game/ThirdPersonBP/Maps/Station.Station:PersistentLevel.Station' with GeneratedClass '/Game/ThirdPersonBP/Maps/Station.Station_C' with ClassGeneratedBy '/Game/ThirdPersonBP/Maps/Station.Station:PersistentLevel.Station'
[2020.04.27-08.21.28:467][270]LogRenderer: Reallocating scene render targets to support 1280x716 Format 10 NumSamples 1 (Frame:1).
[2020.04.27-08.21.40:810][622]LogSlate: FSceneViewport::OnFocusLost() reason 0
[2020.04.27-08.21.50:513][913]LogBlueprintUserMessages: [W_Interaction_C_0] улика
[2020.04.27-08.21.52:515][973]LogBlueprintUserMessages: [W_Interaction_C_0] берём
[2020.04.27-08.22.01:811][252]LogNet: Browse: /Game/ThirdPersonBP/Maps/Station
[2020.04.27-08.22.01:868][252]LogLoad: LoadMap: /Game/ThirdPersonBP/Maps/Station
[2020.04.27-08.22.01:868][252]LogWorld: BeginTearingDown for /Game/ThirdPersonBP/Maps/UEDPIE_0_ThirdPersonExampleMap
[2020.04.27-08.22.01:943][252]LogWorld: UWorld::CleanupWorld for ThirdPersonExampleMap, bSessionEnded=true, bCleanupResources=true
[2020.04.27-08.22.02:251][252]LogUObjectHash: Compacting FUObjectHashTables data took   3.36ms
[2020.04.27-08.22.02:251][252]LogPlayLevel: Creating play world package: /Game/ThirdPersonBP/Maps/UEDPIE_0_Station
[2020.04.27-08.22.02:422][252]LogPlayLevel: PIE: StaticDuplicateObject took: (0.170227s)
[2020.04.27-08.22.02:423][252]LogAIModule: Creating AISystem for world Station
[2020.04.27-08.22.02:463][252]LogPlayLevel: PIE: World Init took: (0.040945s)
[2020.04.27-08.22.02:463][252]LogPlayLevel: PIE: Created PIE world by copying editor world from /Game/ThirdPersonBP/Maps/Station.Station to /Game/ThirdPersonBP/Maps/UEDPIE_0_Station.Station (0.211564s)
[2020.04.27-08.22.02:463][252]LogLoad: Game class is 'Station_GM_C'
[2020.04.27-08.22.02:497][252]LogWorld: Bringing World /Game/ThirdPersonBP/Maps/UEDPIE_0_Station.Station up for play (max tick rate 60) at 2020.04.27-11.22.02
[2020.04.27-08.22.02:535][252]LogWorld: Bringing up level for play took: 0.071270
[2020.04.27-08.22.02:738][252]LogLoad: Took 0.870434 seconds to LoadMap(/Game/ThirdPersonBP/Maps/UEDPIE_0_Station)
[2020.04.27-08.22.07:583][504]LogBlueprintUserMessages: [InteractableTable_2] Interact Enabled
[2020.04.27-08.22.09:145][581]LogPlayerController: Error: InputMode:UIOnly - Attempting to focus Non-Focusable widget SObjectWidget [Widget.cpp(723)]!
[2020.04.27-08.22.11:116][685]LogSlate: FSceneViewport::OnFocusLost() reason 0
[2020.04.27-08.22.11:238][690]LogBlueprintUserMessages: [InventoryButtons_widget_C_0] Clicked
[2020.04.27-08.22.19:352][148]LogSlate: FSceneViewport::OnFocusLost() reason 0
[2020.04.27-08.22.21:188][252]LogBlueprintUserMessages: Early EndPlayMap Detection: Level '/Game/ThirdPersonBP/Maps/ThirdPersonExampleMap.ThirdPersonExampleMap:PersistentLevel' has LevelScriptBlueprint '/Game/ThirdPersonBP/Maps/ThirdPersonExampleMap.ThirdPersonExampleMap:PersistentLevel.ThirdPersonExampleMap' with GeneratedClass '/Game/ThirdPersonBP/Maps/ThirdPersonExampleMap.ThirdPersonExampleMap_C' with ClassGeneratedBy '/Game/ThirdPersonBP/Maps/ThirdPersonExampleMap.ThirdPersonExampleMap:PersistentLevel.ThirdPersonExampleMap'
[2020.04.27-08.22.21:188][252]LogBlueprintUserMessages: Early EndPlayMap Detection: Level '/Game/ThirdPersonBP/Maps/Station.Station:PersistentLevel' has LevelScriptBlueprint '/Game/ThirdPersonBP/Maps/Station.Station:PersistentLevel.Station' with GeneratedClass '/Game/ThirdPersonBP/Maps/Station.Station_C' with ClassGeneratedBy '/Game/ThirdPersonBP/Maps/Station.Station:PersistentLevel.Station'
[2020.04.27-08.22.21:233][252]LogSlate: Updating window title bar state: overlay mode, drag disabled, window buttons hidden, title bar hidden
[2020.04.27-08.22.21:234][252]LogWorld: BeginTearingDown for /Game/ThirdPersonBP/Maps/UEDPIE_0_Station
[2020.04.27-08.22.21:245][252]LogSlate: Window 'SPACENESS Game Preview Standalone (64-bit/PCD3D_SM5)' being destroyed
[2020.04.27-08.22.21:252][252]LogWorld: UWorld::CleanupWorld for Station, bSessionEnded=true, bCleanupResources=true
[2020.04.27-08.22.21:302][252]LogPlayLevel: Display: Shutting down PIE online subsystems
[2020.04.27-08.22.21:303][252]LogBlueprintUserMessages: Late EndPlayMap Detection: Level '/Game/ThirdPersonBP/Maps/ThirdPersonExampleMap.ThirdPersonExampleMap:PersistentLevel' has LevelScriptBlueprint '/Game/ThirdPersonBP/Maps/ThirdPersonExampleMap.ThirdPersonExampleMap:PersistentLevel.ThirdPersonExampleMap' with GeneratedClass '/Game/ThirdPersonBP/Maps/ThirdPersonExampleMap.ThirdPersonExampleMap_C' with ClassGeneratedBy '/Game/ThirdPersonBP/Maps/ThirdPersonExampleMap.ThirdPersonExampleMap:PersistentLevel.ThirdPersonExampleMap'
[2020.04.27-08.22.21:304][252]LogBlueprintUserMessages: Late EndPlayMap Detection: Level '/Game/ThirdPersonBP/Maps/Station.Station:PersistentLevel' has LevelScriptBlueprint '/Game/ThirdPersonBP/Maps/Station.Station:PersistentLevel.Station' with GeneratedClass '/Game/ThirdPersonBP/Maps/Station.Station_C' with ClassGeneratedBy '/Game/ThirdPersonBP/Maps/Station.Station:PersistentLevel.Station'
[2020.04.27-08.22.21:458][252]LogUObjectHash: Compacting FUObjectHashTables data took   2.77ms
[2020.04.27-08.22.21:463][252]LogActorComponent: ReregisterComponent: (/Game/ThirdPersonBP/Maps/Station.Station:PersistentLevel.161615__logicmoon__deep-space_Cue_2.AudioComponent0) Not currently registered. Aborting.
[2020.04.27-08.22.21:477][253]LogPlayLevel: Display: Destroying online subsystem :Context_3
[2020.04.27-08.22.22:604][306]LogUObjectHash: Compacting FUObjectHashTables data took   0.83ms
[2020.04.27-08.22.22:741][306]LogSlate: Window 'SPACENESS - Unreal Editor' being destroyed
[2020.04.27-08.22.22:742][306]LogWindowsTextInputMethodSystem: Display: IME system now deactivated.
[2020.04.27-08.22.23:456][307]Cmd: QUIT_EDITOR
[2020.04.27-08.22.24:155][307]LogExit: Preparing to exit.
[2020.04.27-08.22.24:952][307]LogWorld: UWorld::CleanupWorld for World_0, bSessionEnded=true, bCleanupResources=true
[2020.04.27-08.22.24:993][307]LogWorld: UWorld::CleanupWorld for World_1, bSessionEnded=true, bCleanupResources=true
[2020.04.27-08.22.25:361][307]LogDemo: Cleaned up 0 splitscreen connections with owner deletion
[2020.04.27-08.22.25:606][307]LogWorld: UWorld::CleanupWorld for None, bSessionEnded=true, bCleanupResources=true
[2020.04.27-08.22.25:607][307]LogWorld: UWorld::CleanupWorld for None, bSessionEnded=true, bCleanupResources=true
[2020.04.27-08.22.25:607][307]LogExit: Editor shut down
[2020.04.27-08.22.25:608][307]LogExit: Transaction tracking system shut down
[2020.04.27-08.22.32:761][307]LogExit: Object subsystem successfully closed.
[2020.04.27-08.22.33:682][307]LogShaderCompilers: Display: Shaders left to compile 0
[2020.04.27-08.22.35:570][307]LogModuleManager: Shutting down and abandoning module MovieSceneCapture (686)
[2020.04.27-08.22.35:570][307]LogModuleManager: Shutting down and abandoning module Voice (684)
[2020.04.27-08.22.35:606][307]LogModuleManager: Shutting down and abandoning module HierarchicalLODOutliner (682)
[2020.04.27-08.22.35:606][307]LogModuleManager: Shutting down and abandoning module SceneOutliner (680)
[2020.04.27-08.22.35:606][307]LogModuleManager: Shutting down and abandoning module AddContentDialog (678)
[2020.04.27-08.22.35:649][307]LogModuleManager: Shutting down and abandoning module WidgetCarousel (677)
[2020.04.27-08.22.35:649][307]LogModuleManager: Shutting down and abandoning module EditorWidgets (674)
[2020.04.27-08.22.35:649][307]LogModuleManager: Shutting down and abandoning module CollectionManager (672)
[2020.04.27-08.22.35:687][307]LogModuleManager: Shutting down and abandoning module StatsViewer (670)
[2020.04.27-08.22.35:702][307]LogModuleManager: Shutting down and abandoning module VirtualTexturingEditor (668)
[2020.04.27-08.22.35:702][307]LogModuleManager: Shutting down and abandoning module FoliageEdit (666)
[2020.04.27-08.22.35:726][307]LogModuleManager: Shutting down and abandoning module LandscapeEditor (664)
[2020.04.27-08.22.35:763][307]LogModuleManager: Shutting down and abandoning module MeshPaintMode (662)
[2020.04.27-08.22.35:763][307]LogModuleManager: Shutting down and abandoning module SceneDepthPickerMode (660)
[2020.04.27-08.22.35:763][307]LogModuleManager: Shutting down and abandoning module ActorPickerMode (658)
[2020.04.27-08.22.35:763][307]LogModuleManager: Shutting down and abandoning module GeometryMode (656)
[2020.04.27-08.22.35:785][307]LogModuleManager: Shutting down and abandoning module TextureAlignMode (654)
[2020.04.27-08.22.35:785][307]LogModuleManager: Shutting down and abandoning module BspMode (652)
[2020.04.27-08.22.35:785][307]LogModuleManager: Shutting down and abandoning module PIEPreviewDeviceProfileSelector (650)
[2020.04.27-08.22.35:798][307]LogModuleManager: Shutting down and abandoning module SequenceRecorderSections (648)
[2020.04.27-08.22.35:802][307]LogModuleManager: Shutting down and abandoning module AutomationWorker (646)
[2020.04.27-08.22.35:803][307]LogModuleManager: Shutting down and abandoning module OculusMR (644)
[2020.04.27-08.22.35:803][307]LogModuleManager: Shutting down and abandoning module AudioCaptureEditor (642)
[2020.04.27-08.22.35:822][307]LogModuleManager: Shutting down and abandoning module MatineeToLevelSequence (640)
[2020.04.27-08.22.35:836][307]LogModuleManager: Shutting down and abandoning module LevelSequenceEditor (638)
[2020.04.27-08.22.35:947][307]LogModuleManager: Shutting down and abandoning module PlacementMode (637)
[2020.04.27-08.22.35:947][307]LogModuleManager: Shutting down and abandoning module MaterialEditor (636)
[2020.04.27-08.22.35:999][307]LogModuleManager: Shutting down and abandoning module ActorSequenceEditor (632)
[2020.04.27-08.22.36:010][307]LogModuleManager: Shutting down and abandoning module WmfMediaFactory (630)
[2020.04.27-08.22.36:011][307]LogModuleManager: Shutting down and abandoning module WmfMediaEditor (628)
[2020.04.27-08.22.36:011][307]LogModuleManager: Shutting down and abandoning module WebMMediaFactory (626)
[2020.04.27-08.22.36:011][307]LogModuleManager: Shutting down and abandoning module WebMMediaEditor (624)
[2020.04.27-08.22.36:011][307]LogModuleManager: Shutting down and abandoning module WebMMedia (622)
[2020.04.27-08.22.36:026][307]LogModuleManager: Shutting down and abandoning module MediaPlayerEditor (620)
[2020.04.27-08.22.36:064][307]LogModuleManager: Shutting down and abandoning module MediaCompositingEditor (618)
[2020.04.27-08.22.36:149][307]LogModuleManager: Shutting down and abandoning module SequenceRecorder (617)
[2020.04.27-08.22.36:149][307]LogModuleManager: Shutting down and abandoning module OpenExrWrapper (614)
[2020.04.27-08.22.36:149][307]LogModuleManager: Shutting down and abandoning module ImgMediaFactory (612)
[2020.04.27-08.22.36:149][307]LogModuleManager: Shutting down and abandoning module ImgMediaEditor (610)
[2020.04.27-08.22.36:149][307]LogModuleManager: Shutting down and abandoning module AvfMediaFactory (608)
[2020.04.27-08.22.36:149][307]LogModuleManager: Shutting down and abandoning module AvfMediaEditor (606)
[2020.04.27-08.22.36:149][307]LogModuleManager: Shutting down and abandoning module AndroidMediaFactory (604)
[2020.04.27-08.22.36:149][307]LogModuleManager: Shutting down and abandoning module AndroidMediaEditor (602)
[2020.04.27-08.22.36:149][307]LogModuleManager: Shutting down and abandoning module MagicLeapCameraPreviewFactory (600)
[2020.04.27-08.22.36:149][307]LogModuleManager: Shutting down and abandoning module MagicLeapMediaCodecFactory (598)
[2020.04.27-08.22.36:149][307]LogModuleManager: Shutting down and abandoning module MagicLeapMediaFactory (596)
[2020.04.27-08.22.36:149][307]LogModuleManager: Shutting down and abandoning module MagicLeapMediaEditor (594)
[2020.04.27-08.22.36:149][307]LogModuleManager: Shutting down and abandoning module CharacterAI (592)
[2020.04.27-08.22.36:149][307]LogModuleManager: Shutting down and abandoning module SmartSnapping (590)
[2020.04.27-08.22.36:149][307]LogModuleManager: Shutting down and abandoning module SessionServices (588)
[2020.04.27-08.22.36:149][307]LogModuleManager: Shutting down and abandoning module MeshPaint (586)
[2020.04.27-08.22.36:176][307]LogModuleManager: Shutting down and abandoning module ViewportSnapping (584)
[2020.04.27-08.22.36:176][307]LogModuleManager: Shutting down and abandoning module ViewportInteraction (582)
[2020.04.27-08.22.36:176][307]LogModuleManager: Shutting down and abandoning module ClothPainter (580)
[2020.04.27-08.22.36:201][307]LogModuleManager: Shutting down and abandoning module SkeletalMeshEditor (579)
[2020.04.27-08.22.36:237][307]LogModuleManager: Shutting down and abandoning module LogVisualizer (576)
[2020.04.27-08.22.36:257][307]LogModuleManager: Shutting down and abandoning module IntroTutorials (574)
[2020.04.27-08.22.36:258][307]LogModuleManager: Shutting down and abandoning module GameProjectGeneration (573)
[2020.04.27-08.22.36:268][307]LogModuleManager: Shutting down and abandoning module LuminPlatformEditor (570)
[2020.04.27-08.22.36:268][307]LogModuleManager: Shutting down and abandoning module IOSPlatformEditor (568)
[2020.04.27-08.22.36:282][307]LogModuleManager: Shutting down and abandoning module HTML5PlatformEditor (566)
[2020.04.27-08.22.36:282][307]LogModuleManager: Shutting down and abandoning module AndroidPlatformEditor (564)
[2020.04.27-08.22.36:282][307]LogModuleManager: Shutting down and abandoning module AndroidDeviceDetection (563)
[2020.04.27-08.22.37:082][307]LogModuleManager: Shutting down and abandoning module WindowsPlatformEditor (560)
[2020.04.27-08.22.37:083][307]LogModuleManager: Shutting down and abandoning module LuminRuntimeSettings (558)
[2020.04.27-08.22.37:083][307]LogModuleManager: Shutting down and abandoning module IOSRuntimeSettings (556)
[2020.04.27-08.22.37:083][307]LogModuleManager: Shutting down and abandoning module AndroidRuntimeSettings (554)
[2020.04.27-08.22.37:083][307]LogModuleManager: Shutting down and abandoning module TimeManagementEditor (552)
[2020.04.27-08.22.37:083][307]LogModuleManager: Shutting down and abandoning module InputBindingEditor (550)
[2020.04.27-08.22.37:102][307]LogModuleManager: Shutting down and abandoning module MergeActors (548)
[2020.04.27-08.22.37:134][307]LogModuleManager: Shutting down and abandoning module LocalizationDashboard (546)
[2020.04.27-08.22.37:187][307]LogModuleManager: Shutting down and abandoning module LocalizationService (545)
[2020.04.27-08.22.37:200][307]LogModuleManager: Shutting down and abandoning module HardwareTargeting (542)
[2020.04.27-08.22.37:201][307]LogModuleManager: Shutting down and abandoning module DeviceProfileEditor (540)
[2020.04.27-08.22.37:219][307]LogModuleManager: Shutting down and abandoning module UndoHistory (538)
[2020.04.27-08.22.37:235][307]LogModuleManager: Shutting down and abandoning module XmlParser (536)
[2020.04.27-08.22.37:240][307]LogModuleManager: Shutting down and abandoning module Blutility (534)
[2020.04.27-08.22.37:266][307]LogModuleManager: Shutting down and abandoning module ProjectSettingsViewer (532)
[2020.04.27-08.22.37:266][307]LogModuleManager: Shutting down and abandoning module ProjectTargetPlatformEditor (531)
[2020.04.27-08.22.37:267][307]LogModuleManager: Shutting down and abandoning module EditorSettingsViewer (528)
[2020.04.27-08.22.37:267][307]LogModuleManager: Shutting down and abandoning module SettingsEditor (526)
[2020.04.27-08.22.37:310][307]LogModuleManager: Shutting down and abandoning module ProjectLauncher (524)
[2020.04.27-08.22.37:325][307]LogModuleManager: Shutting down and abandoning module SessionFrontend (522)
[2020.04.27-08.22.37:346][307]LogModuleManager: Shutting down and abandoning module ProfilerClient (520)
[2020.04.27-08.22.37:352][307]LogModuleManager: Shutting down and abandoning module DeviceManager (518)
[2020.04.27-08.22.37:419][307]LogModuleManager: Shutting down and abandoning module TargetDeviceServices (517)
[2020.04.27-08.22.37:470][307]LogModuleManager: Shutting down and abandoning module AutomationController (514)
[2020.04.27-08.22.37:486][307]LogModuleManager: Shutting down and abandoning module AutomationWindow (512)
[2020.04.27-08.22.37:506][307]LogModuleManager: Shutting down and abandoning module Layers (510)
[2020.04.27-08.22.37:557][307]LogModuleManager: Shutting down and abandoning module ComponentVisualizers (508)
[2020.04.27-08.22.37:558][307]LogModuleManager: Shutting down and abandoning module DetailCustomizations (506)
[2020.04.27-08.22.37:558][307]LogModuleManager: Shutting down and abandoning module PackagesDialog (504)
[2020.04.27-08.22.37:567][307]LogModuleManager: Shutting down and abandoning module AnimationBlueprintEditor (502)
[2020.04.27-08.22.37:654][307]LogModuleManager: Shutting down and abandoning module Persona (500)
[2020.04.27-08.22.37:688][307]LogModuleManager: Shutting down and abandoning module AdvancedPreviewScene (499)
[2020.04.27-08.22.37:688][307]LogModuleManager: Shutting down and abandoning module AnimGraph (497)
[2020.04.27-08.22.37:688][307]LogModuleManager: Shutting down and abandoning module Kismet (494)
[2020.04.27-08.22.37:754][307]LogModuleManager: Shutting down and abandoning module KismetWidgets (493)
[2020.04.27-08.22.37:771][307]LogModuleManager: Shutting down and abandoning module GraphEditor (490)
[2020.04.27-08.22.37:811][307]LogModuleManager: Shutting down and abandoning module StructViewer (488)
[2020.04.27-08.22.37:811][307]LogModuleManager: Shutting down and abandoning module ClassViewer (486)
[2020.04.27-08.22.37:811][307]LogModuleManager: Shutting down and abandoning module Toolbox (484)
[2020.04.27-08.22.37:811][307]LogModuleManager: Shutting down and abandoning module ModuleUI (482)
[2020.04.27-08.22.37:826][307]LogModuleManager: Shutting down and abandoning module MovieSceneTools (480)
[2020.04.27-08.22.37:891][307]LogModuleManager: Shutting down and abandoning module OutputLog (478)
[2020.04.27-08.22.37:910][307]LogModuleManager: Shutting down and abandoning module GammaUI (476)
[2020.04.27-08.22.37:915][307]LogModuleManager: Shutting down and abandoning module Documentation (474)
[2020.04.27-08.22.37:915][307]LogModuleManager: Shutting down and abandoning module LiveCoding (472)
[2020.04.27-08.22.37:926][307]LogModuleManager: Shutting down and abandoning module LevelSequence (470)
[2020.04.27-08.22.37:926][307]LogModuleManager: Shutting down and abandoning module MovieSceneTracks (468)
[2020.04.27-08.22.37:926][307]LogModuleManager: Shutting down and abandoning module MovieScene (466)
[2020.04.27-08.22.37:926][307]LogModuleManager: Shutting down and abandoning module StreamingPauseRendering (464)
[2020.04.27-08.22.37:932][307]LogModuleManager: Shutting down and abandoning module LauncherPlatform (462)
[2020.04.27-08.22.37:933][307]LogModuleManager: Shutting down and abandoning module AnalyticsET (460)
[2020.04.27-08.22.37:933][307]LogModuleManager: Shutting down and abandoning module PortalServices (458)
[2020.04.27-08.22.37:933][307]LogModuleManager: Shutting down and abandoning module PortalRpc (456)
[2020.04.27-08.22.37:933][307]LogModuleManager: Shutting down and abandoning module MessagingRpc (454)
[2020.04.27-08.22.37:933][307]LogModuleManager: Shutting down and abandoning module AIModule (452)
[2020.04.27-08.22.37:976][307]LogModuleManager: Shutting down and abandoning module GameplayDebugger (451)
[2020.04.27-08.22.37:976][307]LogModuleManager: Shutting down and abandoning module AITestSuite (449)
[2020.04.27-08.22.37:976][307]LogModuleManager: Shutting down and abandoning module NavigationSystem (447)
[2020.04.27-08.22.37:976][307]LogModuleManager: Shutting down and abandoning module DesktopPlatform (444)
[2020.04.27-08.22.37:988][307]LogModuleManager: Shutting down and abandoning module ImageWriteQueue (442)
[2020.04.27-08.22.37:996][307]LogModuleManager: Shutting down and abandoning module ProfilerService (440)
[2020.04.27-08.22.38:183][307]LogModuleManager: Shutting down and abandoning module TaskGraph (438)
[2020.04.27-08.22.38:223][307]LogModuleManager: Shutting down and abandoning module ScreenshotTools (436)
[2020.04.27-08.22.38:223][307]LogModuleManager: Shutting down and abandoning module SteamVRController (434)
[2020.04.27-08.22.38:223][307]LogModuleManager: Shutting down and abandoning module ProceduralMeshComponentEditor (432)
[2020.04.27-08.22.38:223][307]LogModuleManager: Shutting down and abandoning module ProceduralMeshComponent (430)
[2020.04.27-08.22.38:239][307]LogModuleManager: Shutting down and abandoning module OculusEditor (428)
[2020.04.27-08.22.38:251][307]LogModuleManager: Shutting down and abandoning module OculusInput (426)
[2020.04.27-08.22.38:251][307]LogModuleManager: Shutting down and abandoning module MobilePatchingUtils (424)
[2020.04.27-08.22.38:251][307]LogModuleManager: Shutting down and abandoning module EditableMesh (422)
[2020.04.27-08.22.38:261][307]LogModuleManager: Shutting down and abandoning module CustomMeshComponent (420)
[2020.04.27-08.22.38:261][307]LogModuleManager: Shutting down and abandoning module CableComponent (418)
[2020.04.27-08.22.38:261][307]LogModuleManager: Shutting down and abandoning module AudioCapture (416)
[2020.04.27-08.22.38:261][307]LogModuleManager: Shutting down and abandoning module ArchVisCharacter (414)
[2020.04.27-08.22.38:261][307]LogModuleManager: Shutting down and abandoning module AppleImageUtilsBlueprintSupport (412)
[2020.04.27-08.22.38:261][307]LogModuleManager: Shutting down and abandoning module AppleImageUtils (410)
[2020.04.27-08.22.38:261][307]LogModuleManager: Shutting down and abandoning module AndroidPermission (408)
[2020.04.27-08.22.38:262][307]LogModuleManager: Shutting down and abandoning module NUTUnrealEngine4 (406)
[2020.04.27-08.22.38:276][307]LogModuleManager: Shutting down and abandoning module NetcodeUnitTest (404)
[2020.04.27-08.22.38:289][307]LogModuleManager: Shutting down and abandoning module MediaCompositing (402)
[2020.04.27-08.22.38:289][307]LogModuleManager: Shutting down and abandoning module ImgMedia (400)
[2020.04.27-08.22.38:303][307]LogModuleManager: Shutting down and abandoning module MagicLeapHelperVulkan (398)
[2020.04.27-08.22.38:303][307]LogModuleManager: Shutting down and abandoning module MagicLeapHelperOpenGL (396)
[2020.04.27-08.22.38:303][307]LogModuleManager: Shutting down and abandoning module MagicLeapAudio (394)
[2020.04.27-08.22.38:317][307]LogModuleManager: Shutting down and abandoning module NiagaraEditorWidgets (392)
[2020.04.27-08.22.38:367][307]LogModuleManager: Shutting down and abandoning module HTML5Networking (390)
[2020.04.27-08.22.38:367][307]LogModuleManager: Shutting down and abandoning module GeometryCacheTracks (388)
[2020.04.27-08.22.38:367][307]LogModuleManager: Shutting down and abandoning module GeometryCacheSequencer (386)
[2020.04.27-08.22.38:367][307]LogModuleManager: Shutting down and abandoning module BackChannel (384)
[2020.04.27-08.22.38:385][307]LogModuleManager: Shutting down and abandoning module AutomationUtilsEditor (382)
[2020.04.27-08.22.38:385][307]LogModuleManager: Shutting down and abandoning module AutomationUtils (380)
[2020.04.27-08.22.38:385][307]LogModuleManager: Shutting down and abandoning module AlembicImporter (378)
[2020.04.27-08.22.38:392][307]LogModuleManager: Shutting down and abandoning module AlembicLibrary (377)
[2020.04.27-08.22.38:392][307]LogModuleManager: Shutting down and abandoning module GeometryCache (376)
[2020.04.27-08.22.38:392][307]LogModuleManager: Shutting down and abandoning module GeometryCacheEd (375)
[2020.04.27-08.22.38:392][307]LogModuleManager: Shutting down and abandoning module VariantManagerContent (370)
[2020.04.27-08.22.38:392][307]LogModuleManager: Shutting down and abandoning module DatasmithContentEditor (368)
[2020.04.27-08.22.38:392][307]LogModuleManager: Shutting down and abandoning module SpeedTreeImporter (366)
[2020.04.27-08.22.38:392][307]LogModuleManager: Shutting down and abandoning module PluginBrowser (364)
[2020.04.27-08.22.38:422][307]LogModuleManager: Shutting down and abandoning module MobileLauncherProfileWizard (362)
[2020.04.27-08.22.38:441][307]LogModuleManager: Shutting down and abandoning module MaterialAnalyzer (360)
[2020.04.27-08.22.38:449][307]LogModuleManager: Shutting down and abandoning module CurveEditorTools (358)
[2020.04.27-08.22.38:477][307]LogModuleManager: Shutting down and abandoning module CurveEditor (357)
[2020.04.27-08.22.38:494][307]LogModuleManager: Shutting down and abandoning module CryptoKeysOpenSSL (354)
[2020.04.27-08.22.38:494][307]LogModuleManager: Shutting down and abandoning module CryptoKeys (352)
[2020.04.27-08.22.38:494][307]LogModuleManager: Shutting down and abandoning module VisualStudioSourceCodeAccess (350)
[2020.04.27-08.22.38:512][307]LogModuleManager: Shutting down and abandoning module VisualStudioCodeSourceCodeAccess (348)
[2020.04.27-08.22.38:512][307]LogModuleManager: Shutting down and abandoning module UObjectPlugin (346)
[2020.04.27-08.22.38:512][307]LogModuleManager: Shutting down and abandoning module SubversionSourceControl (344)
[2020.04.27-08.22.38:518][307]LogModuleManager: Shutting down and abandoning module PerforceSourceControl (342)
[2020.04.27-08.22.38:530][307]LogModuleManager: Shutting down and abandoning module GitSourceControl (340)
[2020.04.27-08.22.38:570][307]LogModuleManager: Shutting down and abandoning module SourceControl (339)
[2020.04.27-08.22.38:612][307]LogModuleManager: Shutting down and abandoning module CLionSourceCodeAccess (336)
[2020.04.27-08.22.38:612][307]LogModuleManager: Shutting down and abandoning module AnimationSharingEd (334)
[2020.04.27-08.22.38:612][307]LogModuleManager: Shutting down and abandoning module ActorLayerUtilitiesEditor (332)
[2020.04.27-08.22.38:612][307]LogModuleManager: Shutting down and abandoning module ActorLayerUtilities (330)
[2020.04.27-08.22.38:612][307]LogModuleManager: Shutting down and abandoning module LightPropagationVolumeEditor (328)
[2020.04.27-08.22.38:612][307]LogModuleManager: Shutting down and abandoning module PaperTiledImporter (326)
[2020.04.27-08.22.38:612][307]LogModuleManager: Shutting down and abandoning module PaperSpriteSheetImporter (324)
[2020.04.27-08.22.38:612][307]LogModuleManager: Shutting down and abandoning module Paper2DEditor (322)
[2020.04.27-08.22.38:694][307]LogModuleManager: Shutting down and abandoning module SignificanceManager (320)
[2020.04.27-08.22.38:694][307]LogModuleManager: Shutting down and abandoning module RuntimePhysXCooking (318)
[2020.04.27-08.22.38:694][307]LogModuleManager: Shutting down and abandoning module PhysXVehiclesEditor (316)
[2020.04.27-08.22.38:694][307]LogModuleManager: Shutting down and abandoning module LocationServicesBPLibrary (312)
[2020.04.27-08.22.38:694][307]LogModuleManager: Shutting down and abandoning module ActorSequence (310)
[2020.04.27-08.22.38:694][307]LogModuleManager: Shutting down and abandoning module UdpMessaging (308)
[2020.04.27-08.22.38:796][307]LogModuleManager: Shutting down and abandoning module TcpMessaging (306)
[2020.04.27-08.22.38:909][307]LogModuleManager: Shutting down and abandoning module MagicLeapIdentity (304)
[2020.04.27-08.22.38:909][307]LogModuleManager: Shutting down and abandoning module MagicLeapSecureStorage (302)
[2020.04.27-08.22.38:909][307]LogModuleManager: Shutting down and abandoning module MagicLeapHandTracking (300)
[2020.04.27-08.22.38:921][307]LogModuleManager: Shutting down and abandoning module MagicLeapEyeTracker (298)
[2020.04.27-08.22.38:921][307]LogModuleManager: Shutting down and abandoning module MagicLeapController (296)
[2020.04.27-08.22.38:932][307]LogSlate: Slate User Destroyed.  User Index 0, Is Virtual User: 0
[2020.04.27-08.22.38:932][307]LogModuleManager: Shutting down and abandoning module MagicLeapAR (294)
[2020.04.27-08.22.38:932][307]LogModuleManager: Shutting down and abandoning module AugmentedReality (293)
[2020.04.27-08.22.38:932][307]LogModuleManager: Shutting down and abandoning module NiagaraEditor (290)
[2020.04.27-08.22.38:961][307]LogModuleManager: Shutting down and abandoning module NiagaraAnimNotifies (288)
[2020.04.27-08.22.38:961][307]LogModuleManager: Shutting down and abandoning module Niagara (286)
[2020.04.27-08.22.38:989][307]LogModuleManager: Shutting down and abandoning module NiagaraCore (284)
[2020.04.27-08.22.38:989][307]LogModuleManager: Shutting down and abandoning module GameplayTagsEditor (282)
[2020.04.27-08.22.39:007][307]LogModuleManager: Shutting down and abandoning module FacialAnimationEditor (280)
[2020.04.27-08.22.39:007][307]LogModuleManager: Shutting down and abandoning module FacialAnimation (278)
[2020.04.27-08.22.39:007][307]LogModuleManager: Shutting down and abandoning module DataValidation (276)
[2020.04.27-08.22.39:022][307]LogModuleManager: Shutting down and abandoning module AssetManagerEditor (274)
[2020.04.27-08.22.39:063][307]LogModuleManager: Shutting down and abandoning module LevelEditor (273)
[2020.04.27-08.22.39:139][307]LogModuleManager: Shutting down and abandoning module PixelInspectorModule (272)
[2020.04.27-08.22.39:156][307]LogModuleManager: Shutting down and abandoning module CommonMenuExtensions (270)
[2020.04.27-08.22.39:169][307]LogModuleManager: Shutting down and abandoning module MainFrame (268)
[2020.04.27-08.22.39:187][307]LogModuleManager: Shutting down and abandoning module HotReload (267)
[2020.04.27-08.22.39:197][307]LogModuleManager: Shutting down and abandoning module ContentBrowser (263)
[2020.04.27-08.22.39:198][307]LogModuleManager: Shutting down and abandoning module TreeMap (261)
[2020.04.27-08.22.39:212][307]LogModuleManager: Shutting down and abandoning module AnimationSharing (258)
[2020.04.27-08.22.39:212][307]LogModuleManager: Shutting down and abandoning module LightPropagationVolumeRuntime (256)
[2020.04.27-08.22.39:212][307]LogModuleManager: Shutting down and abandoning module Paper2D (254)
[2020.04.27-08.22.39:221][307]LogModuleManager: Shutting down and abandoning module WindowsMoviePlayer (252)
[2020.04.27-08.22.39:234][307]LogModuleManager: Shutting down and abandoning module WebMMoviePlayer (250)
[2020.04.27-08.22.39:243][307]LogModuleManager: Shutting down and abandoning module NetworkReplayStreaming (248)
[2020.04.27-08.22.39:243][307]LogModuleManager: Shutting down and abandoning module PacketHandler (246)
[2020.04.27-08.22.39:243][307]LogModuleManager: Shutting down and abandoning module ClothingSystemEditor (244)
[2020.04.27-08.22.39:243][307]LogModuleManager: Shutting down and abandoning module ClothingSystemRuntime (242)
[2020.04.27-08.22.39:258][307]LogModuleManager: Shutting down and abandoning module MediaAssets (240)
[2020.04.27-08.22.39:258][307]LogModuleManager: Shutting down and abandoning module Overlay (238)
[2020.04.27-08.22.39:258][307]LogModuleManager: Shutting down and abandoning module OverlayEditor (237)
[2020.04.27-08.22.39:258][307]LogModuleManager: Shutting down and abandoning module VREditor (234)
[2020.04.27-08.22.39:279][307]LogModuleManager: Shutting down and abandoning module StringTableEditor (232)
[2020.04.27-08.22.39:301][307]LogModuleManager: Shutting down and abandoning module GameplayTasksEditor (230)
[2020.04.27-08.22.39:301][307]LogModuleManager: Shutting down and abandoning module BehaviorTreeEditor (228)
[2020.04.27-08.22.39:354][307]LogModuleManager: Shutting down and abandoning module FunctionalTesting (226)
[2020.04.27-08.22.39:371][307]LogModuleManager: Shutting down and abandoning module CollisionAnalyzer (224)
[2020.04.27-08.22.39:411][307]LogModuleManager: Shutting down and abandoning module WorkspaceMenuStructure (223)
[2020.04.27-08.22.39:415][307]LogModuleManager: Shutting down and abandoning module UMG (220)
[2020.04.27-08.22.39:415][307]LogModuleManager: Shutting down and abandoning module UMGEditor (219)
[2020.04.27-08.22.39:423][307]LogModuleManager: Shutting down and abandoning module Sequencer (218)
[2020.04.27-08.22.39:484][307]LogModuleManager: Shutting down and abandoning module MessageLog (215)
[2020.04.27-08.22.39:484][307]LogModuleManager: Shutting down and abandoning module SlateReflector (210)
[2020.04.27-08.22.39:538][307]LogModuleManager: Shutting down and abandoning module Slate (208)
[2020.04.27-08.22.39:538][307]LogModuleManager: Shutting down and abandoning module LandscapeEditorUtilities (206)
[2020.04.27-08.22.39:538][307]LogModuleManager: Shutting down and abandoning module EditorStyle (204)
[2020.04.27-08.22.39:553][307]LogModuleManager: Shutting down and abandoning module UnrealEd (202)
[2020.04.27-08.22.39:601][307]LogModuleManager: Shutting down and abandoning module MRMesh (200)
[2020.04.27-08.22.39:601][307]LogModuleManager: Shutting down and abandoning module SourceCodeAccess (198)
[2020.04.27-08.22.39:601][307]LogModuleManager: Shutting down and abandoning module HeadMountedDisplay (196)
[2020.04.27-08.22.39:601][307]LogModuleManager: Shutting down and abandoning module XAudio2 (194)
[2020.04.27-08.22.39:601][307]LogModuleManager: Shutting down and abandoning module Networking (192)
[2020.04.27-08.22.39:601][307]LogModuleManager: Shutting down and abandoning module Core (190)
[2020.04.27-08.22.39:602][307]LogModuleManager: Shutting down and abandoning module KismetCompiler (188)
[2020.04.27-08.22.39:602][307]LogModuleManager: Shutting down and abandoning module MeshUtilities (186)
[2020.04.27-08.22.39:635][307]LogModuleManager: Shutting down and abandoning module MeshMergeUtilities (185)
[2020.04.27-08.22.39:652][307]LogModuleManager: Shutting down and abandoning module MeshReductionInterface (184)
[2020.04.27-08.22.39:652][307]LogModuleManager: Shutting down and abandoning module SkeletalMeshReduction (183)
[2020.04.27-08.22.39:673][307]LogModuleManager: Shutting down and abandoning module ProxyLODMeshReduction (181)
[2020.04.27-08.22.39:706][307]LogModuleManager: Shutting down and abandoning module QuadricMeshReduction (179)
[2020.04.27-08.22.39:721][307]LogModuleManager: Shutting down and abandoning module MaterialBaking (175)
[2020.04.27-08.22.39:728][307]LogModuleManager: Shutting down and abandoning module NullInstallBundleManager (170)
[2020.04.27-08.22.39:729][307]LogModuleManager: Shutting down and abandoning module DerivedDataCache (168)
[2020.04.27-08.22.39:802][307]LogDerivedDataCache: Shutdown
[2020.04.27-08.22.39:802][307]LogModuleManager: Shutting down and abandoning module XGEController (166)
[2020.04.27-08.22.39:802][307]LogXGEController: Cleaning working directory: C:/Users/Маша/AppData/Local/Temp/UnrealXGEWorkingDir/
[2020.04.27-08.22.39:809][307]LogModuleManager: Shutting down and abandoning module TargetPlatform (164)
[2020.04.27-08.22.39:816][307]LogModuleManager: Shutting down and abandoning module VulkanShaderFormat (163)
[2020.04.27-08.22.39:835][307]LogModuleManager: Shutting down and abandoning module ShaderFormatVectorVM (161)
[2020.04.27-08.22.39:857][307]LogModuleManager: Shutting down and abandoning module ShaderFormatOpenGL (159)
[2020.04.27-08.22.39:896][307]LogModuleManager: Shutting down and abandoning module ShaderFormatD3D (157)
[2020.04.27-08.22.39:914][307]LogModuleManager: Shutting down and abandoning module MetalShaderFormat (155)
[2020.04.27-08.22.39:938][307]LogModuleManager: Shutting down and abandoning module TextureFormatUncompressed (153)
[2020.04.27-08.22.39:938][307]LogModuleManager: Shutting down and abandoning module TextureFormatPVR (151)
[2020.04.27-08.22.39:938][307]LogModuleManager: Shutting down and abandoning module TextureFormatDXT (149)
[2020.04.27-08.22.39:957][307]LogModuleManager: Shutting down and abandoning module TextureFormatIntelISPCTexComp (147)
[2020.04.27-08.22.39:967][307]LogModuleManager: Shutting down and abandoning module TextureFormatASTC (145)
[2020.04.27-08.22.39:967][307]LogModuleManager: Shutting down and abandoning module ImageWrapper (144)
[2020.04.27-08.22.39:967][307]LogModuleManager: Shutting down and abandoning module TextureFormatAndroid (141)
[2020.04.27-08.22.39:967][307]LogModuleManager: Shutting down and abandoning module AudioFormatOpus (139)
[2020.04.27-08.22.39:979][307]LogModuleManager: Shutting down and abandoning module AudioFormatOgg (137)
[2020.04.27-08.22.39:979][307]LogModuleManager: Shutting down and abandoning module AudioFormatADPCM (135)
[2020.04.27-08.22.39:979][307]LogModuleManager: Shutting down and abandoning module LuminTargetPlatform (133)
[2020.04.27-08.22.39:989][307]LogModuleManager: Shutting down and abandoning module LinuxTargetPlatform (131)
[2020.04.27-08.22.39:989][307]LogModuleManager: Shutting down and abandoning module LinuxServerTargetPlatform (129)
[2020.04.27-08.22.40:003][307]LogModuleManager: Shutting down and abandoning module LinuxNoEditorTargetPlatform (127)
[2020.04.27-08.22.40:010][307]LogModuleManager: Shutting down and abandoning module LinuxClientTargetPlatform (125)
[2020.04.27-08.22.40:011][307]LogModuleManager: Shutting down and abandoning module TVOSTargetPlatform (123)
[2020.04.27-08.22.40:012][307]LogModuleManager: Shutting down and abandoning module Messaging (121)
[2020.04.27-08.22.40:012][307]LogModuleManager: Shutting down and abandoning module IOSTargetPlatform (119)
[2020.04.27-08.22.40:013][307]LogModuleManager: Shutting down and abandoning module HTML5TargetPlatform (117)
[2020.04.27-08.22.40:013][307]LogModuleManager: Shutting down and abandoning module AndroidTargetPlatform (115)
[2020.04.27-08.22.40:021][307]LogModuleManager: Shutting down and abandoning module WindowsTargetPlatform (113)
[2020.04.27-08.22.40:021][307]LogModuleManager: Shutting down and abandoning module WindowsServerTargetPlatform (111)
[2020.04.27-08.22.40:021][307]LogModuleManager: Shutting down and abandoning module WindowsNoEditorTargetPlatform (109)
[2020.04.27-08.22.40:021][307]LogModuleManager: Shutting down and abandoning module WindowsClientTargetPlatform (107)
[2020.04.27-08.22.40:021][307]LogModuleManager: Shutting down and abandoning module MacTargetPlatform (105)
[2020.04.27-08.22.40:021][307]LogModuleManager: Shutting down and abandoning module MacServerTargetPlatform (103)
[2020.04.27-08.22.40:021][307]LogModuleManager: Shutting down and abandoning module MacNoEditorTargetPlatform (101)
[2020.04.27-08.22.40:021][307]LogModuleManager: Shutting down and abandoning module MacClientTargetPlatform (99)
[2020.04.27-08.22.40:021][307]LogModuleManager: Shutting down and abandoning module AllDesktopTargetPlatform (97)
[2020.04.27-08.22.40:021][307]LogModuleManager: Shutting down and abandoning module InputCore (94)
[2020.04.27-08.22.40:021][307]LogModuleManager: Shutting down and abandoning module Settings (92)
[2020.04.27-08.22.40:021][307]LogModuleManager: Shutting down and abandoning module DirectoryWatcher (90)
[2020.04.27-08.22.40:021][307]LogModuleManager: Shutting down and abandoning module PhysXCooking (88)
[2020.04.27-08.22.40:021][307]LogModuleManager: Shutting down and abandoning module WindowsPlatformFeatures (86)
[2020.04.27-08.22.40:021][307]LogModuleManager: Shutting down and abandoning module GameplayMediaEncoder (85)
[2020.04.27-08.22.40:030][307]LogModuleManager: Shutting down and abandoning module SteamVR (82)
[2020.04.27-08.22.40:044][307]LogHMD: Freeing OpenVRDLLHandle.
[2020.04.27-08.22.40:044][307]LogModuleManager: Shutting down and abandoning module OculusHMD (80)
[2020.04.27-08.22.40:051][307]LogModuleManager: Shutting down and abandoning module ExampleDeviceProfileSelector (78)
[2020.04.27-08.22.40:051][307]LogModuleManager: Shutting down and abandoning module LauncherChunkInstaller (76)
[2020.04.27-08.22.40:051][307]LogModuleManager: Shutting down and abandoning module OnlineBlueprintSupport (74)
[2020.04.27-08.22.40:051][307]LogModuleManager: Shutting down and abandoning module OnlineSubsystem (70)
[2020.04.27-08.22.40:064][307]LogModuleManager: Shutting down and abandoning module XMPP (65)
[2020.04.27-08.22.40:080][307]LogModuleManager: Shutting down and abandoning module WebSockets (64)
[2020.04.27-08.22.40:188][307]LogModuleManager: Shutting down and abandoning module HTTP (61)
[2020.04.27-08.22.40:188][307]LogHttp: Display: Http module shutting down, but needs to wait on 1 outstanding Http requests:
[2020.04.27-08.22.40:188][307]LogHttp: Display: 	verb=[POST] url=[https://datarouter.ol.epicgames.com/datarouter/api/v1/public/data?SessionID=%7BEDAB90E4-47B8-839B-5C0E-AA827942C21A%7D&AppID=UEEditor.Rocket.Release&AppVersion=4.23.1-9631420%2B%2B%2BUE4%2BRelease-4.23&UserID=64525e0d4420d360a6cb86b41ed9f127%7Cf75d8efd65674e05a88876d3b33c1d3c%7C2bd46639-7b9e-410f-9b81-a573976cc01c&AppEnvironment=datacollector-binary&UploadType=eteventstream] status=Processing
[2020.04.27-08.22.40:216][307]LogModuleManager: Shutting down and abandoning module SSL (60)
[2020.04.27-08.22.40:233][307]LogModuleManager: Shutting down and abandoning module WmfMedia (56)
[2020.04.27-08.22.40:259][307]LogModuleManager: Shutting down and abandoning module Media (55)
[2020.04.27-08.22.40:262][307]LogModuleManager: Shutting down and abandoning module MagicLeap (52)
[2020.04.27-08.22.40:272][307]LogModuleManager: Shutting down and abandoning module NiagaraVertexFactories (50)
[2020.04.27-08.22.40:272][307]LogModuleManager: Shutting down and abandoning module NiagaraShader (48)
[2020.04.27-08.22.40:273][307]LogModuleManager: Shutting down and abandoning module DatasmithContent (46)
[2020.04.27-08.22.40:273][307]LogModuleManager: Shutting down and abandoning module AISupportModule (44)
[2020.04.27-08.22.40:274][307]LogModuleManager: Shutting down and abandoning module PlatformCryptoOpenSSL (42)
[2020.04.27-08.22.40:279][307]LogModuleManager: Shutting down and abandoning module PlatformCrypto (40)
[2020.04.27-08.22.40:280][307]LogModuleManager: Shutting down and abandoning module AnimationModifiers (38)
[2020.04.27-08.22.40:295][307]LogModuleManager: Shutting down and abandoning module PropertyEditor (37)
[2020.04.27-08.22.40:345][307]LogModuleManager: Shutting down and abandoning module AudioEditor (34)
[2020.04.27-08.22.40:390][307]LogModuleManager: Shutting down and abandoning module TextureCompressor (32)
[2020.04.27-08.22.40:403][307]LogModuleManager: Shutting down and abandoning module RenderCore (30)
[2020.04.27-08.22.40:403][307]LogModuleManager: Shutting down and abandoning module Landscape (28)
[2020.04.27-08.22.40:403][307]LogModuleManager: Shutting down and abandoning module SlateRHIRenderer (26)
[2020.04.27-08.22.40:434][307]LogModuleManager: Shutting down and abandoning module OpenGLDrv (24)
[2020.04.27-08.22.40:463][307]LogModuleManager: Shutting down and abandoning module D3D11RHI (22)
[2020.04.27-08.22.40:463][307]LogModuleManager: Shutting down and abandoning module AnimGraphRuntime (20)
[2020.04.27-08.22.40:463][307]LogModuleManager: Shutting down and abandoning module Renderer (18)
[2020.04.27-08.22.40:463][307]LogModuleManager: Shutting down and abandoning module Engine (16)
[2020.04.27-08.22.40:463][307]LogModuleManager: Shutting down and abandoning module CoreUObject (14)
[2020.04.27-08.22.40:463][307]LogModuleManager: Shutting down and abandoning module NetworkFile (12)
[2020.04.27-08.22.40:480][307]LogModuleManager: Shutting down and abandoning module CookedIterativeFile (10)
[2020.04.27-08.22.40:480][307]LogModuleManager: Shutting down and abandoning module StreamingFile (8)
[2020.04.27-08.22.40:485][307]LogModuleManager: Shutting down and abandoning module SandboxFile (6)
[2020.04.27-08.22.40:485][307]LogModuleManager: Shutting down and abandoning module PakFile (4)
[2020.04.27-08.22.40:496][307]LogModuleManager: Shutting down and abandoning module RSA (3)
[2020.04.27-08.22.40:517][307]LogD3D11RHI: Shutdown
[2020.04.27-08.22.40:531][307]LogD3D11RHI: CleanupD3DDevice
[2020.04.27-08.22.40:595][307]LogRendererCore: FGlobalDynamicReadBuffer::Cleanup()
[2020.04.27-08.22.40:654][307]LogRendererCore: FGlobalDynamicReadBuffer::Cleanup()
[2020.04.27-08.22.40:654][307]LogRendererCore: FGlobalDynamicReadBuffer::Cleanup()
[2020.04.27-08.22.41:216][307]LogD3D11RHI: ~FD3D11DynamicRHI
[2020.04.27-08.22.41:391][307]LogExit: Exiting.
[2020.04.27-08.22.41:490][307]Log file closed, 04/27/20 11:22:41
