Log file open, 05/14/20 14:04:43
LogWindows: Failed to load 'aqProf.dll' (GetLastError=126)
LogWindows: File 'aqProf.dll' does not exist
LogWindows: Failed to load 'VtuneApi.dll' (GetLastError=126)
LogWindows: File 'VtuneApi.dll' does not exist
LogWindows: Failed to load 'VtuneApi32e.dll' (GetLastError=126)
LogWindows: File 'VtuneApi32e.dll' does not exist
LogConsoleResponse: Display: Failed to find resolution value strings in scalability ini. Falling back to default.
LogInit: Display: Running engine for game: SPACENESS
LogPlatformFile: Not using cached read wrapper
LogTaskGraph: Started task graph with 5 named threads and 14 total threads with 3 sets of task threads.
LogStats: Stats thread started at 3.938945
LogD3D11RHI: Loaded GFSDK_Aftermath_Lib.x64.dll
LogICUInternationalization: ICU TimeZone Detection - Raw Offset: +3:00, Platform Override: ''
LogPluginManager: Mounting plugin Paper2D
LogPluginManager: Mounting plugin AISupport
LogPluginManager: Mounting plugin LightPropagationVolume
LogPluginManager: Mounting plugin ActorLayerUtilities
LogPluginManager: Mounting plugin AnimationSharing
LogPluginManager: Mounting plugin CLionSourceCodeAccess
LogPluginManager: Mounting plugin CodeLiteSourceCodeAccess
LogPluginManager: Mounting plugin GitSourceControl
LogPluginManager: Mounting plugin KDevelopSourceCodeAccess
LogPluginManager: Mounting plugin NullSourceCodeAccess
LogPluginManager: Mounting plugin PerforceSourceControl
LogPluginManager: Mounting plugin SubversionSourceControl
LogPluginManager: Mounting plugin UObjectPlugin
LogPluginManager: Mounting plugin VisualStudioCodeSourceCodeAccess
LogPluginManager: Mounting plugin VisualStudioSourceCodeAccess
LogPluginManager: Mounting plugin XCodeSourceCodeAccess
LogPluginManager: Mounting plugin AssetManagerEditor
LogPluginManager: Mounting plugin CryptoKeys
LogPluginManager: Mounting plugin CurveEditorTools
LogPluginManager: Mounting plugin DataValidation
LogPluginManager: Mounting plugin FacialAnimation
LogPluginManager: Mounting plugin GameplayTagsEditor
LogPluginManager: Mounting plugin MacGraphicsSwitching
LogPluginManager: Mounting plugin MaterialAnalyzer
LogPluginManager: Mounting plugin MobileLauncherProfileWizard
LogPluginManager: Mounting plugin PluginBrowser
LogPluginManager: Mounting plugin SpeedTreeImporter
LogPluginManager: Mounting plugin DatasmithContent
LogPluginManager: Mounting plugin VariantManagerContent
LogPluginManager: Mounting plugin AlembicImporter
LogPluginManager: Mounting plugin AutomationUtils
LogPluginManager: Mounting plugin BackChannel
LogPluginManager: Mounting plugin CharacterAI
LogPluginManager: Mounting plugin GeometryCache
LogPluginManager: Mounting plugin HTML5Networking
LogPluginManager: Mounting plugin PlatformCrypto
LogPluginManager: Mounting plugin ProxyLODPlugin
LogPluginManager: Mounting plugin SkeletalReduction
LogPluginManager: Mounting plugin Niagara
LogPluginManager: Mounting plugin MagicLeap
LogPluginManager: Mounting plugin MagicLeapMedia
LogPluginManager: Mounting plugin AndroidMedia
LogPluginManager: Mounting plugin AvfMedia
LogPluginManager: Mounting plugin ImgMedia
LogPluginManager: Mounting plugin MediaCompositing
LogPluginManager: Mounting plugin MediaPlayerEditor
LogPluginManager: Mounting plugin WebMMedia
LogPluginManager: Mounting plugin WmfMedia
LogPluginManager: Mounting plugin TcpMessaging
LogPluginManager: Mounting plugin UdpMessaging
LogPluginManager: Mounting plugin ActorSequence
LogPluginManager: Mounting plugin LevelSequenceEditor
LogPluginManager: Mounting plugin MatineeToLevelSequence
LogPluginManager: Mounting plugin NetcodeUnitTest
LogPluginManager: Mounting plugin NUTUnrealEngine4
LogPluginManager: Mounting plugin OnlineSubsystemGooglePlay
LogPluginManager: Mounting plugin OnlineSubsystemIOS
LogPluginManager: Mounting plugin OnlineSubsystem
LogPluginManager: Mounting plugin OnlineSubsystemNull
LogPluginManager: Mounting plugin OnlineSubsystemUtils
LogPluginManager: Mounting plugin LauncherChunkInstaller
LogPluginManager: Mounting plugin AndroidDeviceProfileSelector
LogPluginManager: Mounting plugin AndroidMoviePlayer
LogPluginManager: Mounting plugin AndroidPermission
LogPluginManager: Mounting plugin AppleImageUtils
LogPluginManager: Mounting plugin AppleMoviePlayer
LogPluginManager: Mounting plugin ArchVisCharacter
LogPluginManager: Mounting plugin AudioCapture
LogPluginManager: Mounting plugin CableComponent
LogPluginManager: Mounting plugin CustomMeshComponent
LogPluginManager: Mounting plugin EditableMesh
LogPluginManager: Mounting plugin ExampleDeviceProfileSelector
LogPluginManager: Mounting plugin GoogleCloudMessaging
LogPluginManager: Mounting plugin IOSDeviceProfileSelector
LogPluginManager: Mounting plugin LinuxDeviceProfileSelector
LogPluginManager: Mounting plugin LocationServicesBPLibrary
LogPluginManager: Mounting plugin MobilePatchingUtils
LogPluginManager: Mounting plugin OculusVR
LogPluginManager: Mounting plugin PhysXVehicles
LogPluginManager: Mounting plugin ProceduralMeshComponent
LogPluginManager: Mounting plugin RuntimePhysXCooking
LogPluginManager: Mounting plugin SignificanceManager
LogPluginManager: Mounting plugin SteamVR
LogPluginManager: Mounting plugin WebMMoviePlayer
LogPluginManager: Mounting plugin WindowsMoviePlayer
LogPluginManager: Mounting plugin ScreenshotTools
LogInit: Using libcurl 7.55.1-DEV
LogInit:  - built for x86_64-pc-win32
LogInit:  - supports SSL with OpenSSL/1.1.1
LogInit:  - supports HTTP deflate (compression) using libz 1.2.8
LogInit:  - other features:
LogInit:      CURL_VERSION_SSL
LogInit:      CURL_VERSION_LIBZ
LogInit:      CURL_VERSION_IPV6
LogInit:      CURL_VERSION_ASYNCHDNS
LogInit:      CURL_VERSION_LARGEFILE
LogInit:      CURL_VERSION_IDN
LogInit:  CurlRequestOptions (configurable via config and command line):
LogInit:  - bVerifyPeer = true  - Libcurl will verify peer certificate
LogInit:  - bUseHttpProxy = false  - Libcurl will NOT use HTTP proxy
LogInit:  - bDontReuseConnections = false  - Libcurl will reuse connections
LogInit:  - MaxHostConnections = 16  - Libcurl will limit the number of connections to a host
LogInit:  - LocalHostAddr = Default
LogInit:  - BufferSize = 65536
LogOnline: OSS: Creating online subsystem instance for: NULL
LogInit: WinSock: version 1.1 (2.2), MaxSocks=32767, MaxUdp=65467
LogInit: Build: ++UE4+Release-4.23-CL-9631420
LogInit: Engine Version: 4.23.1-9631420+++UE4+Release-4.23
LogInit: Compatible Engine Version: 4.23.0-8386587+++UE4+Release-4.23
LogInit: Net CL: 8386587
LogInit: OS: Windows 10 (Release 1903) (), CPU:        Intel(R) Core(TM) i5-3570K CPU @ 3.40GHz, GPU: NVIDIA GeForce GTX 1060 6GB
LogInit: Compiled (64-bit): Oct 18 2019 02:07:44
LogInit: Compiled with Visual C++: 19.16.27030.01
LogInit: Build Configuration: Development
LogInit: Branch Name: ++UE4+Release-4.23
LogInit: Command Line: 
LogInit: Base Directory: D:/UE_4.23/Engine/Binaries/Win64/
LogInit: Installed Engine Build: 1
LogDevObjectVersion: Number of dev versions registered: 23
LogDevObjectVersion:   Dev-Blueprints (B0D832E4-1F89-4F0D-ACCF-7EB736FD4AA2): 10
LogDevObjectVersion:   Dev-Build (E1C64328-A22C-4D53-A36C-8E866417BD8C): 0
LogDevObjectVersion:   Dev-Core (375EC13C-06E4-48FB-B500-84F0262A717E): 3
LogDevObjectVersion:   Dev-Editor (E4B068ED-F494-42E9-A231-DA0B2E46BB41): 34
LogDevObjectVersion:   Dev-Framework (CFFC743F-43B0-4480-9391-14DF171D2073): 35
LogDevObjectVersion:   Dev-Mobile (B02B49B5-BB20-44E9-A304-32B752E40360): 2
LogDevObjectVersion:   Dev-Networking (A4E4105C-59A1-49B5-A7C5-40C4547EDFEE): 0
LogDevObjectVersion:   Dev-Online (39C831C9-5AE6-47DC-9A44-9C173E1C8E7C): 0
LogDevObjectVersion:   Dev-Physics (78F01B33-EBEA-4F98-B9B4-84EACCB95AA2): 0
LogDevObjectVersion:   Dev-Platform (6631380F-2D4D-43E0-8009-CF276956A95A): 0
LogDevObjectVersion:   Dev-Rendering (12F88B9F-8875-4AFC-A67C-D90C383ABD29): 31
LogDevObjectVersion:   Dev-Sequencer (7B5AE74C-D270-4C10-A958-57980B212A5A): 11
LogDevObjectVersion:   Dev-VR (D7296918-1DD6-4BDD-9DE2-64A83CC13884): 2
LogDevObjectVersion:   Dev-LoadTimes (C2A15278-BFE7-4AFE-6C17-90FF531DF755): 1
LogDevObjectVersion:   Private-Geometry (6EACA3D4-40EC-4CC1-B786-8BED09428FC5): 3
LogDevObjectVersion:   Dev-AnimPhys (29E575DD-E0A3-4627-9D10-D276232CDCEA): 17
LogDevObjectVersion:   Dev-Anim (AF43A65D-7FD3-4947-9873-3E8ED9C1BB05): 2
LogDevObjectVersion:   Dev-ReflectionCapture (6B266CEC-1EC7-4B8F-A30B-E4D90942FC07): 1
LogDevObjectVersion:   Dev-Automation (0DF73D61-A23F-47EA-B727-89E90C41499A): 1
LogDevObjectVersion:   FortniteMain (601D1886-AC64-4F84-AA16-D3DE0DEAC7D6): 27
LogDevObjectVersion:   Dev-Enterprise (9DFFBCD6-494F-0158-E221-12823C92A888): 6
LogDevObjectVersion:   Dev-Niagara (F2AED0AC-9AFE-416F-8664-AA7FFA26D6FC): 1
LogDevObjectVersion:   Dev-Destruction (174F1F0B-B4C6-45A5-B13F-2EE8D0FB917D): 9
LogInit: Presizing for max 16777216 objects, including 0 objects not considered by GC, pre-allocating 0 bytes for permanent pool.
LogInit: Object subsystem initialized
LogConfig: Setting CVar [[con.DebugEarlyDefault:1]]
LogConfig: Setting CVar [[r.setres:1280x720]]
[2020.05.14-11.04.46:412][  0]LogConfig: Setting CVar [[r.VSync:0]]
[2020.05.14-11.04.46:412][  0]LogConfig: Setting CVar [[r.RHICmdBypass:0]]
[2020.05.14-11.04.46:412][  0]LogConfig: Applying CVar settings from Section [/Script/Engine.RendererSettings] File [D:/SPACENESS_GITHUB_PROJECT/spaceness_masha/spaceness/SPACENESS/Saved/Config/Windows/Engine.ini]
[2020.05.14-11.04.46:412][  0]LogConfig: Setting CVar [[r.GPUCrashDebugging:0]]
[2020.05.14-11.04.46:412][  0]LogConfig: Applying CVar settings from Section [/Script/Engine.RendererOverrideSettings] File [D:/SPACENESS_GITHUB_PROJECT/spaceness_masha/spaceness/SPACENESS/Saved/Config/Windows/Engine.ini]
[2020.05.14-11.04.46:412][  0]LogConfig: Applying CVar settings from Section [/Script/Engine.StreamingSettings] File [D:/SPACENESS_GITHUB_PROJECT/spaceness_masha/spaceness/SPACENESS/Saved/Config/Windows/Engine.ini]
[2020.05.14-11.04.46:412][  0]LogConfig: Setting CVar [[s.MinBulkDataSizeForAsyncLoading:131072]]
[2020.05.14-11.04.46:412][  0]LogConfig: Setting CVar [[s.AsyncLoadingThreadEnabled:0]]
[2020.05.14-11.04.46:412][  0]LogConfig: Setting CVar [[s.EventDrivenLoaderEnabled:1]]
[2020.05.14-11.04.46:412][  0]LogConfig: Setting CVar [[s.WarnIfTimeLimitExceeded:0]]
[2020.05.14-11.04.46:412][  0]LogConfig: Setting CVar [[s.TimeLimitExceededMultiplier:1.5]]
[2020.05.14-11.04.46:412][  0]LogConfig: Setting CVar [[s.TimeLimitExceededMinTime:0.005]]
[2020.05.14-11.04.46:412][  0]LogConfig: Setting CVar [[s.UseBackgroundLevelStreaming:1]]
[2020.05.14-11.04.46:412][  0]LogConfig: Setting CVar [[s.PriorityAsyncLoadingExtraTime:15.0]]
[2020.05.14-11.04.46:412][  0]LogConfig: Setting CVar [[s.LevelStreamingActorsUpdateTimeLimit:5.0]]
[2020.05.14-11.04.46:412][  0]LogConfig: Setting CVar [[s.PriorityLevelStreamingActorsUpdateExtraTime:5.0]]
[2020.05.14-11.04.46:412][  0]LogConfig: Setting CVar [[s.LevelStreamingComponentsRegistrationGranularity:10]]
[2020.05.14-11.04.46:412][  0]LogConfig: Setting CVar [[s.UnregisterComponentsTimeLimit:1.0]]
[2020.05.14-11.04.46:412][  0]LogConfig: Setting CVar [[s.LevelStreamingComponentsUnregistrationGranularity:5]]
[2020.05.14-11.04.46:412][  0]LogConfig: Applying CVar settings from Section [/Script/Engine.GarbageCollectionSettings] File [D:/SPACENESS_GITHUB_PROJECT/spaceness_masha/spaceness/SPACENESS/Saved/Config/Windows/Engine.ini]
[2020.05.14-11.04.46:412][  0]LogConfig: Setting CVar [[gc.MaxObjectsNotConsideredByGC:1]]
[2020.05.14-11.04.46:412][  0]LogConfig: Setting CVar [[gc.SizeOfPermanentObjectPool:0]]
[2020.05.14-11.04.46:412][  0]LogConfig: Setting CVar [[gc.FlushStreamingOnGC:0]]
[2020.05.14-11.04.46:412][  0]LogConfig: Setting CVar [[gc.NumRetriesBeforeForcingGC:10]]
[2020.05.14-11.04.46:412][  0]LogConfig: Setting CVar [[gc.AllowParallelGC:1]]
[2020.05.14-11.04.46:412][  0]LogConfig: Setting CVar [[gc.TimeBetweenPurgingPendingKillObjects:61.1]]
[2020.05.14-11.04.46:412][  0]LogConfig: Setting CVar [[gc.MaxObjectsInEditor:16777216]]
[2020.05.14-11.04.46:412][  0]LogConfig: Setting CVar [[gc.IncrementalBeginDestroyEnabled:1]]
[2020.05.14-11.04.46:412][  0]LogConfig: Setting CVar [[gc.CreateGCClusters:1]]
[2020.05.14-11.04.46:412][  0]LogConfig: Setting CVar [[gc.MinGCClusterSize:5]]
[2020.05.14-11.04.46:412][  0]LogConfig: Setting CVar [[gc.ActorClusteringEnabled:0]]
[2020.05.14-11.04.46:412][  0]LogConfig: Setting CVar [[gc.BlueprintClusteringEnabled:0]]
[2020.05.14-11.04.46:412][  0]LogConfig: Setting CVar [[gc.UseDisregardForGCOnDedicatedServers:0]]
[2020.05.14-11.04.46:412][  0]LogConfig: Applying CVar settings from Section [/Script/Engine.NetworkSettings] File [D:/SPACENESS_GITHUB_PROJECT/spaceness_masha/spaceness/SPACENESS/Saved/Config/Windows/Engine.ini]
[2020.05.14-11.04.46:412][  0]LogConfig: Applying CVar settings from Section [/Script/UnrealEd.CookerSettings] File [D:/SPACENESS_GITHUB_PROJECT/spaceness_masha/spaceness/SPACENESS/Saved/Config/Windows/Engine.ini]
[2020.05.14-11.04.46:459][  0]LogConfig: Applying CVar settings from Section [ViewDistanceQuality@3] File [D:/SPACENESS_GITHUB_PROJECT/spaceness_masha/spaceness/SPACENESS/Saved/Config/Windows/Scalability.ini]
[2020.05.14-11.04.46:459][  0]LogConfig: Setting CVar [[r.SkeletalMeshLODBias:0]]
[2020.05.14-11.04.46:459][  0]LogConfig: Setting CVar [[r.ViewDistanceScale:1.0]]
[2020.05.14-11.04.46:459][  0]LogConfig: Applying CVar settings from Section [AntiAliasingQuality@3] File [D:/SPACENESS_GITHUB_PROJECT/spaceness_masha/spaceness/SPACENESS/Saved/Config/Windows/Scalability.ini]
[2020.05.14-11.04.46:459][  0]LogConfig: Setting CVar [[r.PostProcessAAQuality:4]]
[2020.05.14-11.04.46:459][  0]LogConfig: Applying CVar settings from Section [ShadowQuality@3] File [D:/SPACENESS_GITHUB_PROJECT/spaceness_masha/spaceness/SPACENESS/Saved/Config/Windows/Scalability.ini]
[2020.05.14-11.04.46:459][  0]LogConfig: Setting CVar [[r.LightFunctionQuality:1]]
[2020.05.14-11.04.46:459][  0]LogConfig: Setting CVar [[r.ShadowQuality:5]]
[2020.05.14-11.04.46:459][  0]LogConfig: Setting CVar [[r.Shadow.CSM.MaxCascades:10]]
[2020.05.14-11.04.46:459][  0]LogConfig: Setting CVar [[r.Shadow.MaxResolution:2048]]
[2020.05.14-11.04.46:459][  0]LogConfig: Setting CVar [[r.Shadow.MaxCSMResolution:2048]]
[2020.05.14-11.04.46:459][  0]LogConfig: Setting CVar [[r.Shadow.RadiusThreshold:0.01]]
[2020.05.14-11.04.46:459][  0]LogConfig: Setting CVar [[r.Shadow.DistanceScale:1.0]]
[2020.05.14-11.04.46:459][  0]LogConfig: Setting CVar [[r.Shadow.CSM.TransitionScale:1.0]]
[2020.05.14-11.04.46:459][  0]LogConfig: Setting CVar [[r.Shadow.PreShadowResolutionFactor:1.0]]
[2020.05.14-11.04.46:459][  0]LogConfig: Setting CVar [[r.DistanceFieldShadowing:1]]
[2020.05.14-11.04.46:459][  0]LogConfig: Setting CVar [[r.DistanceFieldAO:1]]
[2020.05.14-11.04.46:459][  0]LogConfig: Setting CVar [[r.AOQuality:2]]
[2020.05.14-11.04.46:459][  0]LogConfig: Setting CVar [[r.VolumetricFog:1]]
[2020.05.14-11.04.46:459][  0]LogConfig: Setting CVar [[r.VolumetricFog.GridPixelSize:8]]
[2020.05.14-11.04.46:459][  0]LogConfig: Setting CVar [[r.VolumetricFog.GridSizeZ:128]]
[2020.05.14-11.04.46:459][  0]LogConfig: Setting CVar [[r.VolumetricFog.HistoryMissSupersampleCount:4]]
[2020.05.14-11.04.46:459][  0]LogConfig: Setting CVar [[r.LightMaxDrawDistanceScale:1]]
[2020.05.14-11.04.46:459][  0]LogConfig: Setting CVar [[r.CapsuleShadows:1]]
[2020.05.14-11.04.46:459][  0]LogConfig: Applying CVar settings from Section [PostProcessQuality@3] File [D:/SPACENESS_GITHUB_PROJECT/spaceness_masha/spaceness/SPACENESS/Saved/Config/Windows/Scalability.ini]
[2020.05.14-11.04.46:459][  0]LogConfig: Setting CVar [[r.MotionBlurQuality:4]]
[2020.05.14-11.04.46:459][  0]LogConfig: Setting CVar [[r.AmbientOcclusionMipLevelFactor:0.4]]
[2020.05.14-11.04.46:459][  0]LogConfig: Setting CVar [[r.AmbientOcclusionMaxQuality:100]]
[2020.05.14-11.04.46:459][  0]LogConfig: Setting CVar [[r.AmbientOcclusionLevels:-1]]
[2020.05.14-11.04.46:459][  0]LogConfig: Setting CVar [[r.AmbientOcclusionRadiusScale:1.0]]
[2020.05.14-11.04.46:459][  0]LogConfig: Setting CVar [[r.DepthOfFieldQuality:2]]
[2020.05.14-11.04.46:459][  0]LogConfig: Setting CVar [[r.RenderTargetPoolMin:400]]
[2020.05.14-11.04.46:459][  0]LogConfig: Setting CVar [[r.LensFlareQuality:2]]
[2020.05.14-11.04.46:459][  0]LogConfig: Setting CVar [[r.SceneColorFringeQuality:1]]
[2020.05.14-11.04.46:459][  0]LogConfig: Setting CVar [[r.EyeAdaptationQuality:2]]
[2020.05.14-11.04.46:459][  0]LogConfig: Setting CVar [[r.BloomQuality:5]]
[2020.05.14-11.04.46:459][  0]LogConfig: Setting CVar [[r.FastBlurThreshold:100]]
[2020.05.14-11.04.46:459][  0]LogConfig: Setting CVar [[r.Upscale.Quality:3]]
[2020.05.14-11.04.46:459][  0]LogConfig: Setting CVar [[r.Tonemapper.GrainQuantization:1]]
[2020.05.14-11.04.46:459][  0]LogConfig: Setting CVar [[r.LightShaftQuality:1]]
[2020.05.14-11.04.46:459][  0]LogConfig: Setting CVar [[r.Filter.SizeScale:1]]
[2020.05.14-11.04.46:459][  0]LogConfig: Setting CVar [[r.Tonemapper.Quality:5]]
[2020.05.14-11.04.46:459][  0]LogConfig: Setting CVar [[r.DOF.Gather.AccumulatorQuality:1        ; higher gathering accumulator quality]]
[2020.05.14-11.04.46:459][  0]LogConfig: Setting CVar [[r.DOF.Gather.PostfilterMethod:1          ; Median3x3 postfilering method]]
[2020.05.14-11.04.46:459][  0]LogConfig: Setting CVar [[r.DOF.Gather.EnableBokehSettings:0       ; no bokeh simulation when gathering]]
[2020.05.14-11.04.46:459][  0]LogConfig: Setting CVar [[r.DOF.Gather.RingCount:4                 ; medium number of samples when gathering]]
[2020.05.14-11.04.46:459][  0]LogConfig: Setting CVar [[r.DOF.Scatter.ForegroundCompositing:1    ; additive foreground scattering]]
[2020.05.14-11.04.46:459][  0]LogConfig: Setting CVar [[r.DOF.Scatter.BackgroundCompositing:2    ; additive background scattering]]
[2020.05.14-11.04.46:459][  0]LogConfig: Setting CVar [[r.DOF.Scatter.EnableBokehSettings:1      ; bokeh simulation when scattering]]
[2020.05.14-11.04.46:459][  0]LogConfig: Setting CVar [[r.DOF.Scatter.MaxSpriteRatio:0.1         ; only a maximum of 10% of scattered bokeh]]
[2020.05.14-11.04.46:459][  0]LogConfig: Setting CVar [[r.DOF.Recombine.Quality:1                ; cheap slight out of focus]]
[2020.05.14-11.04.46:459][  0]LogConfig: Setting CVar [[r.DOF.Recombine.EnableBokehSettings:0    ; no bokeh simulation on slight out of focus]]
[2020.05.14-11.04.46:459][  0]LogConfig: Setting CVar [[r.DOF.TemporalAAQuality:1                ; more stable temporal accumulation]]
[2020.05.14-11.04.46:459][  0]LogConfig: Setting CVar [[r.DOF.Kernel.MaxForegroundRadius:0.025]]
[2020.05.14-11.04.46:459][  0]LogConfig: Setting CVar [[r.DOF.Kernel.MaxBackgroundRadius:0.025]]
[2020.05.14-11.04.46:459][  0]LogConfig: Applying CVar settings from Section [TextureQuality@3] File [D:/SPACENESS_GITHUB_PROJECT/spaceness_masha/spaceness/SPACENESS/Saved/Config/Windows/Scalability.ini]
[2020.05.14-11.04.46:459][  0]LogConfig: Setting CVar [[r.Streaming.MipBias:0]]
[2020.05.14-11.04.46:459][  0]LogConfig: Setting CVar [[r.Streaming.AmortizeCPUToGPUCopy:0]]
[2020.05.14-11.04.46:459][  0]LogConfig: Setting CVar [[r.Streaming.MaxNumTexturesToStreamPerFrame:0]]
[2020.05.14-11.04.46:459][  0]LogConfig: Setting CVar [[r.Streaming.Boost:1]]
[2020.05.14-11.04.46:459][  0]LogConfig: Setting CVar [[r.MaxAnisotropy:8]]
[2020.05.14-11.04.46:459][  0]LogConfig: Setting CVar [[r.Streaming.LimitPoolSizeToVRAM:0]]
[2020.05.14-11.04.46:459][  0]LogConfig: Setting CVar [[r.Streaming.PoolSize:1000]]
[2020.05.14-11.04.46:459][  0]LogConfig: Setting CVar [[r.Streaming.MaxEffectiveScreenSize:0]]
[2020.05.14-11.04.46:459][  0]LogConfig: Applying CVar settings from Section [EffectsQuality@3] File [D:/SPACENESS_GITHUB_PROJECT/spaceness_masha/spaceness/SPACENESS/Saved/Config/Windows/Scalability.ini]
[2020.05.14-11.04.46:459][  0]LogConfig: Setting CVar [[r.TranslucencyLightingVolumeDim:64]]
[2020.05.14-11.04.46:459][  0]LogConfig: Setting CVar [[r.RefractionQuality:2]]
[2020.05.14-11.04.46:459][  0]LogConfig: Setting CVar [[r.SSR.Quality:3]]
[2020.05.14-11.04.46:459][  0]LogConfig: Setting CVar [[r.SceneColorFormat:4]]
[2020.05.14-11.04.46:459][  0]LogConfig: Setting CVar [[r.DetailMode:2]]
[2020.05.14-11.04.46:459][  0]LogConfig: Setting CVar [[r.TranslucencyVolumeBlur:1]]
[2020.05.14-11.04.46:459][  0]LogConfig: Setting CVar [[r.MaterialQualityLevel:1 ; High quality]]
[2020.05.14-11.04.46:459][  0]LogConfig: Setting CVar [[r.SSS.Scale:1]]
[2020.05.14-11.04.46:459][  0]LogConfig: Setting CVar [[r.SSS.SampleSet:2]]
[2020.05.14-11.04.46:459][  0]LogConfig: Setting CVar [[r.SSS.Quality:1]]
[2020.05.14-11.04.46:459][  0]LogConfig: Setting CVar [[r.SSS.HalfRes:1]]
[2020.05.14-11.04.46:459][  0]LogConfig: Setting CVar [[r.EmitterSpawnRateScale:1.0]]
[2020.05.14-11.04.46:459][  0]LogConfig: Setting CVar [[r.ParticleLightQuality:2]]
[2020.05.14-11.04.46:459][  0]LogConfig: Applying CVar settings from Section [FoliageQuality@3] File [D:/SPACENESS_GITHUB_PROJECT/spaceness_masha/spaceness/SPACENESS/Saved/Config/Windows/Scalability.ini]
[2020.05.14-11.04.46:459][  0]LogConfig: Setting CVar [[foliage.DensityScale:1.0]]
[2020.05.14-11.04.46:459][  0]LogConfig: Setting CVar [[grass.DensityScale:1.0]]
[2020.05.14-11.04.46:474][  0]LogInit: Selected Device Profile: [Windows]
[2020.05.14-11.04.46:474][  0]LogInit: Applying CVar settings loaded from the selected device profile: [Windows]
[2020.05.14-11.04.46:517][  0]LogHAL: Display: Platform has ~ 8 GB [8465842176 / 8589934592 / 8], which maps to Default [LargestMinGB=32, LargerMinGB=12, DefaultMinGB=8, SmallerMinGB=6, SmallestMinGB=0)
[2020.05.14-11.04.46:517][  0]LogInit: Going up to parent DeviceProfile []
[2020.05.14-11.04.46:517][  0]LogConfig: Applying CVar settings from Section [ViewDistanceQuality@2] File [D:/SPACENESS_GITHUB_PROJECT/spaceness_masha/spaceness/SPACENESS/Saved/Config/Windows/Scalability.ini]
[2020.05.14-11.04.46:517][  0]LogConfig: Setting CVar [[r.SkeletalMeshLODBias:0]]
[2020.05.14-11.04.46:517][  0]LogConfig: Setting CVar [[r.ViewDistanceScale:0.8]]
[2020.05.14-11.04.46:517][  0]LogConfig: Applying CVar settings from Section [AntiAliasingQuality@2] File [D:/SPACENESS_GITHUB_PROJECT/spaceness_masha/spaceness/SPACENESS/Saved/Config/Windows/Scalability.ini]
[2020.05.14-11.04.46:517][  0]LogConfig: Setting CVar [[r.PostProcessAAQuality:3]]
[2020.05.14-11.04.46:517][  0]LogConfig: Applying CVar settings from Section [ShadowQuality@2] File [D:/SPACENESS_GITHUB_PROJECT/spaceness_masha/spaceness/SPACENESS/Saved/Config/Windows/Scalability.ini]
[2020.05.14-11.04.46:517][  0]LogConfig: Setting CVar [[r.LightFunctionQuality:1]]
[2020.05.14-11.04.46:517][  0]LogConfig: Setting CVar [[r.ShadowQuality:5]]
[2020.05.14-11.04.46:517][  0]LogConfig: Setting CVar [[r.Shadow.CSM.MaxCascades:4]]
[2020.05.14-11.04.46:517][  0]LogConfig: Setting CVar [[r.Shadow.MaxResolution:1024]]
[2020.05.14-11.04.46:517][  0]LogConfig: Setting CVar [[r.Shadow.MaxCSMResolution:2048]]
[2020.05.14-11.04.46:517][  0]LogConfig: Setting CVar [[r.Shadow.RadiusThreshold:0.04]]
[2020.05.14-11.04.46:517][  0]LogConfig: Setting CVar [[r.Shadow.DistanceScale:0.85]]
[2020.05.14-11.04.46:517][  0]LogConfig: Setting CVar [[r.Shadow.CSM.TransitionScale:0.8]]
[2020.05.14-11.04.46:517][  0]LogConfig: Setting CVar [[r.Shadow.PreShadowResolutionFactor:0.5]]
[2020.05.14-11.04.46:517][  0]LogConfig: Setting CVar [[r.DistanceFieldShadowing:1]]
[2020.05.14-11.04.46:517][  0]LogConfig: Setting CVar [[r.DistanceFieldAO:1]]
[2020.05.14-11.04.46:517][  0]LogConfig: Setting CVar [[r.AOQuality:1]]
[2020.05.14-11.04.46:517][  0]LogConfig: Setting CVar [[r.VolumetricFog:1]]
[2020.05.14-11.04.46:517][  0]LogConfig: Setting CVar [[r.VolumetricFog.GridPixelSize:16]]
[2020.05.14-11.04.46:517][  0]LogConfig: Setting CVar [[r.VolumetricFog.GridSizeZ:64]]
[2020.05.14-11.04.46:517][  0]LogConfig: Setting CVar [[r.VolumetricFog.HistoryMissSupersampleCount:4]]
[2020.05.14-11.04.46:517][  0]LogConfig: Setting CVar [[r.LightMaxDrawDistanceScale:1]]
[2020.05.14-11.04.46:517][  0]LogConfig: Setting CVar [[r.CapsuleShadows:1]]
[2020.05.14-11.04.46:517][  0]LogConfig: Applying CVar settings from Section [PostProcessQuality@2] File [D:/SPACENESS_GITHUB_PROJECT/spaceness_masha/spaceness/SPACENESS/Saved/Config/Windows/Scalability.ini]
[2020.05.14-11.04.46:517][  0]LogConfig: Setting CVar [[r.MotionBlurQuality:3]]
[2020.05.14-11.04.46:517][  0]LogConfig: Setting CVar [[r.AmbientOcclusionMipLevelFactor:0.6]]
[2020.05.14-11.04.46:517][  0]LogConfig: Setting CVar [[r.AmbientOcclusionMaxQuality:100]]
[2020.05.14-11.04.46:517][  0]LogConfig: Setting CVar [[r.AmbientOcclusionLevels:-1]]
[2020.05.14-11.04.46:517][  0]LogConfig: Setting CVar [[r.AmbientOcclusionRadiusScale:1.5]]
[2020.05.14-11.04.46:517][  0]LogConfig: Setting CVar [[r.DepthOfFieldQuality:2]]
[2020.05.14-11.04.46:517][  0]LogConfig: Setting CVar [[r.RenderTargetPoolMin:400]]
[2020.05.14-11.04.46:517][  0]LogConfig: Setting CVar [[r.LensFlareQuality:2]]
[2020.05.14-11.04.46:517][  0]LogConfig: Setting CVar [[r.SceneColorFringeQuality:1]]
[2020.05.14-11.04.46:517][  0]LogConfig: Setting CVar [[r.EyeAdaptationQuality:2]]
[2020.05.14-11.04.46:517][  0]LogConfig: Setting CVar [[r.BloomQuality:5]]
[2020.05.14-11.04.46:517][  0]LogConfig: Setting CVar [[r.FastBlurThreshold:3]]
[2020.05.14-11.04.46:517][  0]LogConfig: Setting CVar [[r.Upscale.Quality:2]]
[2020.05.14-11.04.46:517][  0]LogConfig: Setting CVar [[r.Tonemapper.GrainQuantization:1]]
[2020.05.14-11.04.46:518][  0]LogConfig: Setting CVar [[r.LightShaftQuality:1]]
[2020.05.14-11.04.46:518][  0]LogConfig: Setting CVar [[r.Filter.SizeScale:0.8]]
[2020.05.14-11.04.46:518][  0]LogConfig: Setting CVar [[r.Tonemapper.Quality:5]]
[2020.05.14-11.04.46:518][  0]LogConfig: Setting CVar [[r.DOF.Gather.AccumulatorQuality:0        ; lower gathering accumulator quality]]
[2020.05.14-11.04.46:518][  0]LogConfig: Setting CVar [[r.DOF.Gather.PostfilterMethod:2          ; Max3x3 postfilering method]]
[2020.05.14-11.04.46:518][  0]LogConfig: Setting CVar [[r.DOF.Gather.EnableBokehSettings:0       ; no bokeh simulation when gathering]]
[2020.05.14-11.04.46:518][  0]LogConfig: Setting CVar [[r.DOF.Gather.RingCount:4                 ; medium number of samples when gathering]]
[2020.05.14-11.04.46:518][  0]LogConfig: Setting CVar [[r.DOF.Scatter.ForegroundCompositing:1    ; additive foreground scattering]]
[2020.05.14-11.04.46:518][  0]LogConfig: Setting CVar [[r.DOF.Scatter.BackgroundCompositing:1    ; no background occlusion]]
[2020.05.14-11.04.46:518][  0]LogConfig: Setting CVar [[r.DOF.Scatter.EnableBokehSettings:0      ; no bokeh simulation when scattering]]
[2020.05.14-11.04.46:518][  0]LogConfig: Setting CVar [[r.DOF.Scatter.MaxSpriteRatio:0.04        ; only a maximum of 4% of scattered bokeh]]
[2020.05.14-11.04.46:518][  0]LogConfig: Setting CVar [[r.DOF.Recombine.Quality:0                ; no slight out of focus]]
[2020.05.14-11.04.46:518][  0]LogConfig: Setting CVar [[r.DOF.TemporalAAQuality:0                ; faster temporal accumulation]]
[2020.05.14-11.04.46:518][  0]LogConfig: Setting CVar [[r.DOF.Kernel.MaxForegroundRadius:0.012   ; required because of AccumulatorQuality=0]]
[2020.05.14-11.04.46:518][  0]LogConfig: Setting CVar [[r.DOF.Kernel.MaxBackgroundRadius:0.012   ; required because of AccumulatorQuality=0]]
[2020.05.14-11.04.46:518][  0]LogConfig: Applying CVar settings from Section [TextureQuality@2] File [D:/SPACENESS_GITHUB_PROJECT/spaceness_masha/spaceness/SPACENESS/Saved/Config/Windows/Scalability.ini]
[2020.05.14-11.04.46:518][  0]LogConfig: Setting CVar [[r.Streaming.MipBias:0]]
[2020.05.14-11.04.46:518][  0]LogConfig: Setting CVar [[r.Streaming.AmortizeCPUToGPUCopy:0]]
[2020.05.14-11.04.46:518][  0]LogConfig: Setting CVar [[r.Streaming.MaxNumTexturesToStreamPerFrame:0]]
[2020.05.14-11.04.46:518][  0]LogConfig: Setting CVar [[r.Streaming.Boost:1]]
[2020.05.14-11.04.46:518][  0]LogConfig: Setting CVar [[r.MaxAnisotropy:4]]
[2020.05.14-11.04.46:518][  0]LogConfig: Setting CVar [[r.Streaming.LimitPoolSizeToVRAM:1]]
[2020.05.14-11.04.46:518][  0]LogConfig: Setting CVar [[r.Streaming.PoolSize:800]]
[2020.05.14-11.04.46:518][  0]LogConfig: Setting CVar [[r.Streaming.MaxEffectiveScreenSize:0]]
[2020.05.14-11.04.46:518][  0]LogConfig: Applying CVar settings from Section [EffectsQuality@2] File [D:/SPACENESS_GITHUB_PROJECT/spaceness_masha/spaceness/SPACENESS/Saved/Config/Windows/Scalability.ini]
[2020.05.14-11.04.46:518][  0]LogConfig: Setting CVar [[r.TranslucencyLightingVolumeDim:48]]
[2020.05.14-11.04.46:518][  0]LogConfig: Setting CVar [[r.RefractionQuality:2]]
[2020.05.14-11.04.46:518][  0]LogConfig: Setting CVar [[r.SSR.Quality:2]]
[2020.05.14-11.04.46:518][  0]LogConfig: Setting CVar [[r.SceneColorFormat:3]]
[2020.05.14-11.04.46:518][  0]LogConfig: Setting CVar [[r.DetailMode:1]]
[2020.05.14-11.04.46:518][  0]LogConfig: Setting CVar [[r.TranslucencyVolumeBlur:1]]
[2020.05.14-11.04.46:518][  0]LogConfig: Setting CVar [[r.MaterialQualityLevel:1 ; High quality]]
[2020.05.14-11.04.46:518][  0]LogConfig: Setting CVar [[r.SSS.Scale:1]]
[2020.05.14-11.04.46:518][  0]LogConfig: Setting CVar [[r.SSS.SampleSet:1]]
[2020.05.14-11.04.46:518][  0]LogConfig: Setting CVar [[r.SSS.Quality:-1]]
[2020.05.14-11.04.46:518][  0]LogConfig: Setting CVar [[r.SSS.HalfRes:1]]
[2020.05.14-11.04.46:518][  0]LogConfig: Setting CVar [[r.EmitterSpawnRateScale:0.5]]
[2020.05.14-11.04.46:518][  0]LogConfig: Setting CVar [[r.ParticleLightQuality:1]]
[2020.05.14-11.04.46:518][  0]LogConfig: Applying CVar settings from Section [FoliageQuality@2] File [D:/SPACENESS_GITHUB_PROJECT/spaceness_masha/spaceness/SPACENESS/Saved/Config/Windows/Scalability.ini]
[2020.05.14-11.04.46:518][  0]LogConfig: Setting CVar [[foliage.DensityScale:0.8]]
[2020.05.14-11.04.46:518][  0]LogConfig: Setting CVar [[grass.DensityScale:0.8]]
[2020.05.14-11.04.46:518][  0]LogConfig: Applying CVar settings from Section [Startup] File [../../../Engine/Config/ConsoleVariables.ini]
[2020.05.14-11.04.46:528][  0]LogConfig: Setting CVar [[net.UseAdaptiveNetUpdateFrequency:0]]
[2020.05.14-11.04.46:528][  0]LogConfig: Setting CVar [[p.chaos.AllowCreatePhysxBodies:1]]
[2020.05.14-11.04.46:528][  0]LogConfig: Setting CVar [[fx.SkipVectorVMBackendOptimizations:1]]
[2020.05.14-11.04.46:528][  0]LogConfig: Applying CVar settings from Section [ConsoleVariables] File [D:/SPACENESS_GITHUB_PROJECT/spaceness_masha/spaceness/SPACENESS/Saved/Config/Windows/Engine.ini]
[2020.05.14-11.04.46:547][  0]LogInit: Computer: ILIYAPC
[2020.05.14-11.04.46:547][  0]LogInit: User: User
[2020.05.14-11.04.46:547][  0]LogInit: CPU Page size=4096, Cores=4
[2020.05.14-11.04.46:547][  0]LogInit: High frequency timer resolution =10.000000 MHz
[2020.05.14-11.04.46:547][  0]LogMemory: Memory total: Physical=7.9GB (8GB approx)
[2020.05.14-11.04.46:548][  0]LogMemory: Platform Memory Stats for Windows
[2020.05.14-11.04.46:548][  0]LogMemory: Process Physical Memory: 104.83 MB used, 104.84 MB peak
[2020.05.14-11.04.46:548][  0]LogMemory: Process Virtual Memory: 100.39 MB used, 100.39 MB peak
[2020.05.14-11.04.46:548][  0]LogMemory: Physical Memory: 5567.51 MB used,  2506.15 MB free, 8073.66 MB total
[2020.05.14-11.04.46:548][  0]LogMemory: Virtual Memory: 4642.78 MB used,  134213088.00 MB free, 134217728.00 MB total
[2020.05.14-11.04.46:571][  0]LogWindows: WindowsPlatformFeatures enabled
[2020.05.14-11.04.47:402][  0]LogInit: Using OS detected language (ru-RU).
[2020.05.14-11.04.47:402][  0]LogInit: Using OS detected locale (ru-RU).
[2020.05.14-11.04.47:498][  0]LogTextLocalizationManager: No specific localization for 'ru-RU' exists, so the 'ru' localization will be used.
[2020.05.14-11.04.47:500][  0]LogTextLocalizationResource: LocRes '../../../Engine/Content/Localization/Editor/ru/Editor.locres' could not be opened for reading!
[2020.05.14-11.04.47:500][  0]LogTextLocalizationResource: LocRes '../../../Engine/Content/Localization/EditorTutorials/ru/EditorTutorials.locres' could not be opened for reading!
[2020.05.14-11.04.47:500][  0]LogTextLocalizationResource: LocRes '../../../Engine/Content/Localization/Keywords/ru/Keywords.locres' could not be opened for reading!
[2020.05.14-11.04.47:500][  0]LogTextLocalizationResource: LocRes '../../../Engine/Content/Localization/Category/ru/Category.locres' could not be opened for reading!
[2020.05.14-11.04.47:501][  0]LogTextLocalizationResource: LocRes '../../../Engine/Content/Localization/ToolTips/ru/ToolTips.locres' could not be opened for reading!
[2020.05.14-11.04.47:502][  0]LogTextLocalizationResource: LocRes '../../../Engine/Content/Localization/PropertyNames/ru/PropertyNames.locres' could not be opened for reading!
[2020.05.14-11.04.47:503][  0]LogTextLocalizationResource: LocRes '../../../Engine/Content/Localization/Engine/ru/Engine.locres' could not be opened for reading!
[2020.05.14-11.04.47:586][  0]LogInit: Setting process to per monitor DPI aware
[2020.05.14-11.04.48:055][  0]LogSlate: New Slate User Created.  User Index 0, Is Virtual User: 0
[2020.05.14-11.04.48:055][  0]LogSlate: Slate User Registered.  User Index 0, Is Virtual User: 0
[2020.05.14-11.04.48:650][  0]LogHMD: Failed to initialize OpenVR with code 100
[2020.05.14-11.04.48:650][  0]LogD3D11RHI: D3D11 adapters:
[2020.05.14-11.04.48:766][  0]LogD3D11RHI:    0. 'NVIDIA GeForce GTX 1060 6GB' (Feature Level 11_0)
[2020.05.14-11.04.48:766][  0]LogD3D11RHI:       6052/0/4036 MB DedicatedVideo/DedicatedSystem/SharedSystem, Outputs:1, VendorId:0x10de
[2020.05.14-11.04.48:815][  0]LogD3D11RHI:    1. 'Intel(R) HD Graphics 4000' (Feature Level 11_0)
[2020.05.14-11.04.48:815][  0]LogD3D11RHI:       32/0/1760 MB DedicatedVideo/DedicatedSystem/SharedSystem, Outputs:0, VendorId:0x8086
[2020.05.14-11.04.48:821][  0]LogD3D11RHI:    2. 'Microsoft Basic Render Driver' (Feature Level 11_0)
[2020.05.14-11.04.48:821][  0]LogD3D11RHI:       0/0/4036 MB DedicatedVideo/DedicatedSystem/SharedSystem, Outputs:0, VendorId:0x1414
[2020.05.14-11.04.48:821][  0]LogD3D11RHI: Chosen D3D11 Adapter: 0
[2020.05.14-11.04.48:858][  0]LogD3D11RHI: Creating new Direct3DDevice
[2020.05.14-11.04.48:858][  0]LogD3D11RHI:     GPU DeviceId: 0x1c03 (for the marketing name, search the web for "GPU Device Id")
[2020.05.14-11.04.48:866][  0]LogWindows: EnumDisplayDevices:
[2020.05.14-11.04.48:867][  0]LogWindows:    0. 'NVIDIA GeForce GTX 1060 6GB' (P:1 D:1)
[2020.05.14-11.04.48:867][  0]LogWindows:    1. 'NVIDIA GeForce GTX 1060 6GB' (P:0 D:0)
[2020.05.14-11.04.48:868][  0]LogWindows:    2. 'NVIDIA GeForce GTX 1060 6GB' (P:0 D:0)
[2020.05.14-11.04.48:868][  0]LogWindows:    3. 'NVIDIA GeForce GTX 1060 6GB' (P:0 D:0)
[2020.05.14-11.04.48:869][  0]LogWindows:    4. 'Intel(R) HD Graphics 4000' (P:0 D:0)
[2020.05.14-11.04.48:870][  0]LogWindows:    5. 'Intel(R) HD Graphics 4000' (P:0 D:0)
[2020.05.14-11.04.48:870][  0]LogWindows:    6. 'Intel(R) HD Graphics 4000' (P:0 D:0)
[2020.05.14-11.04.48:871][  0]LogWindows: DebugString: PrimaryIsNotTheChoosenAdapter PrimaryIsNotTheChoosenAdapter PrimaryIsNotTheChoosenAdapter FoundDriverCount:4 
[2020.05.14-11.04.48:871][  0]LogD3D11RHI:     Adapter Name: NVIDIA GeForce GTX 1060 6GB
[2020.05.14-11.04.48:871][  0]LogD3D11RHI:   Driver Version: 445.75 (internal:26.21.14.4575, unified:445.75)
[2020.05.14-11.04.48:871][  0]LogD3D11RHI:      Driver Date: 3-17-2020
[2020.05.14-11.04.48:871][  0]LogRHI: Texture pool is 4236 MB (70% of 6052 MB)
[2020.05.14-11.04.48:953][  0]LogD3D11RHI: Async texture creation enabled
[2020.05.14-11.04.49:222][  0]LogD3D11RHI: GPU Timing Frequency: 1000.000000 (Debug: 2 1)
[2020.05.14-11.04.50:590][  0]LogTemp: Display: Module 'AllDesktopTargetPlatform' loaded TargetPlatform 'AllDesktop'
[2020.05.14-11.04.50:637][  0]LogTemp: Display: Module 'MacClientTargetPlatform' loaded TargetPlatform 'MacClient'
[2020.05.14-11.04.50:660][  0]LogTemp: Display: Module 'MacNoEditorTargetPlatform' loaded TargetPlatform 'MacNoEditor'
[2020.05.14-11.04.50:683][  0]LogTemp: Display: Module 'MacServerTargetPlatform' loaded TargetPlatform 'MacServer'
[2020.05.14-11.04.50:759][  0]LogTemp: Display: Module 'MacTargetPlatform' loaded TargetPlatform 'Mac'
[2020.05.14-11.04.50:843][  0]LogTemp: Display: Module 'WindowsClientTargetPlatform' loaded TargetPlatform 'WindowsClient'
[2020.05.14-11.04.50:885][  0]LogTemp: Display: Module 'WindowsNoEditorTargetPlatform' loaded TargetPlatform 'WindowsNoEditor'
[2020.05.14-11.04.50:912][  0]LogTemp: Display: Module 'WindowsServerTargetPlatform' loaded TargetPlatform 'WindowsServer'
[2020.05.14-11.04.50:936][  0]LogTemp: Display: Module 'WindowsTargetPlatform' loaded TargetPlatform 'Windows'
[2020.05.14-11.04.51:045][  0]LogTemp: Display: Module 'AndroidTargetPlatform' loaded TargetPlatform 'Android'
[2020.05.14-11.04.51:045][  0]LogTemp: Display: Module 'AndroidTargetPlatform' loaded TargetPlatform 'Android_ASTC'
[2020.05.14-11.04.51:046][  0]LogTemp: Display: Module 'AndroidTargetPlatform' loaded TargetPlatform 'Android_ATC'
[2020.05.14-11.04.51:046][  0]LogTemp: Display: Module 'AndroidTargetPlatform' loaded TargetPlatform 'Android_DXT'
[2020.05.14-11.04.51:046][  0]LogTemp: Display: Module 'AndroidTargetPlatform' loaded TargetPlatform 'Android_ETC1'
[2020.05.14-11.04.51:046][  0]LogTemp: Display: Module 'AndroidTargetPlatform' loaded TargetPlatform 'Android_ETC1a'
[2020.05.14-11.04.51:046][  0]LogTemp: Display: Module 'AndroidTargetPlatform' loaded TargetPlatform 'Android_ETC2'
[2020.05.14-11.04.51:046][  0]LogTemp: Display: Module 'AndroidTargetPlatform' loaded TargetPlatform 'Android_PVRTC'
[2020.05.14-11.04.51:046][  0]LogTemp: Display: Module 'AndroidTargetPlatform' loaded TargetPlatform 'AndroidClient'
[2020.05.14-11.04.51:046][  0]LogTemp: Display: Module 'AndroidTargetPlatform' loaded TargetPlatform 'Android_ASTCClient'
[2020.05.14-11.04.51:046][  0]LogTemp: Display: Module 'AndroidTargetPlatform' loaded TargetPlatform 'Android_ATCClient'
[2020.05.14-11.04.51:046][  0]LogTemp: Display: Module 'AndroidTargetPlatform' loaded TargetPlatform 'Android_DXTClient'
[2020.05.14-11.04.51:046][  0]LogTemp: Display: Module 'AndroidTargetPlatform' loaded TargetPlatform 'Android_ETC1Client'
[2020.05.14-11.04.51:046][  0]LogTemp: Display: Module 'AndroidTargetPlatform' loaded TargetPlatform 'Android_ETC1aClient'
[2020.05.14-11.04.51:046][  0]LogTemp: Display: Module 'AndroidTargetPlatform' loaded TargetPlatform 'Android_ETC2Client'
[2020.05.14-11.04.51:046][  0]LogTemp: Display: Module 'AndroidTargetPlatform' loaded TargetPlatform 'Android_PVRTCClient'
[2020.05.14-11.04.51:046][  0]LogTemp: Display: Module 'AndroidTargetPlatform' loaded TargetPlatform 'Android_Multi'
[2020.05.14-11.04.51:046][  0]LogTemp: Display: Module 'AndroidTargetPlatform' loaded TargetPlatform 'Android_MultiClient'
[2020.05.14-11.04.51:152][  0]LogTemp: Display: Module 'HTML5TargetPlatform' loaded TargetPlatform 'HTML5'
[2020.05.14-11.04.51:242][  0]LogTemp: Display: Module 'IOSTargetPlatform' loaded TargetPlatform 'IOSClient'
[2020.05.14-11.04.51:242][  0]LogTemp: Display: Module 'IOSTargetPlatform' loaded TargetPlatform 'IOS'
[2020.05.14-11.04.51:278][  0]LogTemp: Display: Module 'TVOSTargetPlatform' loaded TargetPlatform 'TVOSClient'
[2020.05.14-11.04.51:278][  0]LogTemp: Display: Module 'TVOSTargetPlatform' loaded TargetPlatform 'TVOS'
[2020.05.14-11.04.51:299][  0]LogTemp: Display: Module 'LinuxClientTargetPlatform' loaded TargetPlatform 'LinuxClient'
[2020.05.14-11.04.51:347][  0]LogTemp: Display: Module 'LinuxNoEditorTargetPlatform' loaded TargetPlatform 'LinuxNoEditor'
[2020.05.14-11.04.51:370][  0]LogTemp: Display: Module 'LinuxServerTargetPlatform' loaded TargetPlatform 'LinuxServer'
[2020.05.14-11.04.51:388][  0]LogTemp: Display: Module 'LinuxTargetPlatform' loaded TargetPlatform 'Linux'
[2020.05.14-11.04.51:430][  0]LogTemp: Display: Module 'LuminTargetPlatform' loaded TargetPlatform 'Lumin'
[2020.05.14-11.04.51:430][  0]LogTemp: Display: Module 'LuminTargetPlatform' loaded TargetPlatform 'LuminClient'
[2020.05.14-11.04.51:430][  0]LogTargetPlatformManager: Display: Building Assets For Windows
[2020.05.14-11.04.51:652][  0]LogAudioDebug: Display: Lib vorbis DLL was dynamically loaded.
[2020.05.14-11.04.52:598][  0]LogShaderCompilers: Guid format shader working directory is -28 characters bigger than the processId version (../../../../SPACENESS_GITHUB_PROJECT/spaceness_masha/spaceness/SPACENESS/Intermediate/Shaders/WorkingDirectory/15468/).
[2020.05.14-11.04.52:598][  0]LogShaderCompilers: Cleaned the shader compiler working directory 'C:/Users/User/AppData/Local/Temp/UnrealShaderWorkingDir/CF71DF8B448371E1364E4488E53C89CA/'.
[2020.05.14-11.04.52:631][  0]LogXGEController: Cleaning working directory: C:/Users/User/AppData/Local/Temp/UnrealXGEWorkingDir/
[2020.05.14-11.04.52:631][  0]LogXGEController: Cannot use XGE Controller as Incredibuild is not installed on this machine.
[2020.05.14-11.04.52:687][  0]LogShaderCompilers: Cannot use XGE Shader Compiler as Incredibuild is not installed on this machine.
[2020.05.14-11.04.52:687][  0]LogShaderCompilers: Display: Using Local Shader Compiler.
[2020.05.14-11.04.54:664][  0]LogDerivedDataCache: Display: Max Cache Size: 512 MB
[2020.05.14-11.04.54:985][  0]LogDerivedDataCache: Loaded boot cache 0.32s 83MB C:/Users/User/AppData/Local/UnrealEngine/4.23/DerivedDataCache/Boot.ddc.
[2020.05.14-11.04.54:985][  0]LogDerivedDataCache: Display: Loaded Boot cache: C:/Users/User/AppData/Local/UnrealEngine/4.23/DerivedDataCache/Boot.ddc
[2020.05.14-11.04.54:986][  0]LogDerivedDataCache: FDerivedDataBackendGraph:  Pak pak cache file ../../../../SPACENESS_GITHUB_PROJECT/spaceness_masha/spaceness/SPACENESS/DerivedDataCache/DDC.ddp not found, will not use a pak cache.
[2020.05.14-11.04.54:986][  0]LogDerivedDataCache: Unable to find inner node Pak for hierarchical cache Hierarchy.
[2020.05.14-11.04.54:986][  0]LogDerivedDataCache: FDerivedDataBackendGraph:  CompressedPak pak cache file ../../../../SPACENESS_GITHUB_PROJECT/spaceness_masha/spaceness/SPACENESS/DerivedDataCache/Compressed.ddp not found, will not use a pak cache.
[2020.05.14-11.04.54:986][  0]LogDerivedDataCache: Unable to find inner node CompressedPak for hierarchical cache Hierarchy.
[2020.05.14-11.04.55:108][  0]LogDerivedDataCache: Display: Pak cache opened for reading ../../../Engine/DerivedDataCache/Compressed.ddp.
[2020.05.14-11.04.55:108][  0]LogDerivedDataCache: FDerivedDataBackendGraph:  EnterprisePak pak cache file ../../../Enterprise/DerivedDataCache/Compressed.ddp not found, will not use a pak cache.
[2020.05.14-11.04.55:108][  0]LogDerivedDataCache: Unable to find inner node EnterprisePak for hierarchical cache Hierarchy.
[2020.05.14-11.04.55:111][  0]LogDerivedDataCache: Using Local data cache path C:/Users/User/AppData/Local/UnrealEngine/Common/DerivedDataCache: Writable
[2020.05.14-11.04.55:112][  0]LogDerivedDataCache: Shared data cache path not found in *engine.ini, will not use an Shared cache.
[2020.05.14-11.04.55:112][  0]LogDerivedDataCache: Unable to find inner node Shared for hierarchical cache Hierarchy.
[2020.05.14-11.04.55:201][  0]LogMaterial: Verifying Global Shaders for PCD3D_SM5
[2020.05.14-11.04.55:250][  0]LogSlate: Using FreeType 2.6.0
[2020.05.14-11.04.55:331][  0]LogSlate: SlateFontServices - WITH_FREETYPE: 1, WITH_HARFBUZZ: 1
[2020.05.14-11.04.57:150][  0]LogAssetRegistry: FAssetRegistry took 0.0158 seconds to start up
[2020.05.14-11.05.02:804][  0]LogInit: Selected Device Profile: [Windows]
[2020.05.14-11.05.04:941][  0]LogMeshReduction: Using QuadricMeshReduction for automatic static mesh reduction
[2020.05.14-11.05.04:941][  0]LogMeshReduction: Using SimplygonMeshReduction for automatic skeletal mesh reduction
[2020.05.14-11.05.04:941][  0]LogMeshReduction: Using ProxyLODMeshReduction for automatic mesh merging
[2020.05.14-11.05.04:942][  0]LogMeshReduction: No distributed automatic mesh merging module available
[2020.05.14-11.05.04:942][  0]LogMeshMerging: No distributed automatic mesh merging module available
[2020.05.14-11.05.05:375][  0]LogNetVersion: SPACENESS 1.0.0, NetCL: 8386587, EngineNetVer: 11, GameNetVer: 0 (Checksum: 1790570028)
[2020.05.14-11.05.08:610][  0]LogPackageLocalizationCache: Processed 13 localized package path(s) for 1 prioritized culture(s) in 0.108933 seconds
[2020.05.14-11.05.08:653][  0]LogUObjectArray: 43469 objects as part of root set at end of initial load.
[2020.05.14-11.05.08:653][  0]LogUObjectAllocator: 7553416 out of 0 bytes used by permanent object pool.
[2020.05.14-11.05.08:653][  0]LogUObjectArray: CloseDisregardForGC: 0/0 objects in disregard for GC pool
[2020.05.14-11.05.18:272][  0]LogTcpMessaging: Initializing TcpMessaging bridge
[2020.05.14-11.05.18:302][  0]LogUdpMessaging: Initializing bridge on interface 0.0.0.0:0 to multicast group 230.0.0.1:6666.
[2020.05.14-11.05.18:907][  0]SourceControl: Source control is disabled
[2020.05.14-11.05.18:907][  0]SourceControl: Source control is disabled
[2020.05.14-11.05.19:013][  0]SourceControl: Source control is disabled
[2020.05.14-11.05.19:039][  0]SourceControl: Source control is disabled
[2020.05.14-11.05.20:474][  0]LogAndroidPermission: UAndroidPermissionCallbackProxy::GetInstance
[2020.05.14-11.05.21:415][  0]LogOcInput: OculusInput pre-init called
[2020.05.14-11.05.21:490][  0]LogWindows: Failed to load 'OVRPlugin.dll' (GetLastError=126)
[2020.05.14-11.05.21:490][  0]LogWindows: File 'OVRPlugin.dll' does not exist
[2020.05.14-11.05.22:460][  0]LogEngine: Initializing Engine...
[2020.05.14-11.05.22:467][  0]LogHMD: Failed to initialize OpenVR with code 100
[2020.05.14-11.05.22:471][  0]LogStats: UGameplayTagsManager::InitializeManager -  0.001 s
[2020.05.14-11.05.23:294][  0]LogInit: Initializing FReadOnlyCVARCache
[2020.05.14-11.05.23:664][  0]LogAIModule: Creating AISystem for world Untitled
[2020.05.14-11.05.23:927][  0]LogInit: XAudio2 using 'Динамики (Realtek High Definition Audio)' : 2 channels at 48 kHz using 32 bits per sample (channel mask 0x3)
[2020.05.14-11.05.24:004][  0]LogInit: FAudioDevice initialized.
[2020.05.14-11.05.24:076][  0]LogNetVersion: Set ProjectVersion to 1.0.0.0. Version Checksum will be recalculated on next use.
[2020.05.14-11.05.24:184][  0]LogDerivedDataCache: Saved boot cache 0.11s 83MB C:/Users/User/AppData/Local/UnrealEngine/4.23/DerivedDataCache/Boot.ddc.
[2020.05.14-11.05.24:200][  0]LogInit: Texture streaming: Enabled
[2020.05.14-11.05.24:441][  0]LogEngineSessionManager: EngineSessionManager initialized
[2020.05.14-11.05.24:445][  0]LogEditorSessionSummary: Verbose: Initializing EditorSessionSummaryWriter for editor session tracking
[2020.05.14-11.05.24:465][  0]LogEditorSessionSummary: EditorSessionSummaryWriter initialized
[2020.05.14-11.05.25:340][  0]LogInit: Transaction tracking system initialized
[2020.05.14-11.05.26:425][  0]BlueprintLog: New page: Editor Load
[2020.05.14-11.05.30:441][  0]LocalizationService: Localization service is disabled
[2020.05.14-11.05.36:138][  0]LogFileCache: Scanning file cache for directory 'D:/SPACENESS_GITHUB_PROJECT/spaceness_masha/spaceness/SPACENESS/Content/' took 0.09s
[2020.05.14-11.05.36:138][  0]LogCook: Display: Max memory allowance for cook 16384mb min free memory 0mb
[2020.05.14-11.05.36:139][  0]LogCook: Display: Mobile HDR setting 1
[2020.05.14-11.05.49:236][  0]SourceControl: Source control is disabled
[2020.05.14-11.05.49:333][  0]Cmd: MAP LOAD FILE="../../../../SPACENESS_GITHUB_PROJECT/spaceness_masha/spaceness/SPACENESS/Content/ThirdPersonBP/Maps/ThirdPersonExampleMap.umap" TEMPLATE=0 SHOWPROGRESS=1 FEATURELEVEL=3
[2020.05.14-11.05.49:336][  0]LightingResults: New page: Lighting Build
[2020.05.14-11.05.50:249][  0]LogWorld: UWorld::CleanupWorld for Untitled, bSessionEnded=true, bCleanupResources=true
[2020.05.14-11.05.50:319][  0]MapCheck: New page: Map Check
[2020.05.14-11.05.50:319][  0]LightingResults: New page: Lighting Build
[2020.05.14-11.05.51:511][  0]LogUObjectHash: Compacting FUObjectHashTables data took   2.71ms
[2020.05.14-11.05.55:684][  0]LogLinker: Warning: Unable to load PhysicsSerializer with outer InstancedStaticMeshComponent /Game/SimpleOM/Blueprints/BP_SimpleOrbitManagerBase.BP_SimpleOrbitManagerBase_C:OverflowOrbitInstancedMeshes_GEN_VARIABLE because its class does not exist
[2020.05.14-11.05.55:732][  0]LogLinker: Warning: Unable to load PhysicsSerializer with outer InstancedStaticMeshComponent /Game/SimpleOM/Blueprints/BP_SOMActorOrbit.BP_SOMActorOrbit_C:OverflowOrbitInstancedMeshes_GEN_VARIABLE because its class does not exist
[2020.05.14-11.06.09:960][  0]LogAIModule: Creating AISystem for world ThirdPersonExampleMap
[2020.05.14-11.06.11:044][  0]LogStreaming: Display: ULevelStreaming::RequestLevel(/Game/ThirdPersonBP/Maps/Station) is flushing async loading
[2020.05.14-11.06.11:044][  0]LogStreaming: Display: Flushing async loaders.
[2020.05.14-11.06.20:032][  0]LogEditorServer: Finished looking for orphan Actors (0.000 secs)
[2020.05.14-11.06.20:361][  0]LogUObjectHash: Compacting FUObjectHashTables data took   4.58ms
[2020.05.14-11.06.20:418][  0]Cmd: MAP CHECKDEP NOCLEARLOG
[2020.05.14-11.06.20:432][  0]MapCheck: Map check complete: 0 Error(s), 0 Warning(s), took 13,911ms to complete.
[2020.05.14-11.06.20:432][  0]LogFileHelpers: Loading map 'ThirdPersonExampleMap' took 31.157
[2020.05.14-11.06.22:780][  0]LogSlate: Updating window title bar state: overlay mode, drag disabled, window buttons hidden, title bar hidden
[2020.05.14-11.06.22:801][  0]LogSlate: Updating window title bar state: overlay mode, drag disabled, window buttons hidden, title bar hidden
[2020.05.14-11.06.22:813][  0]LogSlate: Updating window title bar state: overlay mode, drag disabled, window buttons hidden, title bar hidden
[2020.05.14-11.06.22:824][  0]LogSlate: Updating window title bar state: overlay mode, drag disabled, window buttons hidden, title bar hidden
[2020.05.14-11.06.23:002][  0]LogCollectionManager: Loaded 0 collections in 0.010456 seconds
[2020.05.14-11.06.23:200][  0]LogFileCache: Scanning file cache for directory 'D:/SPACENESS_GITHUB_PROJECT/spaceness_masha/spaceness/SPACENESS/Saved/Collections/' took 0.00s
[2020.05.14-11.06.23:200][  0]LogFileCache: Scanning file cache for directory 'D:/SPACENESS_GITHUB_PROJECT/spaceness_masha/spaceness/SPACENESS/Content/Developers/User/Collections/' took 0.00s
[2020.05.14-11.06.23:200][  0]LogFileCache: Scanning file cache for directory 'D:/SPACENESS_GITHUB_PROJECT/spaceness_masha/spaceness/SPACENESS/Content/Collections/' took 0.00s
[2020.05.14-11.06.23:200][  0]LogCollectionManager: Rebuilt the GUID cache for 0 collections in 0.000003 seconds
[2020.05.14-11.06.23:225][  0]LogContentBrowser: Native class hierarchy populated in 0.0215 seconds. Added 2999 classes and 698 folders.
[2020.05.14-11.06.23:436][  0]LogContentBrowser: Native class hierarchy updated for 'WidgetCarousel' in 0.0003 seconds. Added 0 classes and 0 folders.
[2020.05.14-11.06.24:284][  0]LogContentBrowser: Native class hierarchy updated for 'AddContentDialog' in 0.0004 seconds. Added 0 classes and 0 folders.
[2020.05.14-11.06.24:388][  0]LogContentBrowser: Native class hierarchy updated for 'SceneOutliner' in 0.0005 seconds. Added 1 classes and 2 folders.
[2020.05.14-11.06.25:522][  0]LogSlate: Took 0.026483 seconds to synchronously load lazily loaded font '../../../Engine/Content/Slate/Fonts/Roboto-Regular.ttf' (155K)
[2020.05.14-11.06.25:667][  0]LogSlate: Took 0.023046 seconds to synchronously load lazily loaded font '../../../Engine/Content/Slate/Fonts/Roboto-Bold.ttf' (160K)
[2020.05.14-11.06.25:763][  0]LogSlate: Took 0.012523 seconds to synchronously load lazily loaded font '../../../Engine/Content/Editor/Slate/Fonts/FontAwesome.ttf' (139K)
[2020.05.14-11.06.26:516][  0]LogRenderer: Reallocating scene render targets to support 1224x576 Format 9 NumSamples 1 (Frame:1).
[2020.05.14-11.06.27:679][  0]LogContentBrowser: Native class hierarchy updated for 'HierarchicalLODOutliner' in 0.0005 seconds. Added 0 classes and 0 folders.
[2020.05.14-11.06.27:680][  0]LogLoad: (Engine Initialization) Total time: 129.85 seconds
[2020.05.14-11.06.27:680][  0]LogLoad: (Engine Initialization) Total Blueprint compile time: 0.00 seconds
[2020.05.14-11.06.28:386][  0]LogContentStreaming: Texture pool size now 800 MB
[2020.05.14-11.06.28:680][  0]LogSlate: Took 0.020823 seconds to synchronously load lazily loaded font '../../../Engine/Content/Slate/Fonts/Roboto-Light.ttf' (167K)
[2020.05.14-11.06.28:968][  1]LogFileCache: Retrieving MD5 hashes for directory 'D:/SPACENESS_GITHUB_PROJECT/spaceness_masha/spaceness/SPACENESS/Content/' took 0.92s
[2020.05.14-11.06.29:455][  2]LogSlate: Took 0.000401 seconds to synchronously load lazily loaded font '../../../Engine/Content/Slate/Fonts/Roboto-Light.ttf' (167K)
[2020.05.14-11.06.33:150][ 46]LogAssetRegistry: Asset discovery search completed in 96.0123 seconds
[2020.05.14-11.06.33:190][ 46]LogCollectionManager: Rebuilt the object cache for 0 collections in 0.000016 seconds (found 0 objects)
[2020.05.14-11.06.33:190][ 46]LogCollectionManager: Fixed up redirectors for 0 collections in 0.000095 seconds (updated 0 objects)
[2020.05.14-11.07.27:936][209]LogEditorSessionSummary: EditorSessionSummary sent report. Type=Shutdown, SessionId={328B1BD6-4F9C-FDD3-71CE-D492B920D842}
[2020.05.14-11.12.23:354][ 88]LogWindowsTextInputMethodSystem: Display: IME system now deactivated.
[2020.05.14-11.12.23:355][ 88]LogWindowsTextInputMethodSystem: Display: IME system now deactivated.
[2020.05.14-11.15.14:193][925]LogSlate: FSceneViewport::OnFocusLost() reason 0
[2020.05.14-11.15.14:274][929]LogUObjectHash: Compacting FUObjectHashTables data took   0.96ms
[2020.05.14-11.15.14:480][929]LogSlate: Window 'SPACENESS - Unreal Editor' being destroyed
[2020.05.14-11.15.14:481][929]LogWindowsTextInputMethodSystem: Display: IME system now deactivated.
[2020.05.14-11.15.15:043][930]Cmd: QUIT_EDITOR
[2020.05.14-11.15.15:490][930]LogExit: Preparing to exit.
[2020.05.14-11.15.16:630][930]LogActorComponent: UnregisterComponent: (None.None) Not registered. Aborting.
[2020.05.14-11.15.16:630][930]LogActorComponent: UnregisterComponent: (None.None) Not registered. Aborting.
[2020.05.14-11.15.16:630][930]LogActorComponent: UnregisterComponent: (None.None) Not registered. Aborting.
[2020.05.14-11.15.16:630][930]LogActorComponent: UnregisterComponent: (None.None) Not registered. Aborting.
[2020.05.14-11.15.16:630][930]LogActorComponent: UnregisterComponent: (None.None) Not registered. Aborting.
[2020.05.14-11.15.16:630][930]LogActorComponent: UnregisterComponent: (None.None) Not registered. Aborting.
[2020.05.14-11.15.16:631][930]LogActorComponent: UnregisterComponent: (None.None) Not registered. Aborting.
[2020.05.14-11.15.16:631][930]LogWorld: UWorld::CleanupWorld for None, bSessionEnded=true, bCleanupResources=true
[2020.05.14-11.15.16:653][930]LogActorComponent: UnregisterComponent: (None.None) Not registered. Aborting.
[2020.05.14-11.15.16:654][930]LogActorComponent: UnregisterComponent: (None.None) Not registered. Aborting.
[2020.05.14-11.15.16:654][930]LogActorComponent: UnregisterComponent: (None.None) Not registered. Aborting.
[2020.05.14-11.15.16:654][930]LogActorComponent: UnregisterComponent: (None.None) Not registered. Aborting.
[2020.05.14-11.15.16:654][930]LogActorComponent: UnregisterComponent: (None.None) Not registered. Aborting.
[2020.05.14-11.15.16:654][930]LogActorComponent: UnregisterComponent: (None.None) Not registered. Aborting.
[2020.05.14-11.15.16:654][930]LogActorComponent: UnregisterComponent: (None.None) Not registered. Aborting.
[2020.05.14-11.15.16:654][930]LogWorld: UWorld::CleanupWorld for None, bSessionEnded=true, bCleanupResources=true
[2020.05.14-11.15.16:972][930]LogDemo: Cleaned up 0 splitscreen connections with owner deletion
[2020.05.14-11.15.17:366][930]LogExit: Editor shut down
[2020.05.14-11.15.17:367][930]LogExit: Transaction tracking system shut down
[2020.05.14-11.15.23:018][930]LogExit: Object subsystem successfully closed.
[2020.05.14-11.15.23:810][930]LogShaderCompilers: Display: Shaders left to compile 0
[2020.05.14-11.15.26:142][930]LogModuleManager: Shutting down and abandoning module HierarchicalLODOutliner (682)
[2020.05.14-11.15.26:142][930]LogModuleManager: Shutting down and abandoning module SceneOutliner (680)
[2020.05.14-11.15.26:142][930]LogModuleManager: Shutting down and abandoning module AddContentDialog (678)
[2020.05.14-11.15.26:169][930]LogModuleManager: Shutting down and abandoning module WidgetCarousel (677)
[2020.05.14-11.15.26:169][930]LogModuleManager: Shutting down and abandoning module EditorWidgets (674)
[2020.05.14-11.15.26:169][930]LogModuleManager: Shutting down and abandoning module CollectionManager (672)
[2020.05.14-11.15.26:169][930]LogModuleManager: Shutting down and abandoning module StatsViewer (670)
[2020.05.14-11.15.26:194][930]LogModuleManager: Shutting down and abandoning module VirtualTexturingEditor (668)
[2020.05.14-11.15.26:194][930]LogModuleManager: Shutting down and abandoning module FoliageEdit (666)
[2020.05.14-11.15.26:194][930]LogModuleManager: Shutting down and abandoning module LandscapeEditor (664)
[2020.05.14-11.15.26:410][930]LogModuleManager: Shutting down and abandoning module MeshPaintMode (662)
[2020.05.14-11.15.26:410][930]LogModuleManager: Shutting down and abandoning module SceneDepthPickerMode (660)
[2020.05.14-11.15.26:410][930]LogModuleManager: Shutting down and abandoning module ActorPickerMode (658)
[2020.05.14-11.15.26:410][930]LogModuleManager: Shutting down and abandoning module GeometryMode (656)
[2020.05.14-11.15.26:410][930]LogModuleManager: Shutting down and abandoning module TextureAlignMode (654)
[2020.05.14-11.15.26:410][930]LogModuleManager: Shutting down and abandoning module BspMode (652)
[2020.05.14-11.15.26:411][930]LogModuleManager: Shutting down and abandoning module PIEPreviewDeviceProfileSelector (650)
[2020.05.14-11.15.26:475][930]LogModuleManager: Shutting down and abandoning module SequenceRecorderSections (648)
[2020.05.14-11.15.26:476][930]LogModuleManager: Shutting down and abandoning module AutomationWorker (646)
[2020.05.14-11.15.26:476][930]LogModuleManager: Shutting down and abandoning module OculusMR (644)
[2020.05.14-11.15.26:476][930]LogModuleManager: Shutting down and abandoning module AudioCaptureEditor (642)
[2020.05.14-11.15.26:484][930]LogModuleManager: Shutting down and abandoning module MatineeToLevelSequence (640)
[2020.05.14-11.15.26:484][930]LogModuleManager: Shutting down and abandoning module LevelSequenceEditor (638)
[2020.05.14-11.15.26:697][930]LogModuleManager: Shutting down and abandoning module PlacementMode (637)
[2020.05.14-11.15.26:697][930]LogModuleManager: Shutting down and abandoning module MaterialEditor (636)
[2020.05.14-11.15.26:734][930]LogModuleManager: Shutting down and abandoning module ActorSequenceEditor (632)
[2020.05.14-11.15.26:793][930]LogModuleManager: Shutting down and abandoning module WmfMediaFactory (630)
[2020.05.14-11.15.26:794][930]LogModuleManager: Shutting down and abandoning module WmfMediaEditor (628)
[2020.05.14-11.15.26:794][930]LogModuleManager: Shutting down and abandoning module WebMMediaFactory (626)
[2020.05.14-11.15.26:794][930]LogModuleManager: Shutting down and abandoning module WebMMediaEditor (624)
[2020.05.14-11.15.26:794][930]LogModuleManager: Shutting down and abandoning module WebMMedia (622)
[2020.05.14-11.15.26:811][930]LogModuleManager: Shutting down and abandoning module MediaPlayerEditor (620)
[2020.05.14-11.15.26:855][930]LogModuleManager: Shutting down and abandoning module MediaCompositingEditor (618)
[2020.05.14-11.15.26:895][930]LogModuleManager: Shutting down and abandoning module SequenceRecorder (617)
[2020.05.14-11.15.26:895][930]LogModuleManager: Shutting down and abandoning module OpenExrWrapper (614)
[2020.05.14-11.15.26:895][930]LogModuleManager: Shutting down and abandoning module ImgMediaFactory (612)
[2020.05.14-11.15.26:895][930]LogModuleManager: Shutting down and abandoning module ImgMediaEditor (610)
[2020.05.14-11.15.26:895][930]LogModuleManager: Shutting down and abandoning module AvfMediaFactory (608)
[2020.05.14-11.15.26:896][930]LogModuleManager: Shutting down and abandoning module AvfMediaEditor (606)
[2020.05.14-11.15.26:896][930]LogModuleManager: Shutting down and abandoning module AndroidMediaFactory (604)
[2020.05.14-11.15.26:896][930]LogModuleManager: Shutting down and abandoning module AndroidMediaEditor (602)
[2020.05.14-11.15.26:896][930]LogModuleManager: Shutting down and abandoning module MagicLeapCameraPreviewFactory (600)
[2020.05.14-11.15.26:896][930]LogModuleManager: Shutting down and abandoning module MagicLeapMediaCodecFactory (598)
[2020.05.14-11.15.26:896][930]LogModuleManager: Shutting down and abandoning module MagicLeapMediaFactory (596)
[2020.05.14-11.15.26:896][930]LogModuleManager: Shutting down and abandoning module MagicLeapMediaEditor (594)
[2020.05.14-11.15.26:896][930]LogModuleManager: Shutting down and abandoning module CharacterAI (592)
[2020.05.14-11.15.26:896][930]LogModuleManager: Shutting down and abandoning module SmartSnapping (590)
[2020.05.14-11.15.26:896][930]LogModuleManager: Shutting down and abandoning module SessionServices (588)
[2020.05.14-11.15.26:896][930]LogModuleManager: Shutting down and abandoning module MeshPaint (586)
[2020.05.14-11.15.27:096][930]LogModuleManager: Shutting down and abandoning module ViewportSnapping (584)
[2020.05.14-11.15.27:096][930]LogModuleManager: Shutting down and abandoning module ViewportInteraction (582)
[2020.05.14-11.15.27:103][930]LogModuleManager: Shutting down and abandoning module ClothPainter (580)
[2020.05.14-11.15.27:125][930]LogModuleManager: Shutting down and abandoning module SkeletalMeshEditor (579)
[2020.05.14-11.15.27:176][930]LogModuleManager: Shutting down and abandoning module LogVisualizer (576)
[2020.05.14-11.15.27:192][930]LogModuleManager: Shutting down and abandoning module IntroTutorials (574)
[2020.05.14-11.15.27:193][930]LogModuleManager: Shutting down and abandoning module GameProjectGeneration (573)
[2020.05.14-11.15.27:330][930]LogModuleManager: Shutting down and abandoning module LuminPlatformEditor (570)
[2020.05.14-11.15.27:330][930]LogModuleManager: Shutting down and abandoning module IOSPlatformEditor (568)
[2020.05.14-11.15.27:365][930]LogModuleManager: Shutting down and abandoning module HTML5PlatformEditor (566)
[2020.05.14-11.15.27:365][930]LogModuleManager: Shutting down and abandoning module AndroidPlatformEditor (564)
[2020.05.14-11.15.27:365][930]LogModuleManager: Shutting down and abandoning module AndroidDeviceDetection (563)
[2020.05.14-11.15.27:524][930]LogModuleManager: Shutting down and abandoning module WindowsPlatformEditor (560)
[2020.05.14-11.15.27:524][930]LogModuleManager: Shutting down and abandoning module LuminRuntimeSettings (558)
[2020.05.14-11.15.27:524][930]LogModuleManager: Shutting down and abandoning module IOSRuntimeSettings (556)
[2020.05.14-11.15.27:524][930]LogModuleManager: Shutting down and abandoning module AndroidRuntimeSettings (554)
[2020.05.14-11.15.27:524][930]LogModuleManager: Shutting down and abandoning module TimeManagementEditor (552)
[2020.05.14-11.15.27:524][930]LogModuleManager: Shutting down and abandoning module InputBindingEditor (550)
[2020.05.14-11.15.27:679][930]LogModuleManager: Shutting down and abandoning module MergeActors (548)
[2020.05.14-11.15.27:742][930]LogModuleManager: Shutting down and abandoning module LocalizationDashboard (546)
[2020.05.14-11.15.27:752][930]LogModuleManager: Shutting down and abandoning module LocalizationService (545)
[2020.05.14-11.15.27:787][930]LogModuleManager: Shutting down and abandoning module HardwareTargeting (542)
[2020.05.14-11.15.27:787][930]LogModuleManager: Shutting down and abandoning module DeviceProfileEditor (540)
[2020.05.14-11.15.27:796][930]LogModuleManager: Shutting down and abandoning module UndoHistory (538)
[2020.05.14-11.15.27:799][930]LogModuleManager: Shutting down and abandoning module XmlParser (536)
[2020.05.14-11.15.27:811][930]LogModuleManager: Shutting down and abandoning module Blutility (534)
[2020.05.14-11.15.27:827][930]LogModuleManager: Shutting down and abandoning module ProjectSettingsViewer (532)
[2020.05.14-11.15.27:827][930]LogModuleManager: Shutting down and abandoning module ProjectTargetPlatformEditor (531)
[2020.05.14-11.15.27:827][930]LogModuleManager: Shutting down and abandoning module EditorSettingsViewer (528)
[2020.05.14-11.15.27:827][930]LogModuleManager: Shutting down and abandoning module SettingsEditor (526)
[2020.05.14-11.15.27:863][930]LogModuleManager: Shutting down and abandoning module ProjectLauncher (524)
[2020.05.14-11.15.27:872][930]LogModuleManager: Shutting down and abandoning module SessionFrontend (522)
[2020.05.14-11.15.27:956][930]LogModuleManager: Shutting down and abandoning module ProfilerClient (520)
[2020.05.14-11.15.27:964][930]LogModuleManager: Shutting down and abandoning module DeviceManager (518)
[2020.05.14-11.15.27:988][930]LogModuleManager: Shutting down and abandoning module TargetDeviceServices (517)
[2020.05.14-11.15.28:050][930]LogModuleManager: Shutting down and abandoning module AutomationController (514)
[2020.05.14-11.15.28:067][930]LogModuleManager: Shutting down and abandoning module AutomationWindow (512)
[2020.05.14-11.15.28:099][930]LogModuleManager: Shutting down and abandoning module Layers (510)
[2020.05.14-11.15.28:291][930]LogModuleManager: Shutting down and abandoning module ComponentVisualizers (508)
[2020.05.14-11.15.28:292][930]LogModuleManager: Shutting down and abandoning module DetailCustomizations (506)
[2020.05.14-11.15.28:309][930]LogModuleManager: Shutting down and abandoning module PackagesDialog (504)
[2020.05.14-11.15.28:335][930]LogModuleManager: Shutting down and abandoning module AnimationBlueprintEditor (502)
[2020.05.14-11.15.28:377][930]LogModuleManager: Shutting down and abandoning module Persona (500)
[2020.05.14-11.15.28:455][930]LogModuleManager: Shutting down and abandoning module AdvancedPreviewScene (499)
[2020.05.14-11.15.28:455][930]LogModuleManager: Shutting down and abandoning module AnimGraph (497)
[2020.05.14-11.15.28:455][930]LogModuleManager: Shutting down and abandoning module Kismet (494)
[2020.05.14-11.15.28:574][930]LogModuleManager: Shutting down and abandoning module KismetWidgets (493)
[2020.05.14-11.15.28:586][930]LogModuleManager: Shutting down and abandoning module GraphEditor (490)
[2020.05.14-11.15.28:631][930]LogModuleManager: Shutting down and abandoning module StructViewer (488)
[2020.05.14-11.15.28:631][930]LogModuleManager: Shutting down and abandoning module ClassViewer (486)
[2020.05.14-11.15.28:631][930]LogModuleManager: Shutting down and abandoning module Toolbox (484)
[2020.05.14-11.15.28:631][930]LogModuleManager: Shutting down and abandoning module ModuleUI (482)
[2020.05.14-11.15.28:682][930]LogModuleManager: Shutting down and abandoning module MovieSceneTools (480)
[2020.05.14-11.15.28:708][930]LogModuleManager: Shutting down and abandoning module OutputLog (478)
[2020.05.14-11.15.28:731][930]LogModuleManager: Shutting down and abandoning module GammaUI (476)
[2020.05.14-11.15.28:740][930]LogModuleManager: Shutting down and abandoning module Documentation (474)
[2020.05.14-11.15.28:740][930]LogModuleManager: Shutting down and abandoning module LiveCoding (472)
[2020.05.14-11.15.28:746][930]LogModuleManager: Shutting down and abandoning module LevelSequence (470)
[2020.05.14-11.15.28:746][930]LogModuleManager: Shutting down and abandoning module MovieSceneTracks (468)
[2020.05.14-11.15.28:746][930]LogModuleManager: Shutting down and abandoning module MovieScene (466)
[2020.05.14-11.15.28:774][930]LogModuleManager: Shutting down and abandoning module StreamingPauseRendering (464)
[2020.05.14-11.15.28:945][930]LogModuleManager: Shutting down and abandoning module LauncherPlatform (462)
[2020.05.14-11.15.28:945][930]LogModuleManager: Shutting down and abandoning module AnalyticsET (460)
[2020.05.14-11.15.28:945][930]LogModuleManager: Shutting down and abandoning module PortalServices (458)
[2020.05.14-11.15.28:945][930]LogModuleManager: Shutting down and abandoning module PortalRpc (456)
[2020.05.14-11.15.28:945][930]LogModuleManager: Shutting down and abandoning module MessagingRpc (454)
[2020.05.14-11.15.28:945][930]LogModuleManager: Shutting down and abandoning module AIModule (452)
[2020.05.14-11.15.28:949][930]LogModuleManager: Shutting down and abandoning module GameplayDebugger (451)
[2020.05.14-11.15.28:975][930]LogModuleManager: Shutting down and abandoning module AITestSuite (449)
[2020.05.14-11.15.28:975][930]LogModuleManager: Shutting down and abandoning module NavigationSystem (447)
[2020.05.14-11.15.28:975][930]LogModuleManager: Shutting down and abandoning module DesktopPlatform (444)
[2020.05.14-11.15.29:000][930]LogModuleManager: Shutting down and abandoning module ImageWriteQueue (442)
[2020.05.14-11.15.29:003][930]LogModuleManager: Shutting down and abandoning module ProfilerService (440)
[2020.05.14-11.15.29:062][930]LogModuleManager: Shutting down and abandoning module TaskGraph (438)
[2020.05.14-11.15.29:184][930]LogModuleManager: Shutting down and abandoning module ScreenshotTools (436)
[2020.05.14-11.15.29:184][930]LogModuleManager: Shutting down and abandoning module SteamVRController (434)
[2020.05.14-11.15.29:184][930]LogModuleManager: Shutting down and abandoning module ProceduralMeshComponentEditor (432)
[2020.05.14-11.15.29:184][930]LogModuleManager: Shutting down and abandoning module ProceduralMeshComponent (430)
[2020.05.14-11.15.29:205][930]LogModuleManager: Shutting down and abandoning module OculusEditor (428)
[2020.05.14-11.15.29:205][930]LogModuleManager: Shutting down and abandoning module OculusInput (426)
[2020.05.14-11.15.29:205][930]LogModuleManager: Shutting down and abandoning module MobilePatchingUtils (424)
[2020.05.14-11.15.29:205][930]LogModuleManager: Shutting down and abandoning module EditableMesh (422)
[2020.05.14-11.15.29:222][930]LogModuleManager: Shutting down and abandoning module CustomMeshComponent (420)
[2020.05.14-11.15.29:222][930]LogModuleManager: Shutting down and abandoning module CableComponent (418)
[2020.05.14-11.15.29:222][930]LogModuleManager: Shutting down and abandoning module AudioCapture (416)
[2020.05.14-11.15.29:222][930]LogModuleManager: Shutting down and abandoning module ArchVisCharacter (414)
[2020.05.14-11.15.29:222][930]LogModuleManager: Shutting down and abandoning module AppleImageUtilsBlueprintSupport (412)
[2020.05.14-11.15.29:222][930]LogModuleManager: Shutting down and abandoning module AppleImageUtils (410)
[2020.05.14-11.15.29:222][930]LogModuleManager: Shutting down and abandoning module AndroidPermission (408)
[2020.05.14-11.15.29:222][930]LogModuleManager: Shutting down and abandoning module NUTUnrealEngine4 (406)
[2020.05.14-11.15.29:261][930]LogModuleManager: Shutting down and abandoning module NetcodeUnitTest (404)
[2020.05.14-11.15.29:306][930]LogModuleManager: Shutting down and abandoning module MediaCompositing (402)
[2020.05.14-11.15.29:306][930]LogModuleManager: Shutting down and abandoning module ImgMedia (400)
[2020.05.14-11.15.29:321][930]LogModuleManager: Shutting down and abandoning module MagicLeapHelperVulkan (398)
[2020.05.14-11.15.29:321][930]LogModuleManager: Shutting down and abandoning module MagicLeapHelperOpenGL (396)
[2020.05.14-11.15.29:321][930]LogModuleManager: Shutting down and abandoning module MagicLeapAudio (394)
[2020.05.14-11.15.29:337][930]LogModuleManager: Shutting down and abandoning module NiagaraEditorWidgets (392)
[2020.05.14-11.15.29:364][930]LogModuleManager: Shutting down and abandoning module HTML5Networking (390)
[2020.05.14-11.15.29:364][930]LogModuleManager: Shutting down and abandoning module GeometryCacheTracks (388)
[2020.05.14-11.15.29:364][930]LogModuleManager: Shutting down and abandoning module GeometryCacheSequencer (386)
[2020.05.14-11.15.29:364][930]LogModuleManager: Shutting down and abandoning module BackChannel (384)
[2020.05.14-11.15.29:386][930]LogModuleManager: Shutting down and abandoning module AutomationUtilsEditor (382)
[2020.05.14-11.15.29:386][930]LogModuleManager: Shutting down and abandoning module AutomationUtils (380)
[2020.05.14-11.15.29:386][930]LogModuleManager: Shutting down and abandoning module AlembicImporter (378)
[2020.05.14-11.15.29:391][930]LogModuleManager: Shutting down and abandoning module AlembicLibrary (377)
[2020.05.14-11.15.29:391][930]LogModuleManager: Shutting down and abandoning module GeometryCache (376)
[2020.05.14-11.15.29:391][930]LogModuleManager: Shutting down and abandoning module GeometryCacheEd (375)
[2020.05.14-11.15.29:391][930]LogModuleManager: Shutting down and abandoning module VariantManagerContent (370)
[2020.05.14-11.15.29:391][930]LogModuleManager: Shutting down and abandoning module DatasmithContentEditor (368)
[2020.05.14-11.15.29:391][930]LogModuleManager: Shutting down and abandoning module SpeedTreeImporter (366)
[2020.05.14-11.15.29:391][930]LogModuleManager: Shutting down and abandoning module PluginBrowser (364)
[2020.05.14-11.15.29:519][930]LogModuleManager: Shutting down and abandoning module MobileLauncherProfileWizard (362)
[2020.05.14-11.15.29:523][930]LogModuleManager: Shutting down and abandoning module MaterialAnalyzer (360)
[2020.05.14-11.15.29:529][930]LogModuleManager: Shutting down and abandoning module CurveEditorTools (358)
[2020.05.14-11.15.29:544][930]LogModuleManager: Shutting down and abandoning module CurveEditor (357)
[2020.05.14-11.15.29:574][930]LogModuleManager: Shutting down and abandoning module CryptoKeysOpenSSL (354)
[2020.05.14-11.15.29:574][930]LogModuleManager: Shutting down and abandoning module CryptoKeys (352)
[2020.05.14-11.15.29:574][930]LogModuleManager: Shutting down and abandoning module VisualStudioSourceCodeAccess (350)
[2020.05.14-11.15.29:601][930]LogModuleManager: Shutting down and abandoning module VisualStudioCodeSourceCodeAccess (348)
[2020.05.14-11.15.29:601][930]LogModuleManager: Shutting down and abandoning module UObjectPlugin (346)
[2020.05.14-11.15.29:601][930]LogModuleManager: Shutting down and abandoning module SubversionSourceControl (344)
[2020.05.14-11.15.29:608][930]LogModuleManager: Shutting down and abandoning module PerforceSourceControl (342)
[2020.05.14-11.15.29:651][930]LogModuleManager: Shutting down and abandoning module GitSourceControl (340)
[2020.05.14-11.15.29:677][930]LogModuleManager: Shutting down and abandoning module SourceControl (339)
[2020.05.14-11.15.29:677][930]LogModuleManager: Shutting down and abandoning module CLionSourceCodeAccess (336)
[2020.05.14-11.15.29:677][930]LogModuleManager: Shutting down and abandoning module AnimationSharingEd (334)
[2020.05.14-11.15.29:678][930]LogModuleManager: Shutting down and abandoning module ActorLayerUtilitiesEditor (332)
[2020.05.14-11.15.29:678][930]LogModuleManager: Shutting down and abandoning module ActorLayerUtilities (330)
[2020.05.14-11.15.29:678][930]LogModuleManager: Shutting down and abandoning module LightPropagationVolumeEditor (328)
[2020.05.14-11.15.29:678][930]LogModuleManager: Shutting down and abandoning module PaperTiledImporter (326)
[2020.05.14-11.15.29:678][930]LogModuleManager: Shutting down and abandoning module PaperSpriteSheetImporter (324)
[2020.05.14-11.15.29:678][930]LogModuleManager: Shutting down and abandoning module Paper2DEditor (322)
[2020.05.14-11.15.29:924][930]LogModuleManager: Shutting down and abandoning module SignificanceManager (320)
[2020.05.14-11.15.29:924][930]LogModuleManager: Shutting down and abandoning module RuntimePhysXCooking (318)
[2020.05.14-11.15.29:924][930]LogModuleManager: Shutting down and abandoning module PhysXVehiclesEditor (316)
[2020.05.14-11.15.29:924][930]LogModuleManager: Shutting down and abandoning module LocationServicesBPLibrary (312)
[2020.05.14-11.15.29:924][930]LogModuleManager: Shutting down and abandoning module ActorSequence (310)
[2020.05.14-11.15.29:924][930]LogModuleManager: Shutting down and abandoning module UdpMessaging (308)
[2020.05.14-11.15.30:026][930]LogModuleManager: Shutting down and abandoning module TcpMessaging (306)
[2020.05.14-11.15.30:165][930]LogModuleManager: Shutting down and abandoning module MagicLeapIdentity (304)
[2020.05.14-11.15.30:165][930]LogModuleManager: Shutting down and abandoning module MagicLeapSecureStorage (302)
[2020.05.14-11.15.30:165][930]LogModuleManager: Shutting down and abandoning module MagicLeapHandTracking (300)
[2020.05.14-11.15.30:232][930]LogModuleManager: Shutting down and abandoning module MagicLeapEyeTracker (298)
[2020.05.14-11.15.30:232][930]LogModuleManager: Shutting down and abandoning module MagicLeapController (296)
[2020.05.14-11.15.30:241][930]LogSlate: Slate User Destroyed.  User Index 0, Is Virtual User: 0
[2020.05.14-11.15.30:241][930]LogModuleManager: Shutting down and abandoning module MagicLeapAR (294)
[2020.05.14-11.15.30:241][930]LogModuleManager: Shutting down and abandoning module AugmentedReality (293)
[2020.05.14-11.15.30:241][930]LogModuleManager: Shutting down and abandoning module NiagaraEditor (290)
[2020.05.14-11.15.30:270][930]LogModuleManager: Shutting down and abandoning module NiagaraAnimNotifies (288)
[2020.05.14-11.15.30:270][930]LogModuleManager: Shutting down and abandoning module Niagara (286)
[2020.05.14-11.15.30:294][930]LogModuleManager: Shutting down and abandoning module NiagaraCore (284)
[2020.05.14-11.15.30:294][930]LogModuleManager: Shutting down and abandoning module GameplayTagsEditor (282)
[2020.05.14-11.15.30:300][930]LogModuleManager: Shutting down and abandoning module FacialAnimationEditor (280)
[2020.05.14-11.15.30:300][930]LogModuleManager: Shutting down and abandoning module FacialAnimation (278)
[2020.05.14-11.15.30:300][930]LogModuleManager: Shutting down and abandoning module DataValidation (276)
[2020.05.14-11.15.30:311][930]LogModuleManager: Shutting down and abandoning module AssetManagerEditor (274)
[2020.05.14-11.15.30:373][930]LogModuleManager: Shutting down and abandoning module LevelEditor (273)
[2020.05.14-11.15.30:489][930]LogModuleManager: Shutting down and abandoning module PixelInspectorModule (272)
[2020.05.14-11.15.30:510][930]LogModuleManager: Shutting down and abandoning module CommonMenuExtensions (270)
[2020.05.14-11.15.30:510][930]LogModuleManager: Shutting down and abandoning module MainFrame (268)
[2020.05.14-11.15.30:511][930]LogModuleManager: Shutting down and abandoning module HotReload (267)
[2020.05.14-11.15.30:518][930]LogModuleManager: Shutting down and abandoning module ContentBrowser (263)
[2020.05.14-11.15.30:520][930]LogModuleManager: Shutting down and abandoning module TreeMap (261)
[2020.05.14-11.15.30:535][930]LogModuleManager: Shutting down and abandoning module AnimationSharing (258)
[2020.05.14-11.15.30:535][930]LogModuleManager: Shutting down and abandoning module LightPropagationVolumeRuntime (256)
[2020.05.14-11.15.30:535][930]LogModuleManager: Shutting down and abandoning module Paper2D (254)
[2020.05.14-11.15.30:543][930]LogModuleManager: Shutting down and abandoning module WindowsMoviePlayer (252)
[2020.05.14-11.15.30:551][930]LogModuleManager: Shutting down and abandoning module WebMMoviePlayer (250)
[2020.05.14-11.15.30:582][930]LogModuleManager: Shutting down and abandoning module NetworkReplayStreaming (248)
[2020.05.14-11.15.30:582][930]LogModuleManager: Shutting down and abandoning module PacketHandler (246)
[2020.05.14-11.15.30:582][930]LogModuleManager: Shutting down and abandoning module ClothingSystemEditor (244)
[2020.05.14-11.15.30:582][930]LogModuleManager: Shutting down and abandoning module ClothingSystemRuntime (242)
[2020.05.14-11.15.30:595][930]LogModuleManager: Shutting down and abandoning module MediaAssets (240)
[2020.05.14-11.15.30:595][930]LogModuleManager: Shutting down and abandoning module Overlay (238)
[2020.05.14-11.15.30:596][930]LogModuleManager: Shutting down and abandoning module OverlayEditor (237)
[2020.05.14-11.15.30:596][930]LogModuleManager: Shutting down and abandoning module VREditor (234)
[2020.05.14-11.15.30:655][930]LogModuleManager: Shutting down and abandoning module StringTableEditor (232)
[2020.05.14-11.15.30:778][930]LogModuleManager: Shutting down and abandoning module GameplayTasksEditor (230)
[2020.05.14-11.15.30:779][930]LogModuleManager: Shutting down and abandoning module BehaviorTreeEditor (228)
[2020.05.14-11.15.30:801][930]LogModuleManager: Shutting down and abandoning module FunctionalTesting (226)
[2020.05.14-11.15.30:838][930]LogModuleManager: Shutting down and abandoning module CollisionAnalyzer (224)
[2020.05.14-11.15.30:869][930]LogModuleManager: Shutting down and abandoning module WorkspaceMenuStructure (223)
[2020.05.14-11.15.30:878][930]LogModuleManager: Shutting down and abandoning module UMG (220)
[2020.05.14-11.15.30:883][930]LogModuleManager: Shutting down and abandoning module UMGEditor (219)
[2020.05.14-11.15.30:908][930]LogModuleManager: Shutting down and abandoning module Sequencer (218)
[2020.05.14-11.15.30:977][930]LogModuleManager: Shutting down and abandoning module MessageLog (215)
[2020.05.14-11.15.30:977][930]LogModuleManager: Shutting down and abandoning module SlateReflector (210)
[2020.05.14-11.15.31:113][930]LogModuleManager: Shutting down and abandoning module Slate (208)
[2020.05.14-11.15.31:113][930]LogModuleManager: Shutting down and abandoning module LandscapeEditorUtilities (206)
[2020.05.14-11.15.31:113][930]LogModuleManager: Shutting down and abandoning module EditorStyle (204)
[2020.05.14-11.15.31:115][930]LogModuleManager: Shutting down and abandoning module UnrealEd (202)
[2020.05.14-11.15.31:132][930]LogModuleManager: Shutting down and abandoning module MRMesh (200)
[2020.05.14-11.15.31:132][930]LogModuleManager: Shutting down and abandoning module SourceCodeAccess (198)
[2020.05.14-11.15.31:132][930]LogModuleManager: Shutting down and abandoning module HeadMountedDisplay (196)
[2020.05.14-11.15.31:132][930]LogModuleManager: Shutting down and abandoning module XAudio2 (194)
[2020.05.14-11.15.31:132][930]LogModuleManager: Shutting down and abandoning module Networking (192)
[2020.05.14-11.15.31:132][930]LogModuleManager: Shutting down and abandoning module Core (190)
[2020.05.14-11.15.31:132][930]LogModuleManager: Shutting down and abandoning module KismetCompiler (188)
[2020.05.14-11.15.31:132][930]LogModuleManager: Shutting down and abandoning module MeshUtilities (186)
[2020.05.14-11.15.31:132][930]LogModuleManager: Shutting down and abandoning module MeshMergeUtilities (185)
[2020.05.14-11.15.31:153][930]LogModuleManager: Shutting down and abandoning module MeshReductionInterface (184)
[2020.05.14-11.15.31:153][930]LogModuleManager: Shutting down and abandoning module SkeletalMeshReduction (183)
[2020.05.14-11.15.31:163][930]LogModuleManager: Shutting down and abandoning module ProxyLODMeshReduction (181)
[2020.05.14-11.15.31:222][930]LogModuleManager: Shutting down and abandoning module QuadricMeshReduction (179)
[2020.05.14-11.15.31:251][930]LogModuleManager: Shutting down and abandoning module MaterialBaking (175)
[2020.05.14-11.15.31:255][930]LogModuleManager: Shutting down and abandoning module NullInstallBundleManager (170)
[2020.05.14-11.15.31:255][930]LogModuleManager: Shutting down and abandoning module DerivedDataCache (168)
[2020.05.14-11.15.31:296][930]LogDerivedDataCache: Shutdown
[2020.05.14-11.15.31:296][930]LogModuleManager: Shutting down and abandoning module XGEController (166)
[2020.05.14-11.15.31:296][930]LogXGEController: Cleaning working directory: C:/Users/User/AppData/Local/Temp/UnrealXGEWorkingDir/
[2020.05.14-11.15.31:401][930]LogModuleManager: Shutting down and abandoning module TargetPlatform (164)
[2020.05.14-11.15.31:411][930]LogModuleManager: Shutting down and abandoning module VulkanShaderFormat (163)
[2020.05.14-11.15.31:426][930]LogModuleManager: Shutting down and abandoning module ShaderFormatVectorVM (161)
[2020.05.14-11.15.31:447][930]LogModuleManager: Shutting down and abandoning module ShaderFormatOpenGL (159)
[2020.05.14-11.15.31:465][930]LogModuleManager: Shutting down and abandoning module ShaderFormatD3D (157)
[2020.05.14-11.15.31:470][930]LogModuleManager: Shutting down and abandoning module MetalShaderFormat (155)
[2020.05.14-11.15.31:486][930]LogModuleManager: Shutting down and abandoning module TextureFormatUncompressed (153)
[2020.05.14-11.15.31:486][930]LogModuleManager: Shutting down and abandoning module TextureFormatPVR (151)
[2020.05.14-11.15.31:486][930]LogModuleManager: Shutting down and abandoning module TextureFormatDXT (149)
[2020.05.14-11.15.31:515][930]LogModuleManager: Shutting down and abandoning module TextureFormatIntelISPCTexComp (147)
[2020.05.14-11.15.31:516][930]LogModuleManager: Shutting down and abandoning module TextureFormatASTC (145)
[2020.05.14-11.15.31:516][930]LogModuleManager: Shutting down and abandoning module ImageWrapper (144)
[2020.05.14-11.15.31:516][930]LogModuleManager: Shutting down and abandoning module TextureFormatAndroid (141)
[2020.05.14-11.15.31:516][930]LogModuleManager: Shutting down and abandoning module AudioFormatOpus (139)
[2020.05.14-11.15.31:525][930]LogModuleManager: Shutting down and abandoning module AudioFormatOgg (137)
[2020.05.14-11.15.31:525][930]LogModuleManager: Shutting down and abandoning module AudioFormatADPCM (135)
[2020.05.14-11.15.31:525][930]LogModuleManager: Shutting down and abandoning module LuminTargetPlatform (133)
[2020.05.14-11.15.31:565][930]LogModuleManager: Shutting down and abandoning module LinuxTargetPlatform (131)
[2020.05.14-11.15.31:565][930]LogModuleManager: Shutting down and abandoning module LinuxServerTargetPlatform (129)
[2020.05.14-11.15.31:575][930]LogModuleManager: Shutting down and abandoning module LinuxNoEditorTargetPlatform (127)
[2020.05.14-11.15.31:594][930]LogModuleManager: Shutting down and abandoning module LinuxClientTargetPlatform (125)
[2020.05.14-11.15.31:595][930]LogModuleManager: Shutting down and abandoning module TVOSTargetPlatform (123)
[2020.05.14-11.15.31:596][930]LogModuleManager: Shutting down and abandoning module Messaging (121)
[2020.05.14-11.15.31:596][930]LogModuleManager: Shutting down and abandoning module IOSTargetPlatform (119)
[2020.05.14-11.15.31:597][930]LogModuleManager: Shutting down and abandoning module HTML5TargetPlatform (117)
[2020.05.14-11.15.31:597][930]LogModuleManager: Shutting down and abandoning module AndroidTargetPlatform (115)
[2020.05.14-11.15.31:607][930]LogModuleManager: Shutting down and abandoning module WindowsTargetPlatform (113)
[2020.05.14-11.15.31:607][930]LogModuleManager: Shutting down and abandoning module WindowsServerTargetPlatform (111)
[2020.05.14-11.15.31:607][930]LogModuleManager: Shutting down and abandoning module WindowsNoEditorTargetPlatform (109)
[2020.05.14-11.15.31:607][930]LogModuleManager: Shutting down and abandoning module WindowsClientTargetPlatform (107)
[2020.05.14-11.15.31:608][930]LogModuleManager: Shutting down and abandoning module MacTargetPlatform (105)
[2020.05.14-11.15.31:608][930]LogModuleManager: Shutting down and abandoning module MacServerTargetPlatform (103)
[2020.05.14-11.15.31:608][930]LogModuleManager: Shutting down and abandoning module MacNoEditorTargetPlatform (101)
[2020.05.14-11.15.31:608][930]LogModuleManager: Shutting down and abandoning module MacClientTargetPlatform (99)
[2020.05.14-11.15.31:608][930]LogModuleManager: Shutting down and abandoning module AllDesktopTargetPlatform (97)
[2020.05.14-11.15.31:608][930]LogModuleManager: Shutting down and abandoning module InputCore (94)
[2020.05.14-11.15.31:608][930]LogModuleManager: Shutting down and abandoning module Settings (92)
[2020.05.14-11.15.31:608][930]LogModuleManager: Shutting down and abandoning module DirectoryWatcher (90)
[2020.05.14-11.15.31:608][930]LogModuleManager: Shutting down and abandoning module PhysXCooking (88)
[2020.05.14-11.15.31:608][930]LogModuleManager: Shutting down and abandoning module WindowsPlatformFeatures (86)
[2020.05.14-11.15.31:608][930]LogModuleManager: Shutting down and abandoning module GameplayMediaEncoder (85)
[2020.05.14-11.15.31:720][930]LogModuleManager: Shutting down and abandoning module SteamVR (82)
[2020.05.14-11.15.31:749][930]LogHMD: Freeing OpenVRDLLHandle.
[2020.05.14-11.15.31:749][930]LogModuleManager: Shutting down and abandoning module OculusHMD (80)
[2020.05.14-11.15.31:754][930]LogModuleManager: Shutting down and abandoning module ExampleDeviceProfileSelector (78)
[2020.05.14-11.15.31:754][930]LogModuleManager: Shutting down and abandoning module LauncherChunkInstaller (76)
[2020.05.14-11.15.31:754][930]LogModuleManager: Shutting down and abandoning module OnlineBlueprintSupport (74)
[2020.05.14-11.15.31:754][930]LogModuleManager: Shutting down and abandoning module OnlineSubsystem (70)
[2020.05.14-11.15.31:789][930]LogModuleManager: Shutting down and abandoning module XMPP (65)
[2020.05.14-11.15.31:847][930]LogModuleManager: Shutting down and abandoning module WebSockets (64)
[2020.05.14-11.15.32:061][930]LogModuleManager: Shutting down and abandoning module HTTP (61)
[2020.05.14-11.15.32:061][930]LogHttp: Display: Http module shutting down, but needs to wait on 1 outstanding Http requests:
[2020.05.14-11.15.32:061][930]LogHttp: Display: 	verb=[POST] url=[https://datarouter.ol.epicgames.com/datarouter/api/v1/public/data?SessionID=%7B1197C323-4D23-8123-C719-6B8D1FB07E6F%7D&AppID=UEEditor.Rocket.Release&AppVersion=4.23.1-9631420%2B%2B%2BUE4%2BRelease-4.23&UserID=1c304c98454f9cc385078ea60c483d54%7C7f61e907020a43e3881493a44e49aeda%7C2fc6d01a-d614-4dda-8e56-a6e0ccdacfc7&AppEnvironment=datacollector-binary&UploadType=eteventstream] status=Processing
[2020.05.14-11.15.32:082][930]LogModuleManager: Shutting down and abandoning module SSL (60)
[2020.05.14-11.15.32:086][930]LogModuleManager: Shutting down and abandoning module WmfMedia (56)
[2020.05.14-11.15.32:155][930]LogModuleManager: Shutting down and abandoning module Media (55)
[2020.05.14-11.15.32:156][930]LogModuleManager: Shutting down and abandoning module MagicLeap (52)
[2020.05.14-11.15.32:174][930]LogModuleManager: Shutting down and abandoning module NiagaraVertexFactories (50)
[2020.05.14-11.15.32:174][930]LogModuleManager: Shutting down and abandoning module NiagaraShader (48)
[2020.05.14-11.15.32:174][930]LogModuleManager: Shutting down and abandoning module DatasmithContent (46)
[2020.05.14-11.15.32:175][930]LogModuleManager: Shutting down and abandoning module AISupportModule (44)
[2020.05.14-11.15.32:175][930]LogModuleManager: Shutting down and abandoning module PlatformCryptoOpenSSL (42)
[2020.05.14-11.15.32:179][930]LogModuleManager: Shutting down and abandoning module PlatformCrypto (40)
[2020.05.14-11.15.32:179][930]LogModuleManager: Shutting down and abandoning module AnimationModifiers (38)
[2020.05.14-11.15.32:199][930]LogModuleManager: Shutting down and abandoning module PropertyEditor (37)
[2020.05.14-11.15.32:380][930]LogModuleManager: Shutting down and abandoning module AudioEditor (34)
[2020.05.14-11.15.32:490][930]LogModuleManager: Shutting down and abandoning module TextureCompressor (32)
[2020.05.14-11.15.32:508][930]LogModuleManager: Shutting down and abandoning module RenderCore (30)
[2020.05.14-11.15.32:508][930]LogModuleManager: Shutting down and abandoning module Landscape (28)
[2020.05.14-11.15.32:508][930]LogModuleManager: Shutting down and abandoning module SlateRHIRenderer (26)
[2020.05.14-11.15.32:545][930]LogModuleManager: Shutting down and abandoning module OpenGLDrv (24)
[2020.05.14-11.15.32:640][930]LogModuleManager: Shutting down and abandoning module D3D11RHI (22)
[2020.05.14-11.15.32:641][930]LogModuleManager: Shutting down and abandoning module AnimGraphRuntime (20)
[2020.05.14-11.15.32:665][930]LogModuleManager: Shutting down and abandoning module Renderer (18)
[2020.05.14-11.15.32:666][930]LogModuleManager: Shutting down and abandoning module Engine (16)
[2020.05.14-11.15.32:666][930]LogModuleManager: Shutting down and abandoning module CoreUObject (14)
[2020.05.14-11.15.32:666][930]LogModuleManager: Shutting down and abandoning module NetworkFile (12)
[2020.05.14-11.15.32:666][930]LogModuleManager: Shutting down and abandoning module CookedIterativeFile (10)
[2020.05.14-11.15.32:666][930]LogModuleManager: Shutting down and abandoning module StreamingFile (8)
[2020.05.14-11.15.32:666][930]LogModuleManager: Shutting down and abandoning module SandboxFile (6)
[2020.05.14-11.15.32:666][930]LogModuleManager: Shutting down and abandoning module PakFile (4)
[2020.05.14-11.15.32:675][930]LogModuleManager: Shutting down and abandoning module RSA (3)
[2020.05.14-11.15.32:696][930]LogD3D11RHI: Shutdown
[2020.05.14-11.15.32:711][930]LogD3D11RHI: CleanupD3DDevice
[2020.05.14-11.15.32:765][930]LogRendererCore: FGlobalDynamicReadBuffer::Cleanup()
[2020.05.14-11.15.32:770][930]LogRendererCore: FGlobalDynamicReadBuffer::Cleanup()
[2020.05.14-11.15.32:770][930]LogRendererCore: FGlobalDynamicReadBuffer::Cleanup()
[2020.05.14-11.15.32:866][930]LogD3D11RHI: ~FD3D11DynamicRHI
[2020.05.14-11.15.32:996][930]LogExit: Exiting.
[2020.05.14-11.15.33:040][930]Log file closed, 05/14/20 14:15:33
